running develop
running egg_info
creating twist2tf2_pkg_nea.egg-info
writing twist2tf2_pkg_nea.egg-info/PKG-INFO
writing dependency_links to twist2tf2_pkg_nea.egg-info/dependency_links.txt
writing entry points to twist2tf2_pkg_nea.egg-info/entry_points.txt
writing requirements to twist2tf2_pkg_nea.egg-info/requires.txt
writing top-level names to twist2tf2_pkg_nea.egg-info/top_level.txt
writing manifest file 'twist2tf2_pkg_nea.egg-info/SOURCES.txt'
reading manifest file 'twist2tf2_pkg_nea.egg-info/SOURCES.txt'
writing manifest file 'twist2tf2_pkg_nea.egg-info/SOURCES.txt'
running build_ext
Creating /home/user1/ros2_ws_2502/install/twist2tf2_pkg_nea/lib/python3.10/site-packages/twist2tf2-pkg-nea.egg-link (link to .)

Installed /home/user1/ros2_ws_2502/build/twist2tf2_pkg_nea
running symlink_data
creating /home/user1/ros2_ws_2502/install/twist2tf2_pkg_nea/share/ament_index
creating /home/user1/ros2_ws_2502/install/twist2tf2_pkg_nea/share/ament_index/resource_index
creating /home/user1/ros2_ws_2502/install/twist2tf2_pkg_nea/share/ament_index/resource_index/packages
symbolically linking /home/user1/ros2_ws_2502/build/twist2tf2_pkg_nea/resource/twist2tf2_pkg_nea -> /home/user1/ros2_ws_2502/install/twist2tf2_pkg_nea/share/ament_index/resource_index/packages
symbolically linking /home/user1/ros2_ws_2502/build/twist2tf2_pkg_nea/package.xml -> /home/user1/ros2_ws_2502/install/twist2tf2_pkg_nea/share/twist2tf2_pkg_nea
