running develop
Removing /home/user1/ros2_ws_2502/install/twist2tf2_pkg_nea/lib/python3.10/site-packages/twist2tf2-pkg-nea.egg-link (link to .)
running egg_info
writing ../../build/twist2tf2_pkg_nea/twist2tf2_pkg_nea.egg-info/PKG-INFO
writing dependency_links to ../../build/twist2tf2_pkg_nea/twist2tf2_pkg_nea.egg-info/dependency_links.txt
writing entry points to ../../build/twist2tf2_pkg_nea/twist2tf2_pkg_nea.egg-info/entry_points.txt
writing requirements to ../../build/twist2tf2_pkg_nea/twist2tf2_pkg_nea.egg-info/requires.txt
writing top-level names to ../../build/twist2tf2_pkg_nea/twist2tf2_pkg_nea.egg-info/top_level.txt
reading manifest file '../../build/twist2tf2_pkg_nea/twist2tf2_pkg_nea.egg-info/SOURCES.txt'
writing manifest file '../../build/twist2tf2_pkg_nea/twist2tf2_pkg_nea.egg-info/SOURCES.txt'
running build
running build_py
creating /home/user1/ros2_ws_2502/build/twist2tf2_pkg_nea/build
creating /home/user1/ros2_ws_2502/build/twist2tf2_pkg_nea/build/lib
creating /home/user1/ros2_ws_2502/build/twist2tf2_pkg_nea/build/lib/twist2tf2_pkg_nea
copying twist2tf2_pkg_nea/__init__.py -> /home/user1/ros2_ws_2502/build/twist2tf2_pkg_nea/build/lib/twist2tf2_pkg_nea
copying twist2tf2_pkg_nea/twist2tf2_node_nea.py -> /home/user1/ros2_ws_2502/build/twist2tf2_pkg_nea/build/lib/twist2tf2_pkg_nea
running install
running install_lib
creating /home/user1/ros2_ws_2502/install/twist2tf2_pkg_nea/lib/python3.10/site-packages/twist2tf2_pkg_nea
copying /home/user1/ros2_ws_2502/build/twist2tf2_pkg_nea/build/lib/twist2tf2_pkg_nea/__init__.py -> /home/user1/ros2_ws_2502/install/twist2tf2_pkg_nea/lib/python3.10/site-packages/twist2tf2_pkg_nea
copying /home/user1/ros2_ws_2502/build/twist2tf2_pkg_nea/build/lib/twist2tf2_pkg_nea/twist2tf2_node_nea.py -> /home/user1/ros2_ws_2502/install/twist2tf2_pkg_nea/lib/python3.10/site-packages/twist2tf2_pkg_nea
byte-compiling /home/user1/ros2_ws_2502/install/twist2tf2_pkg_nea/lib/python3.10/site-packages/twist2tf2_pkg_nea/__init__.py to __init__.cpython-310.pyc
byte-compiling /home/user1/ros2_ws_2502/install/twist2tf2_pkg_nea/lib/python3.10/site-packages/twist2tf2_pkg_nea/twist2tf2_node_nea.py to twist2tf2_node_nea.cpython-310.pyc
running install_data
copying resource/twist2tf2_pkg_nea -> /home/user1/ros2_ws_2502/install/twist2tf2_pkg_nea/share/ament_index/resource_index/packages
copying package.xml -> /home/user1/ros2_ws_2502/install/twist2tf2_pkg_nea/share/twist2tf2_pkg_nea
running install_egg_info
Copying ../../build/twist2tf2_pkg_nea/twist2tf2_pkg_nea.egg-info to /home/user1/ros2_ws_2502/install/twist2tf2_pkg_nea/lib/python3.10/site-packages/twist2tf2_pkg_nea-0.0.0-py3.10.egg-info
running install_scripts
Installing twist2tf2_node_nea script to /home/user1/ros2_ws_2502/install/twist2tf2_pkg_nea/lib/twist2tf2_pkg_nea
writing list of installed files to '/home/user1/ros2_ws_2502/build/twist2tf2_pkg_nea/install.log'
