[2.163s] Invoking command in '/home/user1/ros2_ws_2502/build/twist2tf2_pkg_nea': PYTHONPATH=/home/user1/ros2_ws_2502/build/twist2tf2_pkg_nea/prefix_override:/usr/lib/python3/dist-packages/colcon_core/task/python/colcon_distutils_commands:/home/user1/ros2_ws_2502/install/twist2tf2_pkg_nea/lib/python3.10/site-packages:${PYTHONPATH} /usr/bin/python3 -W ignore:setup.py install is deprecated -W ignore:easy_install command is deprecated setup.py develop --uninstall --editable --build-directory /home/user1/ros2_ws_2502/build/twist2tf2_pkg_nea/build
[2.456s] running develop
[2.653s] Removing /home/user1/ros2_ws_2502/install/twist2tf2_pkg_nea/lib/python3.10/site-packages/twist2tf2-pkg-nea.egg-link (link to .)
[2.701s] Invoked command in '/home/user1/ros2_ws_2502/build/twist2tf2_pkg_nea' returned '0': PYTHONPATH=/home/user1/ros2_ws_2502/build/twist2tf2_pkg_nea/prefix_override:/usr/lib/python3/dist-packages/colcon_core/task/python/colcon_distutils_commands:/home/user1/ros2_ws_2502/install/twist2tf2_pkg_nea/lib/python3.10/site-packages:${PYTHONPATH} /usr/bin/python3 -W ignore:setup.py install is deprecated -W ignore:easy_install command is deprecated setup.py develop --uninstall --editable --build-directory /home/user1/ros2_ws_2502/build/twist2tf2_pkg_nea/build
[2.705s] Invoking command in '/home/user1/ros2_ws_2502/src/twist2tf2_pkg_nea': PYTHONPATH=/home/user1/ros2_ws_2502/build/twist2tf2_pkg_nea/prefix_override:/usr/lib/python3/dist-packages/colcon_core/task/python/colcon_distutils_commands:/home/user1/ros2_ws_2502/install/twist2tf2_pkg_nea/lib/python3.10/site-packages:${PYTHONPATH} /usr/bin/python3 -W ignore:setup.py install is deprecated -W ignore:easy_install command is deprecated setup.py egg_info --egg-base ../../build/twist2tf2_pkg_nea build --build-base /home/user1/ros2_ws_2502/build/twist2tf2_pkg_nea/build install --record /home/user1/ros2_ws_2502/build/twist2tf2_pkg_nea/install.log --single-version-externally-managed install_data --force
[2.996s] running egg_info
[2.996s] writing ../../build/twist2tf2_pkg_nea/twist2tf2_pkg_nea.egg-info/PKG-INFO
[2.997s] writing dependency_links to ../../build/twist2tf2_pkg_nea/twist2tf2_pkg_nea.egg-info/dependency_links.txt
[2.997s] writing entry points to ../../build/twist2tf2_pkg_nea/twist2tf2_pkg_nea.egg-info/entry_points.txt
[2.997s] writing requirements to ../../build/twist2tf2_pkg_nea/twist2tf2_pkg_nea.egg-info/requires.txt
[2.997s] writing top-level names to ../../build/twist2tf2_pkg_nea/twist2tf2_pkg_nea.egg-info/top_level.txt
[3.000s] reading manifest file '../../build/twist2tf2_pkg_nea/twist2tf2_pkg_nea.egg-info/SOURCES.txt'
[3.001s] writing manifest file '../../build/twist2tf2_pkg_nea/twist2tf2_pkg_nea.egg-info/SOURCES.txt'
[3.001s] running build
[3.001s] running build_py
[3.001s] creating /home/user1/ros2_ws_2502/build/twist2tf2_pkg_nea/build
[3.002s] creating /home/user1/ros2_ws_2502/build/twist2tf2_pkg_nea/build/lib
[3.003s] creating /home/user1/ros2_ws_2502/build/twist2tf2_pkg_nea/build/lib/twist2tf2_pkg_nea
[3.003s] copying twist2tf2_pkg_nea/__init__.py -> /home/user1/ros2_ws_2502/build/twist2tf2_pkg_nea/build/lib/twist2tf2_pkg_nea
[3.003s] copying twist2tf2_pkg_nea/twist2tf2_node_nea.py -> /home/user1/ros2_ws_2502/build/twist2tf2_pkg_nea/build/lib/twist2tf2_pkg_nea
[3.004s] running install
[3.004s] running install_lib
[3.005s] creating /home/user1/ros2_ws_2502/install/twist2tf2_pkg_nea/lib/python3.10/site-packages/twist2tf2_pkg_nea
[3.006s] copying /home/user1/ros2_ws_2502/build/twist2tf2_pkg_nea/build/lib/twist2tf2_pkg_nea/__init__.py -> /home/user1/ros2_ws_2502/install/twist2tf2_pkg_nea/lib/python3.10/site-packages/twist2tf2_pkg_nea
[3.006s] copying /home/user1/ros2_ws_2502/build/twist2tf2_pkg_nea/build/lib/twist2tf2_pkg_nea/twist2tf2_node_nea.py -> /home/user1/ros2_ws_2502/install/twist2tf2_pkg_nea/lib/python3.10/site-packages/twist2tf2_pkg_nea
[3.007s] byte-compiling /home/user1/ros2_ws_2502/install/twist2tf2_pkg_nea/lib/python3.10/site-packages/twist2tf2_pkg_nea/__init__.py to __init__.cpython-310.pyc
[3.008s] byte-compiling /home/user1/ros2_ws_2502/install/twist2tf2_pkg_nea/lib/python3.10/site-packages/twist2tf2_pkg_nea/twist2tf2_node_nea.py to twist2tf2_node_nea.cpython-310.pyc
[3.010s] running install_data
[3.010s] copying resource/twist2tf2_pkg_nea -> /home/user1/ros2_ws_2502/install/twist2tf2_pkg_nea/share/ament_index/resource_index/packages
[3.010s] copying package.xml -> /home/user1/ros2_ws_2502/install/twist2tf2_pkg_nea/share/twist2tf2_pkg_nea
[3.011s] running install_egg_info
[3.013s] Copying ../../build/twist2tf2_pkg_nea/twist2tf2_pkg_nea.egg-info to /home/user1/ros2_ws_2502/install/twist2tf2_pkg_nea/lib/python3.10/site-packages/twist2tf2_pkg_nea-0.0.0-py3.10.egg-info
[3.016s] running install_scripts
[3.046s] Installing twist2tf2_node_nea script to /home/user1/ros2_ws_2502/install/twist2tf2_pkg_nea/lib/twist2tf2_pkg_nea
[3.046s] writing list of installed files to '/home/user1/ros2_ws_2502/build/twist2tf2_pkg_nea/install.log'
[3.103s] Invoked command in '/home/user1/ros2_ws_2502/src/twist2tf2_pkg_nea' returned '0': PYTHONPATH=/home/user1/ros2_ws_2502/build/twist2tf2_pkg_nea/prefix_override:/usr/lib/python3/dist-packages/colcon_core/task/python/colcon_distutils_commands:/home/user1/ros2_ws_2502/install/twist2tf2_pkg_nea/lib/python3.10/site-packages:${PYTHONPATH} /usr/bin/python3 -W ignore:setup.py install is deprecated -W ignore:easy_install command is deprecated setup.py egg_info --egg-base ../../build/twist2tf2_pkg_nea build --build-base /home/user1/ros2_ws_2502/build/twist2tf2_pkg_nea/build install --record /home/user1/ros2_ws_2502/build/twist2tf2_pkg_nea/install.log --single-version-externally-managed install_data --force
