[2.611s] Invoking command in '/home/user1/ros2_ws_2502/build/modelrobot_pkg_nea': PYTHONPATH=/home/user1/ros2_ws_2502/build/modelrobot_pkg_nea/prefix_override:/usr/lib/python3/dist-packages/colcon_core/task/python/colcon_distutils_commands:/home/user1/ros2_ws_2502/install/modelrobot_pkg_nea/lib/python3.10/site-packages:${PYTHONPATH} /usr/bin/python3 -W ignore:setup.py install is deprecated -W ignore:easy_install command is deprecated setup.py develop --editable --build-directory /home/user1/ros2_ws_2502/build/modelrobot_pkg_nea/build --no-deps symlink_data --force
[3.094s] running develop
[3.408s] running egg_info
[3.409s] writing modelrobot_pkg_nea.egg-info/PKG-INFO
[3.410s] writing dependency_links to modelrobot_pkg_nea.egg-info/dependency_links.txt
[3.411s] writing entry points to modelrobot_pkg_nea.egg-info/entry_points.txt
[3.411s] writing requirements to modelrobot_pkg_nea.egg-info/requires.txt
[3.412s] writing top-level names to modelrobot_pkg_nea.egg-info/top_level.txt
[3.414s] reading manifest file 'modelrobot_pkg_nea.egg-info/SOURCES.txt'
[3.416s] writing manifest file 'modelrobot_pkg_nea.egg-info/SOURCES.txt'
[3.418s] running build_ext
[3.418s] Creating /home/user1/ros2_ws_2502/install/modelrobot_pkg_nea/lib/python3.10/site-packages/modelrobot-pkg-nea.egg-link (link to .)
[3.420s] 
[3.421s] Installed /home/user1/ros2_ws_2502/build/modelrobot_pkg_nea
[3.421s] running symlink_data
[3.421s] symbolically linking /home/user1/ros2_ws_2502/build/modelrobot_pkg_nea/resource/modelrobot_pkg_nea -> /home/user1/ros2_ws_2502/install/modelrobot_pkg_nea/share/ament_index/resource_index/packages
[3.424s] symbolically linking /home/user1/ros2_ws_2502/build/modelrobot_pkg_nea/package.xml -> /home/user1/ros2_ws_2502/install/modelrobot_pkg_nea/share/modelrobot_pkg_nea
[3.427s] symbolically linking /home/user1/ros2_ws_2502/build/modelrobot_pkg_nea/launch/robot_launch_nea.launch.py -> /home/user1/ros2_ws_2502/install/modelrobot_pkg_nea/share/modelrobot_pkg_nea/launch
[3.429s] symbolically linking /home/user1/ros2_ws_2502/build/modelrobot_pkg_nea/model/rviz_config.rviz -> /home/user1/ros2_ws_2502/install/modelrobot_pkg_nea/share/modelrobot_pkg_nea/model
[3.432s] symbolically linking /home/user1/ros2_ws_2502/build/modelrobot_pkg_nea/model/robot_car_nea.urdf.xacro -> /home/user1/ros2_ws_2502/install/modelrobot_pkg_nea/share/modelrobot_pkg_nea/model
[3.506s] Invoked command in '/home/user1/ros2_ws_2502/build/modelrobot_pkg_nea' returned '0': PYTHONPATH=/home/user1/ros2_ws_2502/build/modelrobot_pkg_nea/prefix_override:/usr/lib/python3/dist-packages/colcon_core/task/python/colcon_distutils_commands:/home/user1/ros2_ws_2502/install/modelrobot_pkg_nea/lib/python3.10/site-packages:${PYTHONPATH} /usr/bin/python3 -W ignore:setup.py install is deprecated -W ignore:easy_install command is deprecated setup.py develop --editable --build-directory /home/user1/ros2_ws_2502/build/modelrobot_pkg_nea/build --no-deps symlink_data --force
