[1.383s] Invoking command in '/home/user1/ros2_ws_2502/build/modelrobot_pkg_nea': PYTHONPATH=/home/user1/ros2_ws_2502/build/modelrobot_pkg_nea/prefix_override:/usr/lib/python3/dist-packages/colcon_core/task/python/colcon_distutils_commands:/home/user1/ros2_ws_2502/install/modelrobot_pkg_nea/lib/python3.10/site-packages:${PYTHONPATH} /usr/bin/python3 -W ignore:setup.py install is deprecated -W ignore:easy_install command is deprecated setup.py develop --editable --build-directory /home/user1/ros2_ws_2502/build/modelrobot_pkg_nea/build --no-deps symlink_data
[1.636s] running develop
[1.793s] running egg_info
[1.793s] writing modelrobot_pkg_nea.egg-info/PKG-INFO
[1.794s] writing dependency_links to modelrobot_pkg_nea.egg-info/dependency_links.txt
[1.794s] writing entry points to modelrobot_pkg_nea.egg-info/entry_points.txt
[1.794s] writing requirements to modelrobot_pkg_nea.egg-info/requires.txt
[1.794s] writing top-level names to modelrobot_pkg_nea.egg-info/top_level.txt
[1.796s] reading manifest file 'modelrobot_pkg_nea.egg-info/SOURCES.txt'
[1.797s] writing manifest file 'modelrobot_pkg_nea.egg-info/SOURCES.txt'
[1.799s] running build_ext
[1.799s] Creating /home/user1/ros2_ws_2502/install/modelrobot_pkg_nea/lib/python3.10/site-packages/modelrobot-pkg-nea.egg-link (link to .)
[1.800s] 
[1.800s] Installed /home/user1/ros2_ws_2502/build/modelrobot_pkg_nea
[1.800s] running symlink_data
[1.801s] creating /home/user1/ros2_ws_2502/install/modelrobot_pkg_nea/share/modelrobot_pkg_nea/launch
[1.802s] symbolically linking /home/user1/ros2_ws_2502/build/modelrobot_pkg_nea/launch/robot_launch_nea.launch.py -> /home/user1/ros2_ws_2502/install/modelrobot_pkg_nea/share/modelrobot_pkg_nea/launch
[1.802s] creating /home/user1/ros2_ws_2502/install/modelrobot_pkg_nea/share/modelrobot_pkg_nea/model
[1.803s] symbolically linking /home/user1/ros2_ws_2502/build/modelrobot_pkg_nea/model/robot_car_nea.urdf.xacro -> /home/user1/ros2_ws_2502/install/modelrobot_pkg_nea/share/modelrobot_pkg_nea/model
[1.855s] Invoked command in '/home/user1/ros2_ws_2502/build/modelrobot_pkg_nea' returned '0': PYTHONPATH=/home/user1/ros2_ws_2502/build/modelrobot_pkg_nea/prefix_override:/usr/lib/python3/dist-packages/colcon_core/task/python/colcon_distutils_commands:/home/user1/ros2_ws_2502/install/modelrobot_pkg_nea/lib/python3.10/site-packages:${PYTHONPATH} /usr/bin/python3 -W ignore:setup.py install is deprecated -W ignore:easy_install command is deprecated setup.py develop --editable --build-directory /home/user1/ros2_ws_2502/build/modelrobot_pkg_nea/build --no-deps symlink_data
