[2.163s] Invoking command in '/home/user1/ros2_ws_2502/build/turtle_move_pkg_nea': PYTHONPATH=/home/user1/ros2_ws_2502/build/turtle_move_pkg_nea/prefix_override:/usr/lib/python3/dist-packages/colcon_core/task/python/colcon_distutils_commands:/home/user1/ros2_ws_2502/install/turtle_move_pkg_nea/lib/python3.10/site-packages:${PYTHONPATH} /usr/bin/python3 -W ignore:setup.py install is deprecated -W ignore:easy_install command is deprecated setup.py develop --uninstall --editable --build-directory /home/user1/ros2_ws_2502/build/turtle_move_pkg_nea/build
[2.495s] running develop
[2.703s] Removing /home/user1/ros2_ws_2502/install/turtle_move_pkg_nea/lib/python3.10/site-packages/turtle-move-pkg-nea.egg-link (link to .)
[2.771s] Invoked command in '/home/user1/ros2_ws_2502/build/turtle_move_pkg_nea' returned '0': PYTHONPATH=/home/user1/ros2_ws_2502/build/turtle_move_pkg_nea/prefix_override:/usr/lib/python3/dist-packages/colcon_core/task/python/colcon_distutils_commands:/home/user1/ros2_ws_2502/install/turtle_move_pkg_nea/lib/python3.10/site-packages:${PYTHONPATH} /usr/bin/python3 -W ignore:setup.py install is deprecated -W ignore:easy_install command is deprecated setup.py develop --uninstall --editable --build-directory /home/user1/ros2_ws_2502/build/turtle_move_pkg_nea/build
[2.773s] Invoking command in '/home/user1/ros2_ws_2502/src/turtle_move_pkg_nea': PYTHONPATH=/home/user1/ros2_ws_2502/build/turtle_move_pkg_nea/prefix_override:/usr/lib/python3/dist-packages/colcon_core/task/python/colcon_distutils_commands:/home/user1/ros2_ws_2502/install/turtle_move_pkg_nea/lib/python3.10/site-packages:${PYTHONPATH} /usr/bin/python3 -W ignore:setup.py install is deprecated -W ignore:easy_install command is deprecated setup.py egg_info --egg-base ../../build/turtle_move_pkg_nea build --build-base /home/user1/ros2_ws_2502/build/turtle_move_pkg_nea/build install --record /home/user1/ros2_ws_2502/build/turtle_move_pkg_nea/install.log --single-version-externally-managed install_data --force
[3.055s] running egg_info
[3.056s] writing ../../build/turtle_move_pkg_nea/turtle_move_pkg_nea.egg-info/PKG-INFO
[3.057s] writing dependency_links to ../../build/turtle_move_pkg_nea/turtle_move_pkg_nea.egg-info/dependency_links.txt
[3.057s] writing entry points to ../../build/turtle_move_pkg_nea/turtle_move_pkg_nea.egg-info/entry_points.txt
[3.058s] writing requirements to ../../build/turtle_move_pkg_nea/turtle_move_pkg_nea.egg-info/requires.txt
[3.058s] writing top-level names to ../../build/turtle_move_pkg_nea/turtle_move_pkg_nea.egg-info/top_level.txt
[3.061s] reading manifest file '../../build/turtle_move_pkg_nea/turtle_move_pkg_nea.egg-info/SOURCES.txt'
[3.063s] writing manifest file '../../build/turtle_move_pkg_nea/turtle_move_pkg_nea.egg-info/SOURCES.txt'
[3.063s] running build
[3.063s] running build_py
[3.064s] running install
[3.064s] running install_lib
[3.066s] creating /home/user1/ros2_ws_2502/install/turtle_move_pkg_nea/lib/python3.10/site-packages/turtle_move_pkg_nea
[3.067s] copying /home/user1/ros2_ws_2502/build/turtle_move_pkg_nea/build/lib/turtle_move_pkg_nea/turtle_move_node_nea.py -> /home/user1/ros2_ws_2502/install/turtle_move_pkg_nea/lib/python3.10/site-packages/turtle_move_pkg_nea
[3.067s] copying /home/user1/ros2_ws_2502/build/turtle_move_pkg_nea/build/lib/turtle_move_pkg_nea/__init__.py -> /home/user1/ros2_ws_2502/install/turtle_move_pkg_nea/lib/python3.10/site-packages/turtle_move_pkg_nea
[3.068s] byte-compiling /home/user1/ros2_ws_2502/install/turtle_move_pkg_nea/lib/python3.10/site-packages/turtle_move_pkg_nea/turtle_move_node_nea.py to turtle_move_node_nea.cpython-310.pyc
[3.069s] byte-compiling /home/user1/ros2_ws_2502/install/turtle_move_pkg_nea/lib/python3.10/site-packages/turtle_move_pkg_nea/__init__.py to __init__.cpython-310.pyc
[3.070s] running install_data
[3.070s] copying resource/turtle_move_pkg_nea -> /home/user1/ros2_ws_2502/install/turtle_move_pkg_nea/share/ament_index/resource_index/packages
[3.070s] copying package.xml -> /home/user1/ros2_ws_2502/install/turtle_move_pkg_nea/share/turtle_move_pkg_nea
[3.071s] running install_egg_info
[3.074s] Copying ../../build/turtle_move_pkg_nea/turtle_move_pkg_nea.egg-info to /home/user1/ros2_ws_2502/install/turtle_move_pkg_nea/lib/python3.10/site-packages/turtle_move_pkg_nea-0.0.0-py3.10.egg-info
[3.077s] running install_scripts
[3.107s] Installing turtle_move_node_nea script to /home/user1/ros2_ws_2502/install/turtle_move_pkg_nea/lib/turtle_move_pkg_nea
[3.108s] writing list of installed files to '/home/user1/ros2_ws_2502/build/turtle_move_pkg_nea/install.log'
[3.167s] Invoked command in '/home/user1/ros2_ws_2502/src/turtle_move_pkg_nea' returned '0': PYTHONPATH=/home/user1/ros2_ws_2502/build/turtle_move_pkg_nea/prefix_override:/usr/lib/python3/dist-packages/colcon_core/task/python/colcon_distutils_commands:/home/user1/ros2_ws_2502/install/turtle_move_pkg_nea/lib/python3.10/site-packages:${PYTHONPATH} /usr/bin/python3 -W ignore:setup.py install is deprecated -W ignore:easy_install command is deprecated setup.py egg_info --egg-base ../../build/turtle_move_pkg_nea build --build-base /home/user1/ros2_ws_2502/build/turtle_move_pkg_nea/build install --record /home/user1/ros2_ws_2502/build/turtle_move_pkg_nea/install.log --single-version-externally-managed install_data --force
