[1.008s] Invoking command in '/home/user1/ros2_ws_2502/build/modelrobot_pkg_nea': PYTHONPATH=/home/user1/ros2_ws_2502/build/modelrobot_pkg_nea/prefix_override:/usr/lib/python3/dist-packages/colcon_core/task/python/colcon_distutils_commands:/home/user1/ros2_ws_2502/install/modelrobot_pkg_nea/lib/python3.10/site-packages:${PYTHONPATH} /usr/bin/python3 -W ignore:setup.py install is deprecated -W ignore:easy_install command is deprecated setup.py develop --uninstall --editable --build-directory /home/user1/ros2_ws_2502/build/modelrobot_pkg_nea/build
[1.223s] running develop
[1.360s] Removing /home/user1/ros2_ws_2502/install/modelrobot_pkg_nea/lib/python3.10/site-packages/modelrobot-pkg-nea.egg-link (link to .)
[1.407s] Invoked command in '/home/user1/ros2_ws_2502/build/modelrobot_pkg_nea' returned '0': PYTHONPATH=/home/user1/ros2_ws_2502/build/modelrobot_pkg_nea/prefix_override:/usr/lib/python3/dist-packages/colcon_core/task/python/colcon_distutils_commands:/home/user1/ros2_ws_2502/install/modelrobot_pkg_nea/lib/python3.10/site-packages:${PYTHONPATH} /usr/bin/python3 -W ignore:setup.py install is deprecated -W ignore:easy_install command is deprecated setup.py develop --uninstall --editable --build-directory /home/user1/ros2_ws_2502/build/modelrobot_pkg_nea/build
[1.409s] Invoking command in '/home/user1/ros2_ws_2502/src/modelrobot_pkg_nea': PYTHONPATH=/home/user1/ros2_ws_2502/build/modelrobot_pkg_nea/prefix_override:/usr/lib/python3/dist-packages/colcon_core/task/python/colcon_distutils_commands:/home/user1/ros2_ws_2502/install/modelrobot_pkg_nea/lib/python3.10/site-packages:${PYTHONPATH} /usr/bin/python3 -W ignore:setup.py install is deprecated -W ignore:easy_install command is deprecated setup.py egg_info --egg-base ../../build/modelrobot_pkg_nea build --build-base /home/user1/ros2_ws_2502/build/modelrobot_pkg_nea/build install --record /home/user1/ros2_ws_2502/build/modelrobot_pkg_nea/install.log --single-version-externally-managed install_data --force
[1.622s] running egg_info
[1.623s] writing ../../build/modelrobot_pkg_nea/modelrobot_pkg_nea.egg-info/PKG-INFO
[1.624s] writing dependency_links to ../../build/modelrobot_pkg_nea/modelrobot_pkg_nea.egg-info/dependency_links.txt
[1.624s] writing entry points to ../../build/modelrobot_pkg_nea/modelrobot_pkg_nea.egg-info/entry_points.txt
[1.624s] writing requirements to ../../build/modelrobot_pkg_nea/modelrobot_pkg_nea.egg-info/requires.txt
[1.624s] writing top-level names to ../../build/modelrobot_pkg_nea/modelrobot_pkg_nea.egg-info/top_level.txt
[1.627s] reading manifest file '../../build/modelrobot_pkg_nea/modelrobot_pkg_nea.egg-info/SOURCES.txt'
[1.627s] writing manifest file '../../build/modelrobot_pkg_nea/modelrobot_pkg_nea.egg-info/SOURCES.txt'
[1.628s] running build
[1.628s] running build_py
[1.628s] creating /home/user1/ros2_ws_2502/build/modelrobot_pkg_nea/build
[1.628s] creating /home/user1/ros2_ws_2502/build/modelrobot_pkg_nea/build/lib
[1.629s] creating /home/user1/ros2_ws_2502/build/modelrobot_pkg_nea/build/lib/modelrobot_pkg_nea
[1.629s] copying modelrobot_pkg_nea/__init__.py -> /home/user1/ros2_ws_2502/build/modelrobot_pkg_nea/build/lib/modelrobot_pkg_nea
[1.629s] running install
[1.630s] running install_lib
[1.630s] creating /home/user1/ros2_ws_2502/install/modelrobot_pkg_nea/lib/python3.10/site-packages/modelrobot_pkg_nea
[1.631s] copying /home/user1/ros2_ws_2502/build/modelrobot_pkg_nea/build/lib/modelrobot_pkg_nea/__init__.py -> /home/user1/ros2_ws_2502/install/modelrobot_pkg_nea/lib/python3.10/site-packages/modelrobot_pkg_nea
[1.631s] byte-compiling /home/user1/ros2_ws_2502/install/modelrobot_pkg_nea/lib/python3.10/site-packages/modelrobot_pkg_nea/__init__.py to __init__.cpython-310.pyc
[1.632s] running install_data
[1.632s] copying resource/modelrobot_pkg_nea -> /home/user1/ros2_ws_2502/install/modelrobot_pkg_nea/share/ament_index/resource_index/packages
[1.633s] copying package.xml -> /home/user1/ros2_ws_2502/install/modelrobot_pkg_nea/share/modelrobot_pkg_nea
[1.634s] copying launch/robot_launch_nea.launch.py -> /home/user1/ros2_ws_2502/install/modelrobot_pkg_nea/share/modelrobot_pkg_nea/launch
[1.635s] copying model/rviz_config.rviz -> /home/user1/ros2_ws_2502/install/modelrobot_pkg_nea/share/modelrobot_pkg_nea/model
[1.636s] copying model/robot_car_nea.urdf.xacro -> /home/user1/ros2_ws_2502/install/modelrobot_pkg_nea/share/modelrobot_pkg_nea/model
[1.636s] running install_egg_info
[1.639s] Copying ../../build/modelrobot_pkg_nea/modelrobot_pkg_nea.egg-info to /home/user1/ros2_ws_2502/install/modelrobot_pkg_nea/lib/python3.10/site-packages/modelrobot_pkg_nea-0.0.0-py3.10.egg-info
[1.641s] running install_scripts
[1.661s] writing list of installed files to '/home/user1/ros2_ws_2502/build/modelrobot_pkg_nea/install.log'
[1.706s] Invoked command in '/home/user1/ros2_ws_2502/src/modelrobot_pkg_nea' returned '0': PYTHONPATH=/home/user1/ros2_ws_2502/build/modelrobot_pkg_nea/prefix_override:/usr/lib/python3/dist-packages/colcon_core/task/python/colcon_distutils_commands:/home/user1/ros2_ws_2502/install/modelrobot_pkg_nea/lib/python3.10/site-packages:${PYTHONPATH} /usr/bin/python3 -W ignore:setup.py install is deprecated -W ignore:easy_install command is deprecated setup.py egg_info --egg-base ../../build/modelrobot_pkg_nea build --build-base /home/user1/ros2_ws_2502/build/modelrobot_pkg_nea/build install --record /home/user1/ros2_ws_2502/build/modelrobot_pkg_nea/install.log --single-version-externally-managed install_data --force
