[2.079s] Invoking command in '/home/user1/ros2_ws_2502/build/modelrobot_pkg_nea': PYTHONPATH=/home/user1/ros2_ws_2502/build/modelrobot_pkg_nea/prefix_override:/usr/lib/python3/dist-packages/colcon_core/task/python/colcon_distutils_commands:/home/user1/ros2_ws_2502/install/modelrobot_pkg_nea/lib/python3.10/site-packages:${PYTHONPATH} /usr/bin/python3 -W ignore:setup.py install is deprecated -W ignore:easy_install command is deprecated setup.py develop --editable --build-directory /home/user1/ros2_ws_2502/build/modelrobot_pkg_nea/build --no-deps symlink_data --force
[2.422s] running develop
[2.630s] running egg_info
[2.630s] writing modelrobot_pkg_nea.egg-info/PKG-INFO
[2.630s] writing dependency_links to modelrobot_pkg_nea.egg-info/dependency_links.txt
[2.631s] writing entry points to modelrobot_pkg_nea.egg-info/entry_points.txt
[2.631s] writing requirements to modelrobot_pkg_nea.egg-info/requires.txt
[2.632s] writing top-level names to modelrobot_pkg_nea.egg-info/top_level.txt
[2.637s] reading manifest file 'modelrobot_pkg_nea.egg-info/SOURCES.txt'
[2.638s] writing manifest file 'modelrobot_pkg_nea.egg-info/SOURCES.txt'
[2.640s] running build_ext
[2.641s] Creating /home/user1/ros2_ws_2502/install/modelrobot_pkg_nea/lib/python3.10/site-packages/modelrobot-pkg-nea.egg-link (link to .)
[2.642s] 
[2.642s] Installed /home/user1/ros2_ws_2502/build/modelrobot_pkg_nea
[2.642s] running symlink_data
[2.642s] symbolically linking /home/user1/ros2_ws_2502/build/modelrobot_pkg_nea/resource/modelrobot_pkg_nea -> /home/user1/ros2_ws_2502/install/modelrobot_pkg_nea/share/ament_index/resource_index/packages
[2.643s] symbolically linking /home/user1/ros2_ws_2502/build/modelrobot_pkg_nea/package.xml -> /home/user1/ros2_ws_2502/install/modelrobot_pkg_nea/share/modelrobot_pkg_nea
[2.644s] symbolically linking /home/user1/ros2_ws_2502/build/modelrobot_pkg_nea/launch/robot_launch_nea.launch.py -> /home/user1/ros2_ws_2502/install/modelrobot_pkg_nea/share/modelrobot_pkg_nea/launch
[2.645s] symbolically linking /home/user1/ros2_ws_2502/build/modelrobot_pkg_nea/model/rviz_config.rviz -> /home/user1/ros2_ws_2502/install/modelrobot_pkg_nea/share/modelrobot_pkg_nea/model
[2.647s] symbolically linking /home/user1/ros2_ws_2502/build/modelrobot_pkg_nea/model/robot_car_nea.urdf.xacro -> /home/user1/ros2_ws_2502/install/modelrobot_pkg_nea/share/modelrobot_pkg_nea/model
[2.723s] Invoked command in '/home/user1/ros2_ws_2502/build/modelrobot_pkg_nea' returned '0': PYTHONPATH=/home/user1/ros2_ws_2502/build/modelrobot_pkg_nea/prefix_override:/usr/lib/python3/dist-packages/colcon_core/task/python/colcon_distutils_commands:/home/user1/ros2_ws_2502/install/modelrobot_pkg_nea/lib/python3.10/site-packages:${PYTHONPATH} /usr/bin/python3 -W ignore:setup.py install is deprecated -W ignore:easy_install command is deprecated setup.py develop --editable --build-directory /home/user1/ros2_ws_2502/build/modelrobot_pkg_nea/build --no-deps symlink_data --force
