[0.316s] DEBUG:colcon:Command line arguments: ['/usr/bin/colcon', 'build']
[0.316s] DEBUG:colcon:Parsed command line arguments: Namespace(log_base=None, log_level=None, verb_name='build', build_base='build', install_base='install', merge_install=False, symlink_install=False, test_result_base=None, continue_on_error=False, executor='parallel', parallel_workers=16, event_handlers=None, ignore_user_meta=False, metas=['./colcon.meta'], base_paths=['.'], packages_ignore=None, packages_ignore_regex=None, paths=None, packages_up_to=None, packages_up_to_regex=None, packages_above=None, packages_above_and_dependencies=None, packages_above_depth=None, packages_select_by_dep=None, packages_skip_by_dep=None, packages_skip_up_to=None, packages_select_build_failed=False, packages_skip_build_finished=False, packages_select_test_failures=False, packages_skip_test_passed=False, packages_select=None, packages_skip=None, packages_select_regex=None, packages_skip_regex=None, packages_start=None, packages_end=None, allow_overriding=[], cmake_args=None, cmake_target=None, cmake_target_skip_unavailable=False, cmake_clean_cache=False, cmake_clean_first=False, cmake_force_configure=False, ament_cmake_args=None, catkin_cmake_args=None, catkin_skip_building_tests=False, mixin_files=None, mixin=None, verb_parser=<colcon_mixin.mixin.mixin_argument.MixinArgumentDecorator object at 0x7bf5e1d13dc0>, verb_extension=<colcon_core.verb.build.BuildVerb object at 0x7bf5e1e94d00>, main=<bound method BuildVerb.main of <colcon_core.verb.build.BuildVerb object at 0x7bf5e1e94d00>>, mixin_verb=('build',))
[0.709s] Level 1:colcon.colcon_core.package_discovery:discover_packages(colcon_meta) check parameters
[0.710s] Level 1:colcon.colcon_core.package_discovery:discover_packages(recursive) check parameters
[0.710s] Level 1:colcon.colcon_core.package_discovery:discover_packages(ignore) check parameters
[0.710s] Level 1:colcon.colcon_core.package_discovery:discover_packages(path) check parameters
[0.710s] Level 1:colcon.colcon_core.package_discovery:discover_packages(colcon_meta) discover
[0.710s] Level 1:colcon.colcon_core.package_discovery:discover_packages(recursive) discover
[0.710s] INFO:colcon.colcon_core.package_discovery:Crawling recursively for packages in '/home/user1/ros2_ws_2502'
[0.710s] Level 1:colcon.colcon_core.package_identification:_identify(.) by extensions ['ignore', 'ignore_ament_install']
[0.711s] Level 1:colcon.colcon_core.package_identification:_identify(.) by extension 'ignore'
[0.711s] Level 1:colcon.colcon_core.package_identification:_identify(.) by extension 'ignore_ament_install'
[0.711s] Level 1:colcon.colcon_core.package_identification:_identify(.) by extensions ['colcon_pkg']
[0.711s] Level 1:colcon.colcon_core.package_identification:_identify(.) by extension 'colcon_pkg'
[0.711s] Level 1:colcon.colcon_core.package_identification:_identify(.) by extensions ['colcon_meta']
[0.711s] Level 1:colcon.colcon_core.package_identification:_identify(.) by extension 'colcon_meta'
[0.711s] Level 1:colcon.colcon_core.package_identification:_identify(.) by extensions ['ros']
[0.711s] Level 1:colcon.colcon_core.package_identification:_identify(.) by extension 'ros'
[0.727s] Level 1:colcon.colcon_core.package_identification:_identify(.) by extensions ['cmake', 'python']
[0.727s] Level 1:colcon.colcon_core.package_identification:_identify(.) by extension 'cmake'
[0.727s] Level 1:colcon.colcon_core.package_identification:_identify(.) by extension 'python'
[0.727s] Level 1:colcon.colcon_core.package_identification:_identify(.) by extensions ['python_setup_py']
[0.727s] Level 1:colcon.colcon_core.package_identification:_identify(.) by extension 'python_setup_py'
[0.727s] Level 1:colcon.colcon_core.package_identification:_identify(build) by extensions ['ignore', 'ignore_ament_install']
[0.728s] Level 1:colcon.colcon_core.package_identification:_identify(build) by extension 'ignore'
[0.728s] Level 1:colcon.colcon_core.package_identification:_identify(build) ignored
[0.728s] Level 1:colcon.colcon_core.package_identification:_identify(install) by extensions ['ignore', 'ignore_ament_install']
[0.728s] Level 1:colcon.colcon_core.package_identification:_identify(install) by extension 'ignore'
[0.728s] Level 1:colcon.colcon_core.package_identification:_identify(install) ignored
[0.728s] Level 1:colcon.colcon_core.package_identification:_identify(log) by extensions ['ignore', 'ignore_ament_install']
[0.728s] Level 1:colcon.colcon_core.package_identification:_identify(log) by extension 'ignore'
[0.728s] Level 1:colcon.colcon_core.package_identification:_identify(log) ignored
[0.728s] Level 1:colcon.colcon_core.package_identification:_identify(src) by extensions ['ignore', 'ignore_ament_install']
[0.728s] Level 1:colcon.colcon_core.package_identification:_identify(src) by extension 'ignore'
[0.729s] Level 1:colcon.colcon_core.package_identification:_identify(src) by extension 'ignore_ament_install'
[0.729s] Level 1:colcon.colcon_core.package_identification:_identify(src) by extensions ['colcon_pkg']
[0.729s] Level 1:colcon.colcon_core.package_identification:_identify(src) by extension 'colcon_pkg'
[0.729s] Level 1:colcon.colcon_core.package_identification:_identify(src) by extensions ['colcon_meta']
[0.729s] Level 1:colcon.colcon_core.package_identification:_identify(src) by extension 'colcon_meta'
[0.729s] Level 1:colcon.colcon_core.package_identification:_identify(src) by extensions ['ros']
[0.729s] Level 1:colcon.colcon_core.package_identification:_identify(src) by extension 'ros'
[0.729s] Level 1:colcon.colcon_core.package_identification:_identify(src) by extensions ['cmake', 'python']
[0.729s] Level 1:colcon.colcon_core.package_identification:_identify(src) by extension 'cmake'
[0.729s] Level 1:colcon.colcon_core.package_identification:_identify(src) by extension 'python'
[0.729s] Level 1:colcon.colcon_core.package_identification:_identify(src) by extensions ['python_setup_py']
[0.729s] Level 1:colcon.colcon_core.package_identification:_identify(src) by extension 'python_setup_py'
[0.729s] Level 1:colcon.colcon_core.package_identification:_identify(src/E03P02_RI_SMS_NEA) by extensions ['ignore', 'ignore_ament_install']
[0.729s] Level 1:colcon.colcon_core.package_identification:_identify(src/E03P02_RI_SMS_NEA) by extension 'ignore'
[0.729s] Level 1:colcon.colcon_core.package_identification:_identify(src/E03P02_RI_SMS_NEA) by extension 'ignore_ament_install'
[0.730s] Level 1:colcon.colcon_core.package_identification:_identify(src/E03P02_RI_SMS_NEA) by extensions ['colcon_pkg']
[0.730s] Level 1:colcon.colcon_core.package_identification:_identify(src/E03P02_RI_SMS_NEA) by extension 'colcon_pkg'
[0.730s] Level 1:colcon.colcon_core.package_identification:_identify(src/E03P02_RI_SMS_NEA) by extensions ['colcon_meta']
[0.730s] Level 1:colcon.colcon_core.package_identification:_identify(src/E03P02_RI_SMS_NEA) by extension 'colcon_meta'
[0.730s] Level 1:colcon.colcon_core.package_identification:_identify(src/E03P02_RI_SMS_NEA) by extensions ['ros']
[0.730s] Level 1:colcon.colcon_core.package_identification:_identify(src/E03P02_RI_SMS_NEA) by extension 'ros'
[0.734s] DEBUG:colcon.colcon_core.package_identification:Package 'src/E03P02_RI_SMS_NEA' with type 'ros.ament_python' and name 'E03P02_RI_SMS_NEA'
[0.735s] Level 1:colcon.colcon_core.package_identification:_identify(src/launch_pkg_nea) by extensions ['ignore', 'ignore_ament_install']
[0.735s] Level 1:colcon.colcon_core.package_identification:_identify(src/launch_pkg_nea) by extension 'ignore'
[0.735s] Level 1:colcon.colcon_core.package_identification:_identify(src/launch_pkg_nea) by extension 'ignore_ament_install'
[0.735s] Level 1:colcon.colcon_core.package_identification:_identify(src/launch_pkg_nea) by extensions ['colcon_pkg']
[0.735s] Level 1:colcon.colcon_core.package_identification:_identify(src/launch_pkg_nea) by extension 'colcon_pkg'
[0.735s] Level 1:colcon.colcon_core.package_identification:_identify(src/launch_pkg_nea) by extensions ['colcon_meta']
[0.735s] Level 1:colcon.colcon_core.package_identification:_identify(src/launch_pkg_nea) by extension 'colcon_meta'
[0.735s] Level 1:colcon.colcon_core.package_identification:_identify(src/launch_pkg_nea) by extensions ['ros']
[0.735s] Level 1:colcon.colcon_core.package_identification:_identify(src/launch_pkg_nea) by extension 'ros'
[0.736s] DEBUG:colcon.colcon_core.package_identification:Package 'src/launch_pkg_nea' with type 'ros.ament_python' and name 'launch_pkg_nea'
[0.736s] Level 1:colcon.colcon_core.package_identification:_identify(src/modelrobot_pkg_nea) by extensions ['ignore', 'ignore_ament_install']
[0.736s] Level 1:colcon.colcon_core.package_identification:_identify(src/modelrobot_pkg_nea) by extension 'ignore'
[0.737s] Level 1:colcon.colcon_core.package_identification:_identify(src/modelrobot_pkg_nea) by extension 'ignore_ament_install'
[0.737s] Level 1:colcon.colcon_core.package_identification:_identify(src/modelrobot_pkg_nea) by extensions ['colcon_pkg']
[0.737s] Level 1:colcon.colcon_core.package_identification:_identify(src/modelrobot_pkg_nea) by extension 'colcon_pkg'
[0.737s] Level 1:colcon.colcon_core.package_identification:_identify(src/modelrobot_pkg_nea) by extensions ['colcon_meta']
[0.737s] Level 1:colcon.colcon_core.package_identification:_identify(src/modelrobot_pkg_nea) by extension 'colcon_meta'
[0.737s] Level 1:colcon.colcon_core.package_identification:_identify(src/modelrobot_pkg_nea) by extensions ['ros']
[0.737s] Level 1:colcon.colcon_core.package_identification:_identify(src/modelrobot_pkg_nea) by extension 'ros'
[0.738s] DEBUG:colcon.colcon_core.package_identification:Package 'src/modelrobot_pkg_nea' with type 'ros.ament_python' and name 'modelrobot_pkg_nea'
[0.739s] Level 1:colcon.colcon_core.package_identification:_identify(src/temp) by extensions ['ignore', 'ignore_ament_install']
[0.739s] Level 1:colcon.colcon_core.package_identification:_identify(src/temp) by extension 'ignore'
[0.739s] Level 1:colcon.colcon_core.package_identification:_identify(src/temp) by extension 'ignore_ament_install'
[0.739s] Level 1:colcon.colcon_core.package_identification:_identify(src/temp) by extensions ['colcon_pkg']
[0.739s] Level 1:colcon.colcon_core.package_identification:_identify(src/temp) by extension 'colcon_pkg'
[0.739s] Level 1:colcon.colcon_core.package_identification:_identify(src/temp) by extensions ['colcon_meta']
[0.739s] Level 1:colcon.colcon_core.package_identification:_identify(src/temp) by extension 'colcon_meta'
[0.739s] Level 1:colcon.colcon_core.package_identification:_identify(src/temp) by extensions ['ros']
[0.739s] Level 1:colcon.colcon_core.package_identification:_identify(src/temp) by extension 'ros'
[0.739s] Level 1:colcon.colcon_core.package_identification:_identify(src/temp) by extensions ['cmake', 'python']
[0.739s] Level 1:colcon.colcon_core.package_identification:_identify(src/temp) by extension 'cmake'
[0.739s] Level 1:colcon.colcon_core.package_identification:_identify(src/temp) by extension 'python'
[0.739s] Level 1:colcon.colcon_core.package_identification:_identify(src/temp) by extensions ['python_setup_py']
[0.739s] Level 1:colcon.colcon_core.package_identification:_identify(src/temp) by extension 'python_setup_py'
[0.740s] Level 1:colcon.colcon_core.package_identification:_identify(src/turtle_move_pkg_nea) by extensions ['ignore', 'ignore_ament_install']
[0.740s] Level 1:colcon.colcon_core.package_identification:_identify(src/turtle_move_pkg_nea) by extension 'ignore'
[0.740s] Level 1:colcon.colcon_core.package_identification:_identify(src/turtle_move_pkg_nea) by extension 'ignore_ament_install'
[0.740s] Level 1:colcon.colcon_core.package_identification:_identify(src/turtle_move_pkg_nea) by extensions ['colcon_pkg']
[0.740s] Level 1:colcon.colcon_core.package_identification:_identify(src/turtle_move_pkg_nea) by extension 'colcon_pkg'
[0.740s] Level 1:colcon.colcon_core.package_identification:_identify(src/turtle_move_pkg_nea) by extensions ['colcon_meta']
[0.740s] Level 1:colcon.colcon_core.package_identification:_identify(src/turtle_move_pkg_nea) by extension 'colcon_meta'
[0.740s] Level 1:colcon.colcon_core.package_identification:_identify(src/turtle_move_pkg_nea) by extensions ['ros']
[0.740s] Level 1:colcon.colcon_core.package_identification:_identify(src/turtle_move_pkg_nea) by extension 'ros'
[0.741s] DEBUG:colcon.colcon_core.package_identification:Package 'src/turtle_move_pkg_nea' with type 'ros.ament_python' and name 'turtle_move_pkg_nea'
[0.741s] Level 1:colcon.colcon_core.package_identification:_identify(src/twist2tf2_pkg_nea) by extensions ['ignore', 'ignore_ament_install']
[0.741s] Level 1:colcon.colcon_core.package_identification:_identify(src/twist2tf2_pkg_nea) by extension 'ignore'
[0.741s] Level 1:colcon.colcon_core.package_identification:_identify(src/twist2tf2_pkg_nea) by extension 'ignore_ament_install'
[0.741s] Level 1:colcon.colcon_core.package_identification:_identify(src/twist2tf2_pkg_nea) by extensions ['colcon_pkg']
[0.741s] Level 1:colcon.colcon_core.package_identification:_identify(src/twist2tf2_pkg_nea) by extension 'colcon_pkg'
[0.742s] Level 1:colcon.colcon_core.package_identification:_identify(src/twist2tf2_pkg_nea) by extensions ['colcon_meta']
[0.742s] Level 1:colcon.colcon_core.package_identification:_identify(src/twist2tf2_pkg_nea) by extension 'colcon_meta'
[0.742s] Level 1:colcon.colcon_core.package_identification:_identify(src/twist2tf2_pkg_nea) by extensions ['ros']
[0.742s] Level 1:colcon.colcon_core.package_identification:_identify(src/twist2tf2_pkg_nea) by extension 'ros'
[0.742s] DEBUG:colcon.colcon_core.package_identification:Package 'src/twist2tf2_pkg_nea' with type 'ros.ament_python' and name 'twist2tf2_pkg_nea'
[0.742s] Level 1:colcon.colcon_core.package_discovery:discover_packages(recursive) using defaults
[0.742s] Level 1:colcon.colcon_core.package_discovery:discover_packages(ignore) discover
[0.743s] Level 1:colcon.colcon_core.package_discovery:discover_packages(ignore) using defaults
[0.743s] Level 1:colcon.colcon_core.package_discovery:discover_packages(path) discover
[0.743s] Level 1:colcon.colcon_core.package_discovery:discover_packages(path) using defaults
[0.792s] Level 1:colcon.colcon_core.package_discovery:discover_packages(prefix_path) check parameters
[0.792s] Level 1:colcon.colcon_core.package_discovery:discover_packages(prefix_path) discover
[0.797s] DEBUG:colcon.colcon_installed_package_information.package_discovery:Found 4 installed packages in /home/user1/ros2_ws_2502/install
[0.800s] DEBUG:colcon.colcon_installed_package_information.package_discovery:Found 389 installed packages in /opt/ros/humble
[0.801s] Level 1:colcon.colcon_core.package_discovery:discover_packages(prefix_path) using defaults
[0.850s] Level 5:colcon.colcon_core.verb:set package 'E03P02_RI_SMS_NEA' build argument 'cmake_args' from command line to 'None'
[0.851s] Level 5:colcon.colcon_core.verb:set package 'E03P02_RI_SMS_NEA' build argument 'cmake_target' from command line to 'None'
[0.851s] Level 5:colcon.colcon_core.verb:set package 'E03P02_RI_SMS_NEA' build argument 'cmake_target_skip_unavailable' from command line to 'False'
[0.851s] Level 5:colcon.colcon_core.verb:set package 'E03P02_RI_SMS_NEA' build argument 'cmake_clean_cache' from command line to 'False'
[0.851s] Level 5:colcon.colcon_core.verb:set package 'E03P02_RI_SMS_NEA' build argument 'cmake_clean_first' from command line to 'False'
[0.851s] Level 5:colcon.colcon_core.verb:set package 'E03P02_RI_SMS_NEA' build argument 'cmake_force_configure' from command line to 'False'
[0.851s] Level 5:colcon.colcon_core.verb:set package 'E03P02_RI_SMS_NEA' build argument 'ament_cmake_args' from command line to 'None'
[0.851s] Level 5:colcon.colcon_core.verb:set package 'E03P02_RI_SMS_NEA' build argument 'catkin_cmake_args' from command line to 'None'
[0.851s] Level 5:colcon.colcon_core.verb:set package 'E03P02_RI_SMS_NEA' build argument 'catkin_skip_building_tests' from command line to 'False'
[0.851s] DEBUG:colcon.colcon_core.verb:Building package 'E03P02_RI_SMS_NEA' with the following arguments: {'ament_cmake_args': None, 'build_base': '/home/user1/ros2_ws_2502/build/E03P02_RI_SMS_NEA', 'catkin_cmake_args': None, 'catkin_skip_building_tests': False, 'cmake_args': None, 'cmake_clean_cache': False, 'cmake_clean_first': False, 'cmake_force_configure': False, 'cmake_target': None, 'cmake_target_skip_unavailable': False, 'install_base': '/home/user1/ros2_ws_2502/install/E03P02_RI_SMS_NEA', 'merge_install': False, 'path': '/home/user1/ros2_ws_2502/src/E03P02_RI_SMS_NEA', 'symlink_install': False, 'test_result_base': None}
[0.851s] Level 5:colcon.colcon_core.verb:set package 'launch_pkg_nea' build argument 'cmake_args' from command line to 'None'
[0.851s] Level 5:colcon.colcon_core.verb:set package 'launch_pkg_nea' build argument 'cmake_target' from command line to 'None'
[0.851s] Level 5:colcon.colcon_core.verb:set package 'launch_pkg_nea' build argument 'cmake_target_skip_unavailable' from command line to 'False'
[0.851s] Level 5:colcon.colcon_core.verb:set package 'launch_pkg_nea' build argument 'cmake_clean_cache' from command line to 'False'
[0.851s] Level 5:colcon.colcon_core.verb:set package 'launch_pkg_nea' build argument 'cmake_clean_first' from command line to 'False'
[0.851s] Level 5:colcon.colcon_core.verb:set package 'launch_pkg_nea' build argument 'cmake_force_configure' from command line to 'False'
[0.851s] Level 5:colcon.colcon_core.verb:set package 'launch_pkg_nea' build argument 'ament_cmake_args' from command line to 'None'
[0.851s] Level 5:colcon.colcon_core.verb:set package 'launch_pkg_nea' build argument 'catkin_cmake_args' from command line to 'None'
[0.851s] Level 5:colcon.colcon_core.verb:set package 'launch_pkg_nea' build argument 'catkin_skip_building_tests' from command line to 'False'
[0.851s] DEBUG:colcon.colcon_core.verb:Building package 'launch_pkg_nea' with the following arguments: {'ament_cmake_args': None, 'build_base': '/home/user1/ros2_ws_2502/build/launch_pkg_nea', 'catkin_cmake_args': None, 'catkin_skip_building_tests': False, 'cmake_args': None, 'cmake_clean_cache': False, 'cmake_clean_first': False, 'cmake_force_configure': False, 'cmake_target': None, 'cmake_target_skip_unavailable': False, 'install_base': '/home/user1/ros2_ws_2502/install/launch_pkg_nea', 'merge_install': False, 'path': '/home/user1/ros2_ws_2502/src/launch_pkg_nea', 'symlink_install': False, 'test_result_base': None}
[0.852s] Level 5:colcon.colcon_core.verb:set package 'modelrobot_pkg_nea' build argument 'cmake_args' from command line to 'None'
[0.852s] Level 5:colcon.colcon_core.verb:set package 'modelrobot_pkg_nea' build argument 'cmake_target' from command line to 'None'
[0.852s] Level 5:colcon.colcon_core.verb:set package 'modelrobot_pkg_nea' build argument 'cmake_target_skip_unavailable' from command line to 'False'
[0.852s] Level 5:colcon.colcon_core.verb:set package 'modelrobot_pkg_nea' build argument 'cmake_clean_cache' from command line to 'False'
[0.852s] Level 5:colcon.colcon_core.verb:set package 'modelrobot_pkg_nea' build argument 'cmake_clean_first' from command line to 'False'
[0.852s] Level 5:colcon.colcon_core.verb:set package 'modelrobot_pkg_nea' build argument 'cmake_force_configure' from command line to 'False'
[0.852s] Level 5:colcon.colcon_core.verb:set package 'modelrobot_pkg_nea' build argument 'ament_cmake_args' from command line to 'None'
[0.852s] Level 5:colcon.colcon_core.verb:set package 'modelrobot_pkg_nea' build argument 'catkin_cmake_args' from command line to 'None'
[0.852s] Level 5:colcon.colcon_core.verb:set package 'modelrobot_pkg_nea' build argument 'catkin_skip_building_tests' from command line to 'False'
[0.852s] DEBUG:colcon.colcon_core.verb:Building package 'modelrobot_pkg_nea' with the following arguments: {'ament_cmake_args': None, 'build_base': '/home/user1/ros2_ws_2502/build/modelrobot_pkg_nea', 'catkin_cmake_args': None, 'catkin_skip_building_tests': False, 'cmake_args': None, 'cmake_clean_cache': False, 'cmake_clean_first': False, 'cmake_force_configure': False, 'cmake_target': None, 'cmake_target_skip_unavailable': False, 'install_base': '/home/user1/ros2_ws_2502/install/modelrobot_pkg_nea', 'merge_install': False, 'path': '/home/user1/ros2_ws_2502/src/modelrobot_pkg_nea', 'symlink_install': False, 'test_result_base': None}
[0.852s] Level 5:colcon.colcon_core.verb:set package 'turtle_move_pkg_nea' build argument 'cmake_args' from command line to 'None'
[0.852s] Level 5:colcon.colcon_core.verb:set package 'turtle_move_pkg_nea' build argument 'cmake_target' from command line to 'None'
[0.852s] Level 5:colcon.colcon_core.verb:set package 'turtle_move_pkg_nea' build argument 'cmake_target_skip_unavailable' from command line to 'False'
[0.852s] Level 5:colcon.colcon_core.verb:set package 'turtle_move_pkg_nea' build argument 'cmake_clean_cache' from command line to 'False'
[0.852s] Level 5:colcon.colcon_core.verb:set package 'turtle_move_pkg_nea' build argument 'cmake_clean_first' from command line to 'False'
[0.852s] Level 5:colcon.colcon_core.verb:set package 'turtle_move_pkg_nea' build argument 'cmake_force_configure' from command line to 'False'
[0.852s] Level 5:colcon.colcon_core.verb:set package 'turtle_move_pkg_nea' build argument 'ament_cmake_args' from command line to 'None'
[0.852s] Level 5:colcon.colcon_core.verb:set package 'turtle_move_pkg_nea' build argument 'catkin_cmake_args' from command line to 'None'
[0.853s] Level 5:colcon.colcon_core.verb:set package 'turtle_move_pkg_nea' build argument 'catkin_skip_building_tests' from command line to 'False'
[0.853s] DEBUG:colcon.colcon_core.verb:Building package 'turtle_move_pkg_nea' with the following arguments: {'ament_cmake_args': None, 'build_base': '/home/user1/ros2_ws_2502/build/turtle_move_pkg_nea', 'catkin_cmake_args': None, 'catkin_skip_building_tests': False, 'cmake_args': None, 'cmake_clean_cache': False, 'cmake_clean_first': False, 'cmake_force_configure': False, 'cmake_target': None, 'cmake_target_skip_unavailable': False, 'install_base': '/home/user1/ros2_ws_2502/install/turtle_move_pkg_nea', 'merge_install': False, 'path': '/home/user1/ros2_ws_2502/src/turtle_move_pkg_nea', 'symlink_install': False, 'test_result_base': None}
[0.853s] Level 5:colcon.colcon_core.verb:set package 'twist2tf2_pkg_nea' build argument 'cmake_args' from command line to 'None'
[0.853s] Level 5:colcon.colcon_core.verb:set package 'twist2tf2_pkg_nea' build argument 'cmake_target' from command line to 'None'
[0.853s] Level 5:colcon.colcon_core.verb:set package 'twist2tf2_pkg_nea' build argument 'cmake_target_skip_unavailable' from command line to 'False'
[0.853s] Level 5:colcon.colcon_core.verb:set package 'twist2tf2_pkg_nea' build argument 'cmake_clean_cache' from command line to 'False'
[0.853s] Level 5:colcon.colcon_core.verb:set package 'twist2tf2_pkg_nea' build argument 'cmake_clean_first' from command line to 'False'
[0.853s] Level 5:colcon.colcon_core.verb:set package 'twist2tf2_pkg_nea' build argument 'cmake_force_configure' from command line to 'False'
[0.853s] Level 5:colcon.colcon_core.verb:set package 'twist2tf2_pkg_nea' build argument 'ament_cmake_args' from command line to 'None'
[0.853s] Level 5:colcon.colcon_core.verb:set package 'twist2tf2_pkg_nea' build argument 'catkin_cmake_args' from command line to 'None'
[0.853s] Level 5:colcon.colcon_core.verb:set package 'twist2tf2_pkg_nea' build argument 'catkin_skip_building_tests' from command line to 'False'
[0.853s] DEBUG:colcon.colcon_core.verb:Building package 'twist2tf2_pkg_nea' with the following arguments: {'ament_cmake_args': None, 'build_base': '/home/user1/ros2_ws_2502/build/twist2tf2_pkg_nea', 'catkin_cmake_args': None, 'catkin_skip_building_tests': False, 'cmake_args': None, 'cmake_clean_cache': False, 'cmake_clean_first': False, 'cmake_force_configure': False, 'cmake_target': None, 'cmake_target_skip_unavailable': False, 'install_base': '/home/user1/ros2_ws_2502/install/twist2tf2_pkg_nea', 'merge_install': False, 'path': '/home/user1/ros2_ws_2502/src/twist2tf2_pkg_nea', 'symlink_install': False, 'test_result_base': None}
[0.853s] INFO:colcon.colcon_core.executor:Executing jobs using 'parallel' executor
[0.854s] DEBUG:colcon.colcon_parallel_executor.executor.parallel:run_until_complete
[0.855s] INFO:colcon.colcon_ros.task.ament_python.build:Building ROS package in '/home/user1/ros2_ws_2502/src/E03P02_RI_SMS_NEA' with build type 'ament_python'
[0.855s] Level 1:colcon.colcon_core.shell:create_environment_hook('E03P02_RI_SMS_NEA', 'ament_prefix_path')
[0.865s] INFO:colcon.colcon_core.plugin_system:Skipping extension 'colcon_core.shell.bat': Not used on non-Windows systems
[0.865s] INFO:colcon.colcon_core.shell:Creating environment hook '/home/user1/ros2_ws_2502/install/E03P02_RI_SMS_NEA/share/E03P02_RI_SMS_NEA/hook/ament_prefix_path.ps1'
[0.869s] INFO:colcon.colcon_core.shell:Creating environment descriptor '/home/user1/ros2_ws_2502/install/E03P02_RI_SMS_NEA/share/E03P02_RI_SMS_NEA/hook/ament_prefix_path.dsv'
[0.870s] INFO:colcon.colcon_core.shell:Creating environment hook '/home/user1/ros2_ws_2502/install/E03P02_RI_SMS_NEA/share/E03P02_RI_SMS_NEA/hook/ament_prefix_path.sh'
[0.871s] INFO:colcon.colcon_core.shell:Skip shell extension 'powershell' for command environment: Not usable outside of PowerShell
[0.872s] DEBUG:colcon.colcon_core.shell:Skip shell extension 'dsv' for command environment
[0.877s] INFO:colcon.colcon_ros.task.ament_python.build:Building ROS package in '/home/user1/ros2_ws_2502/src/launch_pkg_nea' with build type 'ament_python'
[0.877s] Level 1:colcon.colcon_core.shell:create_environment_hook('launch_pkg_nea', 'ament_prefix_path')
[0.878s] INFO:colcon.colcon_core.shell:Creating environment hook '/home/user1/ros2_ws_2502/install/launch_pkg_nea/share/launch_pkg_nea/hook/ament_prefix_path.ps1'
[0.878s] INFO:colcon.colcon_core.shell:Creating environment descriptor '/home/user1/ros2_ws_2502/install/launch_pkg_nea/share/launch_pkg_nea/hook/ament_prefix_path.dsv'
[0.879s] INFO:colcon.colcon_core.shell:Creating environment hook '/home/user1/ros2_ws_2502/install/launch_pkg_nea/share/launch_pkg_nea/hook/ament_prefix_path.sh'
[0.880s] INFO:colcon.colcon_core.shell:Skip shell extension 'powershell' for command environment: Not usable outside of PowerShell
[0.880s] DEBUG:colcon.colcon_core.shell:Skip shell extension 'dsv' for command environment
[0.885s] INFO:colcon.colcon_ros.task.ament_python.build:Building ROS package in '/home/user1/ros2_ws_2502/src/modelrobot_pkg_nea' with build type 'ament_python'
[0.885s] Level 1:colcon.colcon_core.shell:create_environment_hook('modelrobot_pkg_nea', 'ament_prefix_path')
[0.885s] INFO:colcon.colcon_core.shell:Creating environment hook '/home/user1/ros2_ws_2502/install/modelrobot_pkg_nea/share/modelrobot_pkg_nea/hook/ament_prefix_path.ps1'
[0.886s] INFO:colcon.colcon_core.shell:Creating environment descriptor '/home/user1/ros2_ws_2502/install/modelrobot_pkg_nea/share/modelrobot_pkg_nea/hook/ament_prefix_path.dsv'
[0.887s] INFO:colcon.colcon_core.shell:Creating environment hook '/home/user1/ros2_ws_2502/install/modelrobot_pkg_nea/share/modelrobot_pkg_nea/hook/ament_prefix_path.sh'
[0.888s] INFO:colcon.colcon_core.shell:Skip shell extension 'powershell' for command environment: Not usable outside of PowerShell
[0.888s] DEBUG:colcon.colcon_core.shell:Skip shell extension 'dsv' for command environment
[0.892s] INFO:colcon.colcon_ros.task.ament_python.build:Building ROS package in '/home/user1/ros2_ws_2502/src/turtle_move_pkg_nea' with build type 'ament_python'
[0.893s] Level 1:colcon.colcon_core.shell:create_environment_hook('turtle_move_pkg_nea', 'ament_prefix_path')
[0.893s] INFO:colcon.colcon_core.shell:Creating environment hook '/home/user1/ros2_ws_2502/install/turtle_move_pkg_nea/share/turtle_move_pkg_nea/hook/ament_prefix_path.ps1'
[0.894s] INFO:colcon.colcon_core.shell:Creating environment descriptor '/home/user1/ros2_ws_2502/install/turtle_move_pkg_nea/share/turtle_move_pkg_nea/hook/ament_prefix_path.dsv'
[0.894s] INFO:colcon.colcon_core.shell:Creating environment hook '/home/user1/ros2_ws_2502/install/turtle_move_pkg_nea/share/turtle_move_pkg_nea/hook/ament_prefix_path.sh'
[0.895s] INFO:colcon.colcon_core.shell:Skip shell extension 'powershell' for command environment: Not usable outside of PowerShell
[0.895s] DEBUG:colcon.colcon_core.shell:Skip shell extension 'dsv' for command environment
[0.899s] INFO:colcon.colcon_ros.task.ament_python.build:Building ROS package in '/home/user1/ros2_ws_2502/src/twist2tf2_pkg_nea' with build type 'ament_python'
[0.900s] Level 1:colcon.colcon_core.shell:create_environment_hook('twist2tf2_pkg_nea', 'ament_prefix_path')
[0.900s] INFO:colcon.colcon_core.shell:Creating environment hook '/home/user1/ros2_ws_2502/install/twist2tf2_pkg_nea/share/twist2tf2_pkg_nea/hook/ament_prefix_path.ps1'
[0.902s] INFO:colcon.colcon_core.shell:Creating environment descriptor '/home/user1/ros2_ws_2502/install/twist2tf2_pkg_nea/share/twist2tf2_pkg_nea/hook/ament_prefix_path.dsv'
[0.902s] INFO:colcon.colcon_core.shell:Creating environment hook '/home/user1/ros2_ws_2502/install/twist2tf2_pkg_nea/share/twist2tf2_pkg_nea/hook/ament_prefix_path.sh'
[0.903s] INFO:colcon.colcon_core.shell:Skip shell extension 'powershell' for command environment: Not usable outside of PowerShell
[0.903s] DEBUG:colcon.colcon_core.shell:Skip shell extension 'dsv' for command environment
[1.202s] INFO:colcon.colcon_core.task.python.build:Building Python package in '/home/user1/ros2_ws_2502/src/E03P02_RI_SMS_NEA'
[1.203s] INFO:colcon.colcon_core.shell:Skip shell extension 'powershell' for command environment: Not usable outside of PowerShell
[1.203s] DEBUG:colcon.colcon_core.shell:Skip shell extension 'dsv' for command environment
[1.478s] INFO:colcon.colcon_core.task.python.build:Building Python package in '/home/user1/ros2_ws_2502/src/launch_pkg_nea'
[1.479s] INFO:colcon.colcon_core.shell:Skip shell extension 'powershell' for command environment: Not usable outside of PowerShell
[1.479s] DEBUG:colcon.colcon_core.shell:Skip shell extension 'dsv' for command environment
[1.744s] INFO:colcon.colcon_core.task.python.build:Building Python package in '/home/user1/ros2_ws_2502/src/modelrobot_pkg_nea'
[1.744s] INFO:colcon.colcon_core.shell:Skip shell extension 'powershell' for command environment: Not usable outside of PowerShell
[1.744s] DEBUG:colcon.colcon_core.shell:Skip shell extension 'dsv' for command environment
[2.018s] INFO:colcon.colcon_core.task.python.build:Building Python package in '/home/user1/ros2_ws_2502/src/turtle_move_pkg_nea'
[2.019s] INFO:colcon.colcon_core.shell:Skip shell extension 'powershell' for command environment: Not usable outside of PowerShell
[2.019s] DEBUG:colcon.colcon_core.shell:Skip shell extension 'dsv' for command environment
[2.287s] INFO:colcon.colcon_core.task.python.build:Building Python package in '/home/user1/ros2_ws_2502/src/twist2tf2_pkg_nea'
[2.287s] INFO:colcon.colcon_core.shell:Skip shell extension 'powershell' for command environment: Not usable outside of PowerShell
[2.288s] DEBUG:colcon.colcon_core.shell:Skip shell extension 'dsv' for command environment
[3.046s] DEBUG:colcon.colcon_core.event_handler.log_command:Invoking command in '/home/user1/ros2_ws_2502/build/modelrobot_pkg_nea': PYTHONPATH=/home/user1/ros2_ws_2502/build/modelrobot_pkg_nea/prefix_override:/usr/lib/python3/dist-packages/colcon_core/task/python/colcon_distutils_commands:/home/user1/ros2_ws_2502/install/modelrobot_pkg_nea/lib/python3.10/site-packages:${PYTHONPATH} /usr/bin/python3 -W ignore:setup.py install is deprecated -W ignore:easy_install command is deprecated setup.py develop --uninstall --editable --build-directory /home/user1/ros2_ws_2502/build/modelrobot_pkg_nea/build
[3.057s] DEBUG:colcon.colcon_core.event_handler.log_command:Invoking command in '/home/user1/ros2_ws_2502/build/turtle_move_pkg_nea': PYTHONPATH=/home/user1/ros2_ws_2502/build/turtle_move_pkg_nea/prefix_override:/usr/lib/python3/dist-packages/colcon_core/task/python/colcon_distutils_commands:/home/user1/ros2_ws_2502/install/turtle_move_pkg_nea/lib/python3.10/site-packages:${PYTHONPATH} /usr/bin/python3 -W ignore:setup.py install is deprecated -W ignore:easy_install command is deprecated setup.py develop --uninstall --editable --build-directory /home/user1/ros2_ws_2502/build/turtle_move_pkg_nea/build
[3.061s] DEBUG:colcon.colcon_core.event_handler.log_command:Invoking command in '/home/user1/ros2_ws_2502/src/E03P02_RI_SMS_NEA': PYTHONPATH=/home/user1/ros2_ws_2502/build/E03P02_RI_SMS_NEA/prefix_override:/usr/lib/python3/dist-packages/colcon_core/task/python/colcon_distutils_commands:/home/user1/ros2_ws_2502/install/E03P02_RI_SMS_NEA/lib/python3.10/site-packages:${PYTHONPATH} /usr/bin/python3 -W ignore:setup.py install is deprecated -W ignore:easy_install command is deprecated setup.py egg_info --egg-base ../../build/E03P02_RI_SMS_NEA build --build-base /home/user1/ros2_ws_2502/build/E03P02_RI_SMS_NEA/build install --record /home/user1/ros2_ws_2502/build/E03P02_RI_SMS_NEA/install.log --single-version-externally-managed install_data
[3.062s] DEBUG:colcon.colcon_core.event_handler.log_command:Invoking command in '/home/user1/ros2_ws_2502/build/launch_pkg_nea': PYTHONPATH=/home/user1/ros2_ws_2502/build/launch_pkg_nea/prefix_override:/usr/lib/python3/dist-packages/colcon_core/task/python/colcon_distutils_commands:/home/user1/ros2_ws_2502/install/launch_pkg_nea/lib/python3.10/site-packages:${PYTHONPATH} /usr/bin/python3 -W ignore:setup.py install is deprecated -W ignore:easy_install command is deprecated setup.py develop --uninstall --editable --build-directory /home/user1/ros2_ws_2502/build/launch_pkg_nea/build
[3.063s] DEBUG:colcon.colcon_core.event_handler.log_command:Invoking command in '/home/user1/ros2_ws_2502/build/twist2tf2_pkg_nea': PYTHONPATH=/home/user1/ros2_ws_2502/build/twist2tf2_pkg_nea/prefix_override:/usr/lib/python3/dist-packages/colcon_core/task/python/colcon_distutils_commands:/home/user1/ros2_ws_2502/install/twist2tf2_pkg_nea/lib/python3.10/site-packages:${PYTHONPATH} /usr/bin/python3 -W ignore:setup.py install is deprecated -W ignore:easy_install command is deprecated setup.py develop --uninstall --editable --build-directory /home/user1/ros2_ws_2502/build/twist2tf2_pkg_nea/build
[3.476s] DEBUG:colcon.colcon_core.event_handler.log_command:Invoked command in '/home/user1/ros2_ws_2502/src/E03P02_RI_SMS_NEA' returned '0': PYTHONPATH=/home/user1/ros2_ws_2502/build/E03P02_RI_SMS_NEA/prefix_override:/usr/lib/python3/dist-packages/colcon_core/task/python/colcon_distutils_commands:/home/user1/ros2_ws_2502/install/E03P02_RI_SMS_NEA/lib/python3.10/site-packages:${PYTHONPATH} /usr/bin/python3 -W ignore:setup.py install is deprecated -W ignore:easy_install command is deprecated setup.py egg_info --egg-base ../../build/E03P02_RI_SMS_NEA build --build-base /home/user1/ros2_ws_2502/build/E03P02_RI_SMS_NEA/build install --record /home/user1/ros2_ws_2502/build/E03P02_RI_SMS_NEA/install.log --single-version-externally-managed install_data
[3.486s] Level 1:colcon.colcon_core.environment:checking '/home/user1/ros2_ws_2502/install/E03P02_RI_SMS_NEA' for CMake module files
[3.487s] Level 1:colcon.colcon_core.environment:checking '/home/user1/ros2_ws_2502/install/E03P02_RI_SMS_NEA' for CMake config files
[3.488s] Level 1:colcon.colcon_core.environment:checking '/home/user1/ros2_ws_2502/install/E03P02_RI_SMS_NEA/lib'
[3.488s] Level 1:colcon.colcon_core.environment:checking '/home/user1/ros2_ws_2502/install/E03P02_RI_SMS_NEA/bin'
[3.488s] Level 1:colcon.colcon_core.environment:checking '/home/user1/ros2_ws_2502/install/E03P02_RI_SMS_NEA/lib/pkgconfig/E03P02_RI_SMS_NEA.pc'
[3.488s] Level 1:colcon.colcon_core.environment:checking '/home/user1/ros2_ws_2502/install/E03P02_RI_SMS_NEA/lib/python3.10/site-packages'
[3.488s] Level 1:colcon.colcon_core.shell:create_environment_hook('E03P02_RI_SMS_NEA', 'pythonpath')
[3.489s] INFO:colcon.colcon_core.shell:Creating environment hook '/home/user1/ros2_ws_2502/install/E03P02_RI_SMS_NEA/share/E03P02_RI_SMS_NEA/hook/pythonpath.ps1'
[3.489s] INFO:colcon.colcon_core.shell:Creating environment descriptor '/home/user1/ros2_ws_2502/install/E03P02_RI_SMS_NEA/share/E03P02_RI_SMS_NEA/hook/pythonpath.dsv'
[3.490s] INFO:colcon.colcon_core.shell:Creating environment hook '/home/user1/ros2_ws_2502/install/E03P02_RI_SMS_NEA/share/E03P02_RI_SMS_NEA/hook/pythonpath.sh'
[3.491s] Level 1:colcon.colcon_core.environment:checking '/home/user1/ros2_ws_2502/install/E03P02_RI_SMS_NEA/bin'
[3.491s] Level 1:colcon.colcon_core.environment:create_environment_scripts_only(E03P02_RI_SMS_NEA)
[3.492s] INFO:colcon.colcon_core.shell:Creating package script '/home/user1/ros2_ws_2502/install/E03P02_RI_SMS_NEA/share/E03P02_RI_SMS_NEA/package.ps1'
[3.493s] INFO:colcon.colcon_core.shell:Creating package descriptor '/home/user1/ros2_ws_2502/install/E03P02_RI_SMS_NEA/share/E03P02_RI_SMS_NEA/package.dsv'
[3.494s] INFO:colcon.colcon_core.shell:Creating package script '/home/user1/ros2_ws_2502/install/E03P02_RI_SMS_NEA/share/E03P02_RI_SMS_NEA/package.sh'
[3.495s] INFO:colcon.colcon_core.shell:Creating package script '/home/user1/ros2_ws_2502/install/E03P02_RI_SMS_NEA/share/E03P02_RI_SMS_NEA/package.bash'
[3.496s] INFO:colcon.colcon_core.shell:Creating package script '/home/user1/ros2_ws_2502/install/E03P02_RI_SMS_NEA/share/E03P02_RI_SMS_NEA/package.zsh'
[3.498s] Level 1:colcon.colcon_core.environment:create_file_with_runtime_dependencies(/home/user1/ros2_ws_2502/install/E03P02_RI_SMS_NEA/share/colcon-core/packages/E03P02_RI_SMS_NEA)
[3.601s] DEBUG:colcon.colcon_core.event_handler.log_command:Invoked command in '/home/user1/ros2_ws_2502/build/twist2tf2_pkg_nea' returned '0': PYTHONPATH=/home/user1/ros2_ws_2502/build/twist2tf2_pkg_nea/prefix_override:/usr/lib/python3/dist-packages/colcon_core/task/python/colcon_distutils_commands:/home/user1/ros2_ws_2502/install/twist2tf2_pkg_nea/lib/python3.10/site-packages:${PYTHONPATH} /usr/bin/python3 -W ignore:setup.py install is deprecated -W ignore:easy_install command is deprecated setup.py develop --uninstall --editable --build-directory /home/user1/ros2_ws_2502/build/twist2tf2_pkg_nea/build
[3.605s] DEBUG:colcon.colcon_core.event_handler.log_command:Invoking command in '/home/user1/ros2_ws_2502/src/twist2tf2_pkg_nea': PYTHONPATH=/home/user1/ros2_ws_2502/build/twist2tf2_pkg_nea/prefix_override:/usr/lib/python3/dist-packages/colcon_core/task/python/colcon_distutils_commands:/home/user1/ros2_ws_2502/install/twist2tf2_pkg_nea/lib/python3.10/site-packages:${PYTHONPATH} /usr/bin/python3 -W ignore:setup.py install is deprecated -W ignore:easy_install command is deprecated setup.py egg_info --egg-base ../../build/twist2tf2_pkg_nea build --build-base /home/user1/ros2_ws_2502/build/twist2tf2_pkg_nea/build install --record /home/user1/ros2_ws_2502/build/twist2tf2_pkg_nea/install.log --single-version-externally-managed install_data --force
[3.620s] DEBUG:colcon.colcon_core.event_handler.log_command:Invoked command in '/home/user1/ros2_ws_2502/build/launch_pkg_nea' returned '0': PYTHONPATH=/home/user1/ros2_ws_2502/build/launch_pkg_nea/prefix_override:/usr/lib/python3/dist-packages/colcon_core/task/python/colcon_distutils_commands:/home/user1/ros2_ws_2502/install/launch_pkg_nea/lib/python3.10/site-packages:${PYTHONPATH} /usr/bin/python3 -W ignore:setup.py install is deprecated -W ignore:easy_install command is deprecated setup.py develop --uninstall --editable --build-directory /home/user1/ros2_ws_2502/build/launch_pkg_nea/build
[3.623s] DEBUG:colcon.colcon_core.event_handler.log_command:Invoking command in '/home/user1/ros2_ws_2502/src/launch_pkg_nea': PYTHONPATH=/home/user1/ros2_ws_2502/build/launch_pkg_nea/prefix_override:/usr/lib/python3/dist-packages/colcon_core/task/python/colcon_distutils_commands:/home/user1/ros2_ws_2502/install/launch_pkg_nea/lib/python3.10/site-packages:${PYTHONPATH} /usr/bin/python3 -W ignore:setup.py install is deprecated -W ignore:easy_install command is deprecated setup.py egg_info --egg-base ../../build/launch_pkg_nea build --build-base /home/user1/ros2_ws_2502/build/launch_pkg_nea/build install --record /home/user1/ros2_ws_2502/build/launch_pkg_nea/install.log --single-version-externally-managed install_data --force
[3.657s] DEBUG:colcon.colcon_core.event_handler.log_command:Invoked command in '/home/user1/ros2_ws_2502/build/modelrobot_pkg_nea' returned '0': PYTHONPATH=/home/user1/ros2_ws_2502/build/modelrobot_pkg_nea/prefix_override:/usr/lib/python3/dist-packages/colcon_core/task/python/colcon_distutils_commands:/home/user1/ros2_ws_2502/install/modelrobot_pkg_nea/lib/python3.10/site-packages:${PYTHONPATH} /usr/bin/python3 -W ignore:setup.py install is deprecated -W ignore:easy_install command is deprecated setup.py develop --uninstall --editable --build-directory /home/user1/ros2_ws_2502/build/modelrobot_pkg_nea/build
[3.660s] DEBUG:colcon.colcon_core.event_handler.log_command:Invoking command in '/home/user1/ros2_ws_2502/src/modelrobot_pkg_nea': PYTHONPATH=/home/user1/ros2_ws_2502/build/modelrobot_pkg_nea/prefix_override:/usr/lib/python3/dist-packages/colcon_core/task/python/colcon_distutils_commands:/home/user1/ros2_ws_2502/install/modelrobot_pkg_nea/lib/python3.10/site-packages:${PYTHONPATH} /usr/bin/python3 -W ignore:setup.py install is deprecated -W ignore:easy_install command is deprecated setup.py egg_info --egg-base ../../build/modelrobot_pkg_nea build --build-base /home/user1/ros2_ws_2502/build/modelrobot_pkg_nea/build install --record /home/user1/ros2_ws_2502/build/modelrobot_pkg_nea/install.log --single-version-externally-managed install_data --force
[3.664s] DEBUG:colcon.colcon_core.event_handler.log_command:Invoked command in '/home/user1/ros2_ws_2502/build/turtle_move_pkg_nea' returned '0': PYTHONPATH=/home/user1/ros2_ws_2502/build/turtle_move_pkg_nea/prefix_override:/usr/lib/python3/dist-packages/colcon_core/task/python/colcon_distutils_commands:/home/user1/ros2_ws_2502/install/turtle_move_pkg_nea/lib/python3.10/site-packages:${PYTHONPATH} /usr/bin/python3 -W ignore:setup.py install is deprecated -W ignore:easy_install command is deprecated setup.py develop --uninstall --editable --build-directory /home/user1/ros2_ws_2502/build/turtle_move_pkg_nea/build
[3.667s] DEBUG:colcon.colcon_core.event_handler.log_command:Invoking command in '/home/user1/ros2_ws_2502/src/turtle_move_pkg_nea': PYTHONPATH=/home/user1/ros2_ws_2502/build/turtle_move_pkg_nea/prefix_override:/usr/lib/python3/dist-packages/colcon_core/task/python/colcon_distutils_commands:/home/user1/ros2_ws_2502/install/turtle_move_pkg_nea/lib/python3.10/site-packages:${PYTHONPATH} /usr/bin/python3 -W ignore:setup.py install is deprecated -W ignore:easy_install command is deprecated setup.py egg_info --egg-base ../../build/turtle_move_pkg_nea build --build-base /home/user1/ros2_ws_2502/build/turtle_move_pkg_nea/build install --record /home/user1/ros2_ws_2502/build/turtle_move_pkg_nea/install.log --single-version-externally-managed install_data --force
[4.002s] Level 1:colcon.colcon_core.environment:checking '/home/user1/ros2_ws_2502/install/twist2tf2_pkg_nea' for CMake module files
[4.003s] DEBUG:colcon.colcon_core.event_handler.log_command:Invoked command in '/home/user1/ros2_ws_2502/src/twist2tf2_pkg_nea' returned '0': PYTHONPATH=/home/user1/ros2_ws_2502/build/twist2tf2_pkg_nea/prefix_override:/usr/lib/python3/dist-packages/colcon_core/task/python/colcon_distutils_commands:/home/user1/ros2_ws_2502/install/twist2tf2_pkg_nea/lib/python3.10/site-packages:${PYTHONPATH} /usr/bin/python3 -W ignore:setup.py install is deprecated -W ignore:easy_install command is deprecated setup.py egg_info --egg-base ../../build/twist2tf2_pkg_nea build --build-base /home/user1/ros2_ws_2502/build/twist2tf2_pkg_nea/build install --record /home/user1/ros2_ws_2502/build/twist2tf2_pkg_nea/install.log --single-version-externally-managed install_data --force
[4.004s] Level 1:colcon.colcon_core.environment:checking '/home/user1/ros2_ws_2502/install/twist2tf2_pkg_nea' for CMake config files
[4.005s] Level 1:colcon.colcon_core.environment:checking '/home/user1/ros2_ws_2502/install/twist2tf2_pkg_nea/lib'
[4.005s] Level 1:colcon.colcon_core.environment:checking '/home/user1/ros2_ws_2502/install/twist2tf2_pkg_nea/bin'
[4.006s] Level 1:colcon.colcon_core.environment:checking '/home/user1/ros2_ws_2502/install/twist2tf2_pkg_nea/lib/pkgconfig/twist2tf2_pkg_nea.pc'
[4.006s] Level 1:colcon.colcon_core.environment:checking '/home/user1/ros2_ws_2502/install/twist2tf2_pkg_nea/lib/python3.10/site-packages'
[4.006s] Level 1:colcon.colcon_core.shell:create_environment_hook('twist2tf2_pkg_nea', 'pythonpath')
[4.007s] INFO:colcon.colcon_core.shell:Creating environment hook '/home/user1/ros2_ws_2502/install/twist2tf2_pkg_nea/share/twist2tf2_pkg_nea/hook/pythonpath.ps1'
[4.008s] INFO:colcon.colcon_core.shell:Creating environment descriptor '/home/user1/ros2_ws_2502/install/twist2tf2_pkg_nea/share/twist2tf2_pkg_nea/hook/pythonpath.dsv'
[4.009s] INFO:colcon.colcon_core.shell:Creating environment hook '/home/user1/ros2_ws_2502/install/twist2tf2_pkg_nea/share/twist2tf2_pkg_nea/hook/pythonpath.sh'
[4.010s] Level 1:colcon.colcon_core.environment:checking '/home/user1/ros2_ws_2502/install/twist2tf2_pkg_nea/bin'
[4.010s] Level 1:colcon.colcon_core.environment:create_environment_scripts_only(twist2tf2_pkg_nea)
[4.011s] INFO:colcon.colcon_core.shell:Creating package script '/home/user1/ros2_ws_2502/install/twist2tf2_pkg_nea/share/twist2tf2_pkg_nea/package.ps1'
[4.012s] INFO:colcon.colcon_core.shell:Creating package descriptor '/home/user1/ros2_ws_2502/install/twist2tf2_pkg_nea/share/twist2tf2_pkg_nea/package.dsv'
[4.012s] INFO:colcon.colcon_core.shell:Creating package script '/home/user1/ros2_ws_2502/install/twist2tf2_pkg_nea/share/twist2tf2_pkg_nea/package.sh'
[4.013s] INFO:colcon.colcon_core.shell:Creating package script '/home/user1/ros2_ws_2502/install/twist2tf2_pkg_nea/share/twist2tf2_pkg_nea/package.bash'
[4.013s] INFO:colcon.colcon_core.shell:Creating package script '/home/user1/ros2_ws_2502/install/twist2tf2_pkg_nea/share/twist2tf2_pkg_nea/package.zsh'
[4.014s] Level 1:colcon.colcon_core.environment:create_file_with_runtime_dependencies(/home/user1/ros2_ws_2502/install/twist2tf2_pkg_nea/share/colcon-core/packages/twist2tf2_pkg_nea)
[4.017s] Level 1:colcon.colcon_core.environment:checking '/home/user1/ros2_ws_2502/install/launch_pkg_nea' for CMake module files
[4.019s] DEBUG:colcon.colcon_core.event_handler.log_command:Invoked command in '/home/user1/ros2_ws_2502/src/launch_pkg_nea' returned '0': PYTHONPATH=/home/user1/ros2_ws_2502/build/launch_pkg_nea/prefix_override:/usr/lib/python3/dist-packages/colcon_core/task/python/colcon_distutils_commands:/home/user1/ros2_ws_2502/install/launch_pkg_nea/lib/python3.10/site-packages:${PYTHONPATH} /usr/bin/python3 -W ignore:setup.py install is deprecated -W ignore:easy_install command is deprecated setup.py egg_info --egg-base ../../build/launch_pkg_nea build --build-base /home/user1/ros2_ws_2502/build/launch_pkg_nea/build install --record /home/user1/ros2_ws_2502/build/launch_pkg_nea/install.log --single-version-externally-managed install_data --force
[4.020s] Level 1:colcon.colcon_core.environment:checking '/home/user1/ros2_ws_2502/install/launch_pkg_nea' for CMake config files
[4.020s] Level 1:colcon.colcon_core.environment:checking '/home/user1/ros2_ws_2502/install/launch_pkg_nea/lib'
[4.021s] Level 1:colcon.colcon_core.environment:checking '/home/user1/ros2_ws_2502/install/launch_pkg_nea/bin'
[4.021s] Level 1:colcon.colcon_core.environment:checking '/home/user1/ros2_ws_2502/install/launch_pkg_nea/lib/pkgconfig/launch_pkg_nea.pc'
[4.021s] Level 1:colcon.colcon_core.environment:checking '/home/user1/ros2_ws_2502/install/launch_pkg_nea/lib/python3.10/site-packages'
[4.021s] Level 1:colcon.colcon_core.shell:create_environment_hook('launch_pkg_nea', 'pythonpath')
[4.021s] INFO:colcon.colcon_core.shell:Creating environment hook '/home/user1/ros2_ws_2502/install/launch_pkg_nea/share/launch_pkg_nea/hook/pythonpath.ps1'
[4.022s] INFO:colcon.colcon_core.shell:Creating environment descriptor '/home/user1/ros2_ws_2502/install/launch_pkg_nea/share/launch_pkg_nea/hook/pythonpath.dsv'
[4.023s] INFO:colcon.colcon_core.shell:Creating environment hook '/home/user1/ros2_ws_2502/install/launch_pkg_nea/share/launch_pkg_nea/hook/pythonpath.sh'
[4.023s] Level 1:colcon.colcon_core.environment:checking '/home/user1/ros2_ws_2502/install/launch_pkg_nea/bin'
[4.024s] Level 1:colcon.colcon_core.environment:create_environment_scripts_only(launch_pkg_nea)
[4.024s] INFO:colcon.colcon_core.shell:Creating package script '/home/user1/ros2_ws_2502/install/launch_pkg_nea/share/launch_pkg_nea/package.ps1'
[4.025s] INFO:colcon.colcon_core.shell:Creating package descriptor '/home/user1/ros2_ws_2502/install/launch_pkg_nea/share/launch_pkg_nea/package.dsv'
[4.025s] INFO:colcon.colcon_core.shell:Creating package script '/home/user1/ros2_ws_2502/install/launch_pkg_nea/share/launch_pkg_nea/package.sh'
[4.026s] INFO:colcon.colcon_core.shell:Creating package script '/home/user1/ros2_ws_2502/install/launch_pkg_nea/share/launch_pkg_nea/package.bash'
[4.026s] INFO:colcon.colcon_core.shell:Creating package script '/home/user1/ros2_ws_2502/install/launch_pkg_nea/share/launch_pkg_nea/package.zsh'
[4.027s] Level 1:colcon.colcon_core.environment:create_file_with_runtime_dependencies(/home/user1/ros2_ws_2502/install/launch_pkg_nea/share/colcon-core/packages/launch_pkg_nea)
[4.051s] Level 1:colcon.colcon_core.environment:checking '/home/user1/ros2_ws_2502/install/modelrobot_pkg_nea' for CMake module files
[4.052s] DEBUG:colcon.colcon_core.event_handler.log_command:Invoked command in '/home/user1/ros2_ws_2502/src/modelrobot_pkg_nea' returned '0': PYTHONPATH=/home/user1/ros2_ws_2502/build/modelrobot_pkg_nea/prefix_override:/usr/lib/python3/dist-packages/colcon_core/task/python/colcon_distutils_commands:/home/user1/ros2_ws_2502/install/modelrobot_pkg_nea/lib/python3.10/site-packages:${PYTHONPATH} /usr/bin/python3 -W ignore:setup.py install is deprecated -W ignore:easy_install command is deprecated setup.py egg_info --egg-base ../../build/modelrobot_pkg_nea build --build-base /home/user1/ros2_ws_2502/build/modelrobot_pkg_nea/build install --record /home/user1/ros2_ws_2502/build/modelrobot_pkg_nea/install.log --single-version-externally-managed install_data --force
[4.052s] Level 1:colcon.colcon_core.environment:checking '/home/user1/ros2_ws_2502/install/modelrobot_pkg_nea' for CMake config files
[4.053s] Level 1:colcon.colcon_core.environment:checking '/home/user1/ros2_ws_2502/install/modelrobot_pkg_nea/lib'
[4.053s] Level 1:colcon.colcon_core.environment:checking '/home/user1/ros2_ws_2502/install/modelrobot_pkg_nea/bin'
[4.053s] Level 1:colcon.colcon_core.environment:checking '/home/user1/ros2_ws_2502/install/modelrobot_pkg_nea/lib/pkgconfig/modelrobot_pkg_nea.pc'
[4.053s] Level 1:colcon.colcon_core.environment:checking '/home/user1/ros2_ws_2502/install/modelrobot_pkg_nea/lib/python3.10/site-packages'
[4.054s] Level 1:colcon.colcon_core.shell:create_environment_hook('modelrobot_pkg_nea', 'pythonpath')
[4.054s] INFO:colcon.colcon_core.shell:Creating environment hook '/home/user1/ros2_ws_2502/install/modelrobot_pkg_nea/share/modelrobot_pkg_nea/hook/pythonpath.ps1'
[4.054s] INFO:colcon.colcon_core.shell:Creating environment descriptor '/home/user1/ros2_ws_2502/install/modelrobot_pkg_nea/share/modelrobot_pkg_nea/hook/pythonpath.dsv'
[4.055s] INFO:colcon.colcon_core.shell:Creating environment hook '/home/user1/ros2_ws_2502/install/modelrobot_pkg_nea/share/modelrobot_pkg_nea/hook/pythonpath.sh'
[4.055s] Level 1:colcon.colcon_core.environment:checking '/home/user1/ros2_ws_2502/install/modelrobot_pkg_nea/bin'
[4.055s] Level 1:colcon.colcon_core.environment:create_environment_scripts_only(modelrobot_pkg_nea)
[4.056s] INFO:colcon.colcon_core.shell:Creating package script '/home/user1/ros2_ws_2502/install/modelrobot_pkg_nea/share/modelrobot_pkg_nea/package.ps1'
[4.056s] INFO:colcon.colcon_core.shell:Creating package descriptor '/home/user1/ros2_ws_2502/install/modelrobot_pkg_nea/share/modelrobot_pkg_nea/package.dsv'
[4.056s] INFO:colcon.colcon_core.shell:Creating package script '/home/user1/ros2_ws_2502/install/modelrobot_pkg_nea/share/modelrobot_pkg_nea/package.sh'
[4.057s] INFO:colcon.colcon_core.shell:Creating package script '/home/user1/ros2_ws_2502/install/modelrobot_pkg_nea/share/modelrobot_pkg_nea/package.bash'
[4.057s] INFO:colcon.colcon_core.shell:Creating package script '/home/user1/ros2_ws_2502/install/modelrobot_pkg_nea/share/modelrobot_pkg_nea/package.zsh'
[4.058s] Level 1:colcon.colcon_core.environment:create_file_with_runtime_dependencies(/home/user1/ros2_ws_2502/install/modelrobot_pkg_nea/share/colcon-core/packages/modelrobot_pkg_nea)
[4.059s] Level 1:colcon.colcon_core.environment:checking '/home/user1/ros2_ws_2502/install/turtle_move_pkg_nea' for CMake module files
[4.060s] Level 1:colcon.colcon_core.environment:checking '/home/user1/ros2_ws_2502/install/turtle_move_pkg_nea' for CMake config files
[4.060s] DEBUG:colcon.colcon_core.event_handler.log_command:Invoked command in '/home/user1/ros2_ws_2502/src/turtle_move_pkg_nea' returned '0': PYTHONPATH=/home/user1/ros2_ws_2502/build/turtle_move_pkg_nea/prefix_override:/usr/lib/python3/dist-packages/colcon_core/task/python/colcon_distutils_commands:/home/user1/ros2_ws_2502/install/turtle_move_pkg_nea/lib/python3.10/site-packages:${PYTHONPATH} /usr/bin/python3 -W ignore:setup.py install is deprecated -W ignore:easy_install command is deprecated setup.py egg_info --egg-base ../../build/turtle_move_pkg_nea build --build-base /home/user1/ros2_ws_2502/build/turtle_move_pkg_nea/build install --record /home/user1/ros2_ws_2502/build/turtle_move_pkg_nea/install.log --single-version-externally-managed install_data --force
[4.062s] Level 1:colcon.colcon_core.environment:checking '/home/user1/ros2_ws_2502/install/turtle_move_pkg_nea/lib'
[4.062s] Level 1:colcon.colcon_core.environment:checking '/home/user1/ros2_ws_2502/install/turtle_move_pkg_nea/bin'
[4.062s] Level 1:colcon.colcon_core.environment:checking '/home/user1/ros2_ws_2502/install/turtle_move_pkg_nea/lib/pkgconfig/turtle_move_pkg_nea.pc'
[4.062s] Level 1:colcon.colcon_core.environment:checking '/home/user1/ros2_ws_2502/install/turtle_move_pkg_nea/lib/python3.10/site-packages'
[4.062s] Level 1:colcon.colcon_core.shell:create_environment_hook('turtle_move_pkg_nea', 'pythonpath')
[4.063s] INFO:colcon.colcon_core.shell:Creating environment hook '/home/user1/ros2_ws_2502/install/turtle_move_pkg_nea/share/turtle_move_pkg_nea/hook/pythonpath.ps1'
[4.063s] INFO:colcon.colcon_core.shell:Creating environment descriptor '/home/user1/ros2_ws_2502/install/turtle_move_pkg_nea/share/turtle_move_pkg_nea/hook/pythonpath.dsv'
[4.064s] INFO:colcon.colcon_core.shell:Creating environment hook '/home/user1/ros2_ws_2502/install/turtle_move_pkg_nea/share/turtle_move_pkg_nea/hook/pythonpath.sh'
[4.064s] Level 1:colcon.colcon_core.environment:checking '/home/user1/ros2_ws_2502/install/turtle_move_pkg_nea/bin'
[4.065s] Level 1:colcon.colcon_core.environment:create_environment_scripts_only(turtle_move_pkg_nea)
[4.065s] INFO:colcon.colcon_core.shell:Creating package script '/home/user1/ros2_ws_2502/install/turtle_move_pkg_nea/share/turtle_move_pkg_nea/package.ps1'
[4.066s] INFO:colcon.colcon_core.shell:Creating package descriptor '/home/user1/ros2_ws_2502/install/turtle_move_pkg_nea/share/turtle_move_pkg_nea/package.dsv'
[4.066s] INFO:colcon.colcon_core.shell:Creating package script '/home/user1/ros2_ws_2502/install/turtle_move_pkg_nea/share/turtle_move_pkg_nea/package.sh'
[4.067s] INFO:colcon.colcon_core.shell:Creating package script '/home/user1/ros2_ws_2502/install/turtle_move_pkg_nea/share/turtle_move_pkg_nea/package.bash'
[4.067s] INFO:colcon.colcon_core.shell:Creating package script '/home/user1/ros2_ws_2502/install/turtle_move_pkg_nea/share/turtle_move_pkg_nea/package.zsh'
[4.067s] Level 1:colcon.colcon_core.environment:create_file_with_runtime_dependencies(/home/user1/ros2_ws_2502/install/turtle_move_pkg_nea/share/colcon-core/packages/turtle_move_pkg_nea)
[4.068s] DEBUG:colcon.colcon_parallel_executor.executor.parallel:closing loop
[4.069s] DEBUG:colcon.colcon_parallel_executor.executor.parallel:loop closed
[4.069s] DEBUG:colcon.colcon_parallel_executor.executor.parallel:run_until_complete finished with '0'
[4.069s] DEBUG:colcon.colcon_core.event_reactor:joining thread
[4.110s] INFO:colcon.colcon_core.plugin_system:Skipping extension 'colcon_notification.desktop_notification.notify_send': Could not find 'notify-send'
[4.111s] INFO:colcon.colcon_core.plugin_system:Skipping extension 'colcon_notification.desktop_notification.terminal_notifier': Not used on non-Darwin systems
[4.111s] INFO:colcon.colcon_core.plugin_system:Skipping extension 'colcon_notification.desktop_notification.win32': Not used on non-Windows systems
[4.111s] INFO:colcon.colcon_notification.desktop_notification:Sending desktop notification using 'notify2'
[4.112s] DEBUG:colcon.colcon_notification.desktop_notification.notify2:Failed to initialize notify2: org.freedesktop.DBus.Error.ServiceUnknown: The name org.freedesktop.Notifications was not provided by any .service files
[4.112s] DEBUG:colcon.colcon_core.event_reactor:joined thread
[4.113s] INFO:colcon.colcon_core.shell:Creating prefix script '/home/user1/ros2_ws_2502/install/local_setup.ps1'
[4.115s] INFO:colcon.colcon_core.shell:Creating prefix util module '/home/user1/ros2_ws_2502/install/_local_setup_util_ps1.py'
[4.117s] INFO:colcon.colcon_core.shell:Creating prefix chain script '/home/user1/ros2_ws_2502/install/setup.ps1'
[4.118s] INFO:colcon.colcon_core.shell:Creating prefix script '/home/user1/ros2_ws_2502/install/local_setup.sh'
[4.119s] INFO:colcon.colcon_core.shell:Creating prefix util module '/home/user1/ros2_ws_2502/install/_local_setup_util_sh.py'
[4.120s] INFO:colcon.colcon_core.shell:Creating prefix chain script '/home/user1/ros2_ws_2502/install/setup.sh'
[4.121s] INFO:colcon.colcon_core.shell:Creating prefix script '/home/user1/ros2_ws_2502/install/local_setup.bash'
[4.122s] INFO:colcon.colcon_core.shell:Creating prefix chain script '/home/user1/ros2_ws_2502/install/setup.bash'
[4.124s] INFO:colcon.colcon_core.shell:Creating prefix script '/home/user1/ros2_ws_2502/install/local_setup.zsh'
[4.125s] INFO:colcon.colcon_core.shell:Creating prefix chain script '/home/user1/ros2_ws_2502/install/setup.zsh'
