running develop
Removing /home/user1/ros2_ws_2502/install/modelrobot_pkg_nea/lib/python3.10/site-packages/modelrobot-pkg-nea.egg-link (link to .)
running egg_info
writing ../../build/modelrobot_pkg_nea/modelrobot_pkg_nea.egg-info/PKG-INFO
writing dependency_links to ../../build/modelrobot_pkg_nea/modelrobot_pkg_nea.egg-info/dependency_links.txt
writing entry points to ../../build/modelrobot_pkg_nea/modelrobot_pkg_nea.egg-info/entry_points.txt
writing requirements to ../../build/modelrobot_pkg_nea/modelrobot_pkg_nea.egg-info/requires.txt
writing top-level names to ../../build/modelrobot_pkg_nea/modelrobot_pkg_nea.egg-info/top_level.txt
reading manifest file '../../build/modelrobot_pkg_nea/modelrobot_pkg_nea.egg-info/SOURCES.txt'
writing manifest file '../../build/modelrobot_pkg_nea/modelrobot_pkg_nea.egg-info/SOURCES.txt'
running build
running build_py
running install
running install_lib
creating /home/user1/ros2_ws_2502/install/modelrobot_pkg_nea/lib/python3.10/site-packages/modelrobot_pkg_nea
copying /home/user1/ros2_ws_2502/build/modelrobot_pkg_nea/build/lib/modelrobot_pkg_nea/__init__.py -> /home/user1/ros2_ws_2502/install/modelrobot_pkg_nea/lib/python3.10/site-packages/modelrobot_pkg_nea
byte-compiling /home/user1/ros2_ws_2502/install/modelrobot_pkg_nea/lib/python3.10/site-packages/modelrobot_pkg_nea/__init__.py to __init__.cpython-310.pyc
running install_data
copying resource/modelrobot_pkg_nea -> /home/user1/ros2_ws_2502/install/modelrobot_pkg_nea/share/ament_index/resource_index/packages
copying package.xml -> /home/user1/ros2_ws_2502/install/modelrobot_pkg_nea/share/modelrobot_pkg_nea
copying launch/robot_launch_nea.launch.py -> /home/user1/ros2_ws_2502/install/modelrobot_pkg_nea/share/modelrobot_pkg_nea/launch
copying model/rviz_config.rviz -> /home/user1/ros2_ws_2502/install/modelrobot_pkg_nea/share/modelrobot_pkg_nea/model
copying model/robot_car_nea.urdf.xacro -> /home/user1/ros2_ws_2502/install/modelrobot_pkg_nea/share/modelrobot_pkg_nea/model
running install_egg_info
Copying ../../build/modelrobot_pkg_nea/modelrobot_pkg_nea.egg-info to /home/user1/ros2_ws_2502/install/modelrobot_pkg_nea/lib/python3.10/site-packages/modelrobot_pkg_nea-0.0.0-py3.10.egg-info
running install_scripts
writing list of installed files to '/home/user1/ros2_ws_2502/build/modelrobot_pkg_nea/install.log'
