running egg_info
writing ../../build/E03P02_RI_SMS_NEA/E03P02_RI_SMS_NEA.egg-info/PKG-INFO
writing dependency_links to ../../build/E03P02_RI_SMS_NEA/E03P02_RI_SMS_NEA.egg-info/dependency_links.txt
writing entry points to ../../build/E03P02_RI_SMS_NEA/E03P02_RI_SMS_NEA.egg-info/entry_points.txt
writing requirements to ../../build/E03P02_RI_SMS_NEA/E03P02_RI_SMS_NEA.egg-info/requires.txt
writing top-level names to ../../build/E03P02_RI_SMS_NEA/E03P02_RI_SMS_NEA.egg-info/top_level.txt
reading manifest file '../../build/E03P02_RI_SMS_NEA/E03P02_RI_SMS_NEA.egg-info/SOURCES.txt'
writing manifest file '../../build/E03P02_RI_SMS_NEA/E03P02_RI_SMS_NEA.egg-info/SOURCES.txt'
running build
running build_py
copying E03P02_RI_SMS_NEA/trajectory_planner.py -> /home/user1/ros2_ws_2502/build/E03P02_RI_SMS_NEA/build/lib/E03P02_RI_SMS_NEA
copying E03P02_RI_SMS_NEA/path_publisher.py -> /home/user1/ros2_ws_2502/build/E03P02_RI_SMS_NEA/build/lib/E03P02_RI_SMS_NEA
running install
running install_lib
copying /home/user1/ros2_ws_2502/build/E03P02_RI_SMS_NEA/build/lib/E03P02_RI_SMS_NEA/trajectory_planner.py -> /home/user1/ros2_ws_2502/install/E03P02_RI_SMS_NEA/lib/python3.10/site-packages/E03P02_RI_SMS_NEA
copying /home/user1/ros2_ws_2502/build/E03P02_RI_SMS_NEA/build/lib/E03P02_RI_SMS_NEA/path_publisher.py -> /home/user1/ros2_ws_2502/install/E03P02_RI_SMS_NEA/lib/python3.10/site-packages/E03P02_RI_SMS_NEA
byte-compiling /home/user1/ros2_ws_2502/install/E03P02_RI_SMS_NEA/lib/python3.10/site-packages/E03P02_RI_SMS_NEA/trajectory_planner.py to trajectory_planner.cpython-310.pyc
byte-compiling /home/user1/ros2_ws_2502/install/E03P02_RI_SMS_NEA/lib/python3.10/site-packages/E03P02_RI_SMS_NEA/path_publisher.py to path_publisher.cpython-310.pyc
running install_data
running install_egg_info
removing '/home/user1/ros2_ws_2502/install/E03P02_RI_SMS_NEA/lib/python3.10/site-packages/E03P02_RI_SMS_NEA-0.0.0-py3.10.egg-info' (and everything under it)
Copying ../../build/E03P02_RI_SMS_NEA/E03P02_RI_SMS_NEA.egg-info to /home/user1/ros2_ws_2502/install/E03P02_RI_SMS_NEA/lib/python3.10/site-packages/E03P02_RI_SMS_NEA-0.0.0-py3.10.egg-info
running install_scripts
Installing dxf_parser script to /home/user1/ros2_ws_2502/install/E03P02_RI_SMS_NEA/lib/E03P02_RI_SMS_NEA
Installing forward_kinematics script to /home/user1/ros2_ws_2502/install/E03P02_RI_SMS_NEA/lib/E03P02_RI_SMS_NEA
Installing inverse_kinematics script to /home/user1/ros2_ws_2502/install/E03P02_RI_SMS_NEA/lib/E03P02_RI_SMS_NEA
Installing joint_state_bridge script to /home/user1/ros2_ws_2502/install/E03P02_RI_SMS_NEA/lib/E03P02_RI_SMS_NEA
Installing path_publisher script to /home/user1/ros2_ws_2502/install/E03P02_RI_SMS_NEA/lib/E03P02_RI_SMS_NEA
Installing test_movement script to /home/user1/ros2_ws_2502/install/E03P02_RI_SMS_NEA/lib/E03P02_RI_SMS_NEA
Installing trajectory_planner script to /home/user1/ros2_ws_2502/install/E03P02_RI_SMS_NEA/lib/E03P02_RI_SMS_NEA
writing list of installed files to '/home/user1/ros2_ws_2502/build/E03P02_RI_SMS_NEA/install.log'
