[1.032s] Invoking command in '/home/user1/ros2_ws_2502/src/E03P02_RI_SMS_NEA': PYTHONPATH=/home/user1/ros2_ws_2502/build/E03P02_RI_SMS_NEA/prefix_override:/usr/lib/python3/dist-packages/colcon_core/task/python/colcon_distutils_commands:/home/user1/ros2_ws_2502/install/E03P02_RI_SMS_NEA/lib/python3.10/site-packages:${PYTHONPATH} /usr/bin/python3 -W ignore:setup.py install is deprecated -W ignore:easy_install command is deprecated setup.py egg_info --egg-base ../../build/E03P02_RI_SMS_NEA build --build-base /home/user1/ros2_ws_2502/build/E03P02_RI_SMS_NEA/build install --record /home/user1/ros2_ws_2502/build/E03P02_RI_SMS_NEA/install.log --single-version-externally-managed install_data
[1.327s] running egg_info
[1.327s] writing ../../build/E03P02_RI_SMS_NEA/E03P02_RI_SMS_NEA.egg-info/PKG-INFO
[1.328s] writing dependency_links to ../../build/E03P02_RI_SMS_NEA/E03P02_RI_SMS_NEA.egg-info/dependency_links.txt
[1.328s] writing entry points to ../../build/E03P02_RI_SMS_NEA/E03P02_RI_SMS_NEA.egg-info/entry_points.txt
[1.328s] writing requirements to ../../build/E03P02_RI_SMS_NEA/E03P02_RI_SMS_NEA.egg-info/requires.txt
[1.328s] writing top-level names to ../../build/E03P02_RI_SMS_NEA/E03P02_RI_SMS_NEA.egg-info/top_level.txt
[1.331s] reading manifest file '../../build/E03P02_RI_SMS_NEA/E03P02_RI_SMS_NEA.egg-info/SOURCES.txt'
[1.332s] writing manifest file '../../build/E03P02_RI_SMS_NEA/E03P02_RI_SMS_NEA.egg-info/SOURCES.txt'
[1.333s] running build
[1.333s] running build_py
[1.333s] copying E03P02_RI_SMS_NEA/trajectory_planner.py -> /home/user1/ros2_ws_2502/build/E03P02_RI_SMS_NEA/build/lib/E03P02_RI_SMS_NEA
[1.334s] copying E03P02_RI_SMS_NEA/path_publisher.py -> /home/user1/ros2_ws_2502/build/E03P02_RI_SMS_NEA/build/lib/E03P02_RI_SMS_NEA
[1.334s] running install
[1.334s] running install_lib
[1.336s] copying /home/user1/ros2_ws_2502/build/E03P02_RI_SMS_NEA/build/lib/E03P02_RI_SMS_NEA/trajectory_planner.py -> /home/user1/ros2_ws_2502/install/E03P02_RI_SMS_NEA/lib/python3.10/site-packages/E03P02_RI_SMS_NEA
[1.337s] copying /home/user1/ros2_ws_2502/build/E03P02_RI_SMS_NEA/build/lib/E03P02_RI_SMS_NEA/path_publisher.py -> /home/user1/ros2_ws_2502/install/E03P02_RI_SMS_NEA/lib/python3.10/site-packages/E03P02_RI_SMS_NEA
[1.339s] byte-compiling /home/user1/ros2_ws_2502/install/E03P02_RI_SMS_NEA/lib/python3.10/site-packages/E03P02_RI_SMS_NEA/trajectory_planner.py to trajectory_planner.cpython-310.pyc
[1.341s] byte-compiling /home/user1/ros2_ws_2502/install/E03P02_RI_SMS_NEA/lib/python3.10/site-packages/E03P02_RI_SMS_NEA/path_publisher.py to path_publisher.cpython-310.pyc
[1.342s] running install_data
[1.343s] running install_egg_info
[1.345s] removing '/home/user1/ros2_ws_2502/install/E03P02_RI_SMS_NEA/lib/python3.10/site-packages/E03P02_RI_SMS_NEA-0.0.0-py3.10.egg-info' (and everything under it)
[1.346s] Copying ../../build/E03P02_RI_SMS_NEA/E03P02_RI_SMS_NEA.egg-info to /home/user1/ros2_ws_2502/install/E03P02_RI_SMS_NEA/lib/python3.10/site-packages/E03P02_RI_SMS_NEA-0.0.0-py3.10.egg-info
[1.348s] running install_scripts
[1.373s] Installing dxf_parser script to /home/user1/ros2_ws_2502/install/E03P02_RI_SMS_NEA/lib/E03P02_RI_SMS_NEA
[1.374s] Installing forward_kinematics script to /home/user1/ros2_ws_2502/install/E03P02_RI_SMS_NEA/lib/E03P02_RI_SMS_NEA
[1.374s] Installing inverse_kinematics script to /home/user1/ros2_ws_2502/install/E03P02_RI_SMS_NEA/lib/E03P02_RI_SMS_NEA
[1.374s] Installing joint_state_bridge script to /home/user1/ros2_ws_2502/install/E03P02_RI_SMS_NEA/lib/E03P02_RI_SMS_NEA
[1.374s] Installing path_publisher script to /home/user1/ros2_ws_2502/install/E03P02_RI_SMS_NEA/lib/E03P02_RI_SMS_NEA
[1.375s] Installing test_movement script to /home/user1/ros2_ws_2502/install/E03P02_RI_SMS_NEA/lib/E03P02_RI_SMS_NEA
[1.375s] Installing trajectory_planner script to /home/user1/ros2_ws_2502/install/E03P02_RI_SMS_NEA/lib/E03P02_RI_SMS_NEA
[1.375s] writing list of installed files to '/home/user1/ros2_ws_2502/build/E03P02_RI_SMS_NEA/install.log'
[1.415s] Invoked command in '/home/user1/ros2_ws_2502/src/E03P02_RI_SMS_NEA' returned '0': PYTHONPATH=/home/user1/ros2_ws_2502/build/E03P02_RI_SMS_NEA/prefix_override:/usr/lib/python3/dist-packages/colcon_core/task/python/colcon_distutils_commands:/home/user1/ros2_ws_2502/install/E03P02_RI_SMS_NEA/lib/python3.10/site-packages:${PYTHONPATH} /usr/bin/python3 -W ignore:setup.py install is deprecated -W ignore:easy_install command is deprecated setup.py egg_info --egg-base ../../build/E03P02_RI_SMS_NEA build --build-base /home/user1/ros2_ws_2502/build/E03P02_RI_SMS_NEA/build install --record /home/user1/ros2_ws_2502/build/E03P02_RI_SMS_NEA/install.log --single-version-externally-managed install_data
