[0.390s] DEBUG:colcon:Command line arguments: ['/usr/bin/colcon', 'build']
[0.391s] DEBUG:colcon:Parsed command line arguments: Namespace(log_base=None, log_level=None, verb_name='build', build_base='build', install_base='install', merge_install=False, symlink_install=False, test_result_base=None, continue_on_error=False, executor='parallel', parallel_workers=16, event_handlers=None, ignore_user_meta=False, metas=['./colcon.meta'], base_paths=['.'], packages_ignore=None, packages_ignore_regex=None, paths=None, packages_up_to=None, packages_up_to_regex=None, packages_above=None, packages_above_and_dependencies=None, packages_above_depth=None, packages_select_by_dep=None, packages_skip_by_dep=None, packages_skip_up_to=None, packages_select_build_failed=False, packages_skip_build_finished=False, packages_select_test_failures=False, packages_skip_test_passed=False, packages_select=None, packages_skip=None, packages_select_regex=None, packages_skip_regex=None, packages_start=None, packages_end=None, allow_overriding=[], cmake_args=None, cmake_target=None, cmake_target_skip_unavailable=False, cmake_clean_cache=False, cmake_clean_first=False, cmake_force_configure=False, ament_cmake_args=None, catkin_cmake_args=None, catkin_skip_building_tests=False, mixin_files=None, mixin=None, verb_parser=<colcon_mixin.mixin.mixin_argument.MixinArgumentDecorator object at 0x7a35a0efa200>, verb_extension=<colcon_core.verb.build.BuildVerb object at 0x7a35a105f190>, main=<bound method BuildVerb.main of <colcon_core.verb.build.BuildVerb object at 0x7a35a105f190>>, mixin_verb=('build',))
[0.805s] Level 1:colcon.colcon_core.package_discovery:discover_packages(colcon_meta) check parameters
[0.805s] Level 1:colcon.colcon_core.package_discovery:discover_packages(recursive) check parameters
[0.805s] Level 1:colcon.colcon_core.package_discovery:discover_packages(ignore) check parameters
[0.805s] Level 1:colcon.colcon_core.package_discovery:discover_packages(path) check parameters
[0.805s] Level 1:colcon.colcon_core.package_discovery:discover_packages(colcon_meta) discover
[0.805s] Level 1:colcon.colcon_core.package_discovery:discover_packages(recursive) discover
[0.805s] INFO:colcon.colcon_core.package_discovery:Crawling recursively for packages in '/home/user1/ros2_ws_2502'
[0.805s] Level 1:colcon.colcon_core.package_identification:_identify(.) by extensions ['ignore', 'ignore_ament_install']
[0.805s] Level 1:colcon.colcon_core.package_identification:_identify(.) by extension 'ignore'
[0.805s] Level 1:colcon.colcon_core.package_identification:_identify(.) by extension 'ignore_ament_install'
[0.805s] Level 1:colcon.colcon_core.package_identification:_identify(.) by extensions ['colcon_pkg']
[0.805s] Level 1:colcon.colcon_core.package_identification:_identify(.) by extension 'colcon_pkg'
[0.805s] Level 1:colcon.colcon_core.package_identification:_identify(.) by extensions ['colcon_meta']
[0.806s] Level 1:colcon.colcon_core.package_identification:_identify(.) by extension 'colcon_meta'
[0.806s] Level 1:colcon.colcon_core.package_identification:_identify(.) by extensions ['ros']
[0.806s] Level 1:colcon.colcon_core.package_identification:_identify(.) by extension 'ros'
[0.822s] Level 1:colcon.colcon_core.package_identification:_identify(.) by extensions ['cmake', 'python']
[0.822s] Level 1:colcon.colcon_core.package_identification:_identify(.) by extension 'cmake'
[0.823s] Level 1:colcon.colcon_core.package_identification:_identify(.) by extension 'python'
[0.823s] Level 1:colcon.colcon_core.package_identification:_identify(.) by extensions ['python_setup_py']
[0.823s] Level 1:colcon.colcon_core.package_identification:_identify(.) by extension 'python_setup_py'
[0.823s] Level 1:colcon.colcon_core.package_identification:_identify(build) by extensions ['ignore', 'ignore_ament_install']
[0.823s] Level 1:colcon.colcon_core.package_identification:_identify(build) by extension 'ignore'
[0.823s] Level 1:colcon.colcon_core.package_identification:_identify(build) ignored
[0.823s] Level 1:colcon.colcon_core.package_identification:_identify(install) by extensions ['ignore', 'ignore_ament_install']
[0.823s] Level 1:colcon.colcon_core.package_identification:_identify(install) by extension 'ignore'
[0.823s] Level 1:colcon.colcon_core.package_identification:_identify(install) ignored
[0.823s] Level 1:colcon.colcon_core.package_identification:_identify(log) by extensions ['ignore', 'ignore_ament_install']
[0.823s] Level 1:colcon.colcon_core.package_identification:_identify(log) by extension 'ignore'
[0.823s] Level 1:colcon.colcon_core.package_identification:_identify(log) ignored
[0.823s] Level 1:colcon.colcon_core.package_identification:_identify(src) by extensions ['ignore', 'ignore_ament_install']
[0.823s] Level 1:colcon.colcon_core.package_identification:_identify(src) by extension 'ignore'
[0.823s] Level 1:colcon.colcon_core.package_identification:_identify(src) by extension 'ignore_ament_install'
[0.823s] Level 1:colcon.colcon_core.package_identification:_identify(src) by extensions ['colcon_pkg']
[0.823s] Level 1:colcon.colcon_core.package_identification:_identify(src) by extension 'colcon_pkg'
[0.823s] Level 1:colcon.colcon_core.package_identification:_identify(src) by extensions ['colcon_meta']
[0.823s] Level 1:colcon.colcon_core.package_identification:_identify(src) by extension 'colcon_meta'
[0.823s] Level 1:colcon.colcon_core.package_identification:_identify(src) by extensions ['ros']
[0.823s] Level 1:colcon.colcon_core.package_identification:_identify(src) by extension 'ros'
[0.823s] Level 1:colcon.colcon_core.package_identification:_identify(src) by extensions ['cmake', 'python']
[0.823s] Level 1:colcon.colcon_core.package_identification:_identify(src) by extension 'cmake'
[0.823s] Level 1:colcon.colcon_core.package_identification:_identify(src) by extension 'python'
[0.823s] Level 1:colcon.colcon_core.package_identification:_identify(src) by extensions ['python_setup_py']
[0.824s] Level 1:colcon.colcon_core.package_identification:_identify(src) by extension 'python_setup_py'
[0.824s] Level 1:colcon.colcon_core.package_identification:_identify(src/launch_pkg_nea) by extensions ['ignore', 'ignore_ament_install']
[0.825s] Level 1:colcon.colcon_core.package_identification:_identify(src/launch_pkg_nea) by extension 'ignore'
[0.825s] Level 1:colcon.colcon_core.package_identification:_identify(src/launch_pkg_nea) by extension 'ignore_ament_install'
[0.825s] Level 1:colcon.colcon_core.package_identification:_identify(src/launch_pkg_nea) by extensions ['colcon_pkg']
[0.825s] Level 1:colcon.colcon_core.package_identification:_identify(src/launch_pkg_nea) by extension 'colcon_pkg'
[0.825s] Level 1:colcon.colcon_core.package_identification:_identify(src/launch_pkg_nea) by extensions ['colcon_meta']
[0.825s] Level 1:colcon.colcon_core.package_identification:_identify(src/launch_pkg_nea) by extension 'colcon_meta'
[0.825s] Level 1:colcon.colcon_core.package_identification:_identify(src/launch_pkg_nea) by extensions ['ros']
[0.825s] Level 1:colcon.colcon_core.package_identification:_identify(src/launch_pkg_nea) by extension 'ros'
[0.829s] DEBUG:colcon.colcon_core.package_identification:Package 'src/launch_pkg_nea' with type 'ros.ament_python' and name 'launch_pkg_nea'
[0.830s] Level 1:colcon.colcon_core.package_identification:_identify(src/temp) by extensions ['ignore', 'ignore_ament_install']
[0.830s] Level 1:colcon.colcon_core.package_identification:_identify(src/temp) by extension 'ignore'
[0.830s] Level 1:colcon.colcon_core.package_identification:_identify(src/temp) by extension 'ignore_ament_install'
[0.830s] Level 1:colcon.colcon_core.package_identification:_identify(src/temp) by extensions ['colcon_pkg']
[0.830s] Level 1:colcon.colcon_core.package_identification:_identify(src/temp) by extension 'colcon_pkg'
[0.830s] Level 1:colcon.colcon_core.package_identification:_identify(src/temp) by extensions ['colcon_meta']
[0.830s] Level 1:colcon.colcon_core.package_identification:_identify(src/temp) by extension 'colcon_meta'
[0.830s] Level 1:colcon.colcon_core.package_identification:_identify(src/temp) by extensions ['ros']
[0.830s] Level 1:colcon.colcon_core.package_identification:_identify(src/temp) by extension 'ros'
[0.830s] Level 1:colcon.colcon_core.package_identification:_identify(src/temp) by extensions ['cmake', 'python']
[0.830s] Level 1:colcon.colcon_core.package_identification:_identify(src/temp) by extension 'cmake'
[0.830s] Level 1:colcon.colcon_core.package_identification:_identify(src/temp) by extension 'python'
[0.830s] Level 1:colcon.colcon_core.package_identification:_identify(src/temp) by extensions ['python_setup_py']
[0.830s] Level 1:colcon.colcon_core.package_identification:_identify(src/temp) by extension 'python_setup_py'
[0.830s] Level 1:colcon.colcon_core.package_identification:_identify(src/turtle_move_pkg_nea) by extensions ['ignore', 'ignore_ament_install']
[0.831s] Level 1:colcon.colcon_core.package_identification:_identify(src/turtle_move_pkg_nea) by extension 'ignore'
[0.831s] Level 1:colcon.colcon_core.package_identification:_identify(src/turtle_move_pkg_nea) by extension 'ignore_ament_install'
[0.831s] Level 1:colcon.colcon_core.package_identification:_identify(src/turtle_move_pkg_nea) by extensions ['colcon_pkg']
[0.831s] Level 1:colcon.colcon_core.package_identification:_identify(src/turtle_move_pkg_nea) by extension 'colcon_pkg'
[0.831s] Level 1:colcon.colcon_core.package_identification:_identify(src/turtle_move_pkg_nea) by extensions ['colcon_meta']
[0.831s] Level 1:colcon.colcon_core.package_identification:_identify(src/turtle_move_pkg_nea) by extension 'colcon_meta'
[0.831s] Level 1:colcon.colcon_core.package_identification:_identify(src/turtle_move_pkg_nea) by extensions ['ros']
[0.831s] Level 1:colcon.colcon_core.package_identification:_identify(src/turtle_move_pkg_nea) by extension 'ros'
[0.832s] DEBUG:colcon.colcon_core.package_identification:Package 'src/turtle_move_pkg_nea' with type 'ros.ament_python' and name 'turtle_move_pkg_nea'
[0.832s] Level 1:colcon.colcon_core.package_discovery:discover_packages(recursive) using defaults
[0.832s] Level 1:colcon.colcon_core.package_discovery:discover_packages(ignore) discover
[0.832s] Level 1:colcon.colcon_core.package_discovery:discover_packages(ignore) using defaults
[0.832s] Level 1:colcon.colcon_core.package_discovery:discover_packages(path) discover
[0.832s] Level 1:colcon.colcon_core.package_discovery:discover_packages(path) using defaults
[0.879s] Level 1:colcon.colcon_core.package_discovery:discover_packages(prefix_path) check parameters
[0.879s] Level 1:colcon.colcon_core.package_discovery:discover_packages(prefix_path) discover
[0.886s] DEBUG:colcon.colcon_installed_package_information.package_discovery:Found 389 installed packages in /opt/ros/humble
[0.888s] Level 1:colcon.colcon_core.package_discovery:discover_packages(prefix_path) using defaults
[0.929s] Level 5:colcon.colcon_core.verb:set package 'launch_pkg_nea' build argument 'cmake_args' from command line to 'None'
[0.929s] Level 5:colcon.colcon_core.verb:set package 'launch_pkg_nea' build argument 'cmake_target' from command line to 'None'
[0.929s] Level 5:colcon.colcon_core.verb:set package 'launch_pkg_nea' build argument 'cmake_target_skip_unavailable' from command line to 'False'
[0.929s] Level 5:colcon.colcon_core.verb:set package 'launch_pkg_nea' build argument 'cmake_clean_cache' from command line to 'False'
[0.929s] Level 5:colcon.colcon_core.verb:set package 'launch_pkg_nea' build argument 'cmake_clean_first' from command line to 'False'
[0.929s] Level 5:colcon.colcon_core.verb:set package 'launch_pkg_nea' build argument 'cmake_force_configure' from command line to 'False'
[0.929s] Level 5:colcon.colcon_core.verb:set package 'launch_pkg_nea' build argument 'ament_cmake_args' from command line to 'None'
[0.929s] Level 5:colcon.colcon_core.verb:set package 'launch_pkg_nea' build argument 'catkin_cmake_args' from command line to 'None'
[0.929s] Level 5:colcon.colcon_core.verb:set package 'launch_pkg_nea' build argument 'catkin_skip_building_tests' from command line to 'False'
[0.929s] DEBUG:colcon.colcon_core.verb:Building package 'launch_pkg_nea' with the following arguments: {'ament_cmake_args': None, 'build_base': '/home/user1/ros2_ws_2502/build/launch_pkg_nea', 'catkin_cmake_args': None, 'catkin_skip_building_tests': False, 'cmake_args': None, 'cmake_clean_cache': False, 'cmake_clean_first': False, 'cmake_force_configure': False, 'cmake_target': None, 'cmake_target_skip_unavailable': False, 'install_base': '/home/user1/ros2_ws_2502/install/launch_pkg_nea', 'merge_install': False, 'path': '/home/user1/ros2_ws_2502/src/launch_pkg_nea', 'symlink_install': False, 'test_result_base': None}
[0.929s] Level 5:colcon.colcon_core.verb:set package 'turtle_move_pkg_nea' build argument 'cmake_args' from command line to 'None'
[0.929s] Level 5:colcon.colcon_core.verb:set package 'turtle_move_pkg_nea' build argument 'cmake_target' from command line to 'None'
[0.929s] Level 5:colcon.colcon_core.verb:set package 'turtle_move_pkg_nea' build argument 'cmake_target_skip_unavailable' from command line to 'False'
[0.929s] Level 5:colcon.colcon_core.verb:set package 'turtle_move_pkg_nea' build argument 'cmake_clean_cache' from command line to 'False'
[0.929s] Level 5:colcon.colcon_core.verb:set package 'turtle_move_pkg_nea' build argument 'cmake_clean_first' from command line to 'False'
[0.929s] Level 5:colcon.colcon_core.verb:set package 'turtle_move_pkg_nea' build argument 'cmake_force_configure' from command line to 'False'
[0.929s] Level 5:colcon.colcon_core.verb:set package 'turtle_move_pkg_nea' build argument 'ament_cmake_args' from command line to 'None'
[0.929s] Level 5:colcon.colcon_core.verb:set package 'turtle_move_pkg_nea' build argument 'catkin_cmake_args' from command line to 'None'
[0.929s] Level 5:colcon.colcon_core.verb:set package 'turtle_move_pkg_nea' build argument 'catkin_skip_building_tests' from command line to 'False'
[0.930s] DEBUG:colcon.colcon_core.verb:Building package 'turtle_move_pkg_nea' with the following arguments: {'ament_cmake_args': None, 'build_base': '/home/user1/ros2_ws_2502/build/turtle_move_pkg_nea', 'catkin_cmake_args': None, 'catkin_skip_building_tests': False, 'cmake_args': None, 'cmake_clean_cache': False, 'cmake_clean_first': False, 'cmake_force_configure': False, 'cmake_target': None, 'cmake_target_skip_unavailable': False, 'install_base': '/home/user1/ros2_ws_2502/install/turtle_move_pkg_nea', 'merge_install': False, 'path': '/home/user1/ros2_ws_2502/src/turtle_move_pkg_nea', 'symlink_install': False, 'test_result_base': None}
[0.930s] INFO:colcon.colcon_core.executor:Executing jobs using 'parallel' executor
[0.931s] DEBUG:colcon.colcon_parallel_executor.executor.parallel:run_until_complete
[0.931s] INFO:colcon.colcon_ros.task.ament_python.build:Building ROS package in '/home/user1/ros2_ws_2502/src/launch_pkg_nea' with build type 'ament_python'
[0.931s] Level 1:colcon.colcon_core.shell:create_environment_hook('launch_pkg_nea', 'ament_prefix_path')
[0.938s] INFO:colcon.colcon_core.plugin_system:Skipping extension 'colcon_core.shell.bat': Not used on non-Windows systems
[0.938s] INFO:colcon.colcon_core.shell:Creating environment hook '/home/user1/ros2_ws_2502/install/launch_pkg_nea/share/launch_pkg_nea/hook/ament_prefix_path.ps1'
[0.940s] INFO:colcon.colcon_core.shell:Creating environment descriptor '/home/user1/ros2_ws_2502/install/launch_pkg_nea/share/launch_pkg_nea/hook/ament_prefix_path.dsv'
[0.941s] INFO:colcon.colcon_core.shell:Creating environment hook '/home/user1/ros2_ws_2502/install/launch_pkg_nea/share/launch_pkg_nea/hook/ament_prefix_path.sh'
[0.943s] INFO:colcon.colcon_core.shell:Skip shell extension 'powershell' for command environment: Not usable outside of PowerShell
[0.943s] DEBUG:colcon.colcon_core.shell:Skip shell extension 'dsv' for command environment
[0.947s] INFO:colcon.colcon_ros.task.ament_python.build:Building ROS package in '/home/user1/ros2_ws_2502/src/turtle_move_pkg_nea' with build type 'ament_python'
[0.947s] Level 1:colcon.colcon_core.shell:create_environment_hook('turtle_move_pkg_nea', 'ament_prefix_path')
[0.947s] INFO:colcon.colcon_core.shell:Creating environment hook '/home/user1/ros2_ws_2502/install/turtle_move_pkg_nea/share/turtle_move_pkg_nea/hook/ament_prefix_path.ps1'
[0.950s] INFO:colcon.colcon_core.shell:Creating environment descriptor '/home/user1/ros2_ws_2502/install/turtle_move_pkg_nea/share/turtle_move_pkg_nea/hook/ament_prefix_path.dsv'
[0.951s] INFO:colcon.colcon_core.shell:Creating environment hook '/home/user1/ros2_ws_2502/install/turtle_move_pkg_nea/share/turtle_move_pkg_nea/hook/ament_prefix_path.sh'
[0.951s] INFO:colcon.colcon_core.shell:Skip shell extension 'powershell' for command environment: Not usable outside of PowerShell
[0.951s] DEBUG:colcon.colcon_core.shell:Skip shell extension 'dsv' for command environment
[1.190s] INFO:colcon.colcon_core.task.python.build:Building Python package in '/home/user1/ros2_ws_2502/src/launch_pkg_nea'
[1.191s] INFO:colcon.colcon_core.shell:Skip shell extension 'powershell' for command environment: Not usable outside of PowerShell
[1.191s] DEBUG:colcon.colcon_core.shell:Skip shell extension 'dsv' for command environment
[1.406s] INFO:colcon.colcon_core.task.python.build:Building Python package in '/home/user1/ros2_ws_2502/src/turtle_move_pkg_nea'
[1.407s] INFO:colcon.colcon_core.shell:Skip shell extension 'powershell' for command environment: Not usable outside of PowerShell
[1.407s] DEBUG:colcon.colcon_core.shell:Skip shell extension 'dsv' for command environment
[1.976s] DEBUG:colcon.colcon_core.event_handler.log_command:Invoking command in '/home/user1/ros2_ws_2502/src/launch_pkg_nea': PYTHONPATH=/home/user1/ros2_ws_2502/build/launch_pkg_nea/prefix_override:/usr/lib/python3/dist-packages/colcon_core/task/python/colcon_distutils_commands:/home/user1/ros2_ws_2502/install/launch_pkg_nea/lib/python3.10/site-packages:${PYTHONPATH} /usr/bin/python3 -W ignore:setup.py install is deprecated -W ignore:easy_install command is deprecated setup.py egg_info --egg-base ../../build/launch_pkg_nea build --build-base /home/user1/ros2_ws_2502/build/launch_pkg_nea/build install --record /home/user1/ros2_ws_2502/build/launch_pkg_nea/install.log --single-version-externally-managed install_data
[1.983s] DEBUG:colcon.colcon_core.event_handler.log_command:Invoking command in '/home/user1/ros2_ws_2502/src/turtle_move_pkg_nea': PYTHONPATH=/home/user1/ros2_ws_2502/build/turtle_move_pkg_nea/prefix_override:/usr/lib/python3/dist-packages/colcon_core/task/python/colcon_distutils_commands:/home/user1/ros2_ws_2502/install/turtle_move_pkg_nea/lib/python3.10/site-packages:${PYTHONPATH} /usr/bin/python3 -W ignore:setup.py install is deprecated -W ignore:easy_install command is deprecated setup.py egg_info --egg-base ../../build/turtle_move_pkg_nea build --build-base /home/user1/ros2_ws_2502/build/turtle_move_pkg_nea/build install --record /home/user1/ros2_ws_2502/build/turtle_move_pkg_nea/install.log --single-version-externally-managed install_data
[2.230s] DEBUG:colcon.colcon_core.event_handler.log_command:Invoked command in '/home/user1/ros2_ws_2502/src/turtle_move_pkg_nea' returned '0': PYTHONPATH=/home/user1/ros2_ws_2502/build/turtle_move_pkg_nea/prefix_override:/usr/lib/python3/dist-packages/colcon_core/task/python/colcon_distutils_commands:/home/user1/ros2_ws_2502/install/turtle_move_pkg_nea/lib/python3.10/site-packages:${PYTHONPATH} /usr/bin/python3 -W ignore:setup.py install is deprecated -W ignore:easy_install command is deprecated setup.py egg_info --egg-base ../../build/turtle_move_pkg_nea build --build-base /home/user1/ros2_ws_2502/build/turtle_move_pkg_nea/build install --record /home/user1/ros2_ws_2502/build/turtle_move_pkg_nea/install.log --single-version-externally-managed install_data
[2.239s] Level 1:colcon.colcon_core.environment:checking '/home/user1/ros2_ws_2502/install/turtle_move_pkg_nea' for CMake module files
[2.239s] Level 1:colcon.colcon_core.environment:checking '/home/user1/ros2_ws_2502/install/turtle_move_pkg_nea' for CMake config files
[2.239s] Level 1:colcon.colcon_core.environment:checking '/home/user1/ros2_ws_2502/install/turtle_move_pkg_nea/lib'
[2.240s] Level 1:colcon.colcon_core.environment:checking '/home/user1/ros2_ws_2502/install/turtle_move_pkg_nea/bin'
[2.240s] Level 1:colcon.colcon_core.environment:checking '/home/user1/ros2_ws_2502/install/turtle_move_pkg_nea/lib/pkgconfig/turtle_move_pkg_nea.pc'
[2.240s] Level 1:colcon.colcon_core.environment:checking '/home/user1/ros2_ws_2502/install/turtle_move_pkg_nea/lib/python3.10/site-packages'
[2.240s] Level 1:colcon.colcon_core.shell:create_environment_hook('turtle_move_pkg_nea', 'pythonpath')
[2.240s] INFO:colcon.colcon_core.shell:Creating environment hook '/home/user1/ros2_ws_2502/install/turtle_move_pkg_nea/share/turtle_move_pkg_nea/hook/pythonpath.ps1'
[2.240s] INFO:colcon.colcon_core.shell:Creating environment descriptor '/home/user1/ros2_ws_2502/install/turtle_move_pkg_nea/share/turtle_move_pkg_nea/hook/pythonpath.dsv'
[2.241s] INFO:colcon.colcon_core.shell:Creating environment hook '/home/user1/ros2_ws_2502/install/turtle_move_pkg_nea/share/turtle_move_pkg_nea/hook/pythonpath.sh'
[2.241s] Level 1:colcon.colcon_core.environment:checking '/home/user1/ros2_ws_2502/install/turtle_move_pkg_nea/bin'
[2.241s] Level 1:colcon.colcon_core.environment:create_environment_scripts_only(turtle_move_pkg_nea)
[2.241s] INFO:colcon.colcon_core.shell:Creating package script '/home/user1/ros2_ws_2502/install/turtle_move_pkg_nea/share/turtle_move_pkg_nea/package.ps1'
[2.242s] INFO:colcon.colcon_core.shell:Creating package descriptor '/home/user1/ros2_ws_2502/install/turtle_move_pkg_nea/share/turtle_move_pkg_nea/package.dsv'
[2.243s] INFO:colcon.colcon_core.shell:Creating package script '/home/user1/ros2_ws_2502/install/turtle_move_pkg_nea/share/turtle_move_pkg_nea/package.sh'
[2.244s] INFO:colcon.colcon_core.shell:Creating package script '/home/user1/ros2_ws_2502/install/turtle_move_pkg_nea/share/turtle_move_pkg_nea/package.bash'
[2.245s] INFO:colcon.colcon_core.shell:Creating package script '/home/user1/ros2_ws_2502/install/turtle_move_pkg_nea/share/turtle_move_pkg_nea/package.zsh'
[2.246s] Level 1:colcon.colcon_core.environment:create_file_with_runtime_dependencies(/home/user1/ros2_ws_2502/install/turtle_move_pkg_nea/share/colcon-core/packages/turtle_move_pkg_nea)
[2.250s] Level 1:colcon.colcon_core.environment:checking '/home/user1/ros2_ws_2502/install/launch_pkg_nea' for CMake module files
[2.251s] DEBUG:colcon.colcon_core.event_handler.log_command:Invoked command in '/home/user1/ros2_ws_2502/src/launch_pkg_nea' returned '0': PYTHONPATH=/home/user1/ros2_ws_2502/build/launch_pkg_nea/prefix_override:/usr/lib/python3/dist-packages/colcon_core/task/python/colcon_distutils_commands:/home/user1/ros2_ws_2502/install/launch_pkg_nea/lib/python3.10/site-packages:${PYTHONPATH} /usr/bin/python3 -W ignore:setup.py install is deprecated -W ignore:easy_install command is deprecated setup.py egg_info --egg-base ../../build/launch_pkg_nea build --build-base /home/user1/ros2_ws_2502/build/launch_pkg_nea/build install --record /home/user1/ros2_ws_2502/build/launch_pkg_nea/install.log --single-version-externally-managed install_data
[2.251s] Level 1:colcon.colcon_core.environment:checking '/home/user1/ros2_ws_2502/install/launch_pkg_nea' for CMake config files
[2.252s] Level 1:colcon.colcon_core.environment:checking '/home/user1/ros2_ws_2502/install/launch_pkg_nea/lib'
[2.252s] Level 1:colcon.colcon_core.environment:checking '/home/user1/ros2_ws_2502/install/launch_pkg_nea/bin'
[2.252s] Level 1:colcon.colcon_core.environment:checking '/home/user1/ros2_ws_2502/install/launch_pkg_nea/lib/pkgconfig/launch_pkg_nea.pc'
[2.252s] Level 1:colcon.colcon_core.environment:checking '/home/user1/ros2_ws_2502/install/launch_pkg_nea/lib/python3.10/site-packages'
[2.252s] Level 1:colcon.colcon_core.shell:create_environment_hook('launch_pkg_nea', 'pythonpath')
[2.253s] INFO:colcon.colcon_core.shell:Creating environment hook '/home/user1/ros2_ws_2502/install/launch_pkg_nea/share/launch_pkg_nea/hook/pythonpath.ps1'
[2.253s] INFO:colcon.colcon_core.shell:Creating environment descriptor '/home/user1/ros2_ws_2502/install/launch_pkg_nea/share/launch_pkg_nea/hook/pythonpath.dsv'
[2.253s] INFO:colcon.colcon_core.shell:Creating environment hook '/home/user1/ros2_ws_2502/install/launch_pkg_nea/share/launch_pkg_nea/hook/pythonpath.sh'
[2.254s] Level 1:colcon.colcon_core.environment:checking '/home/user1/ros2_ws_2502/install/launch_pkg_nea/bin'
[2.254s] Level 1:colcon.colcon_core.environment:create_environment_scripts_only(launch_pkg_nea)
[2.254s] INFO:colcon.colcon_core.shell:Creating package script '/home/user1/ros2_ws_2502/install/launch_pkg_nea/share/launch_pkg_nea/package.ps1'
[2.254s] INFO:colcon.colcon_core.shell:Creating package descriptor '/home/user1/ros2_ws_2502/install/launch_pkg_nea/share/launch_pkg_nea/package.dsv'
[2.255s] INFO:colcon.colcon_core.shell:Creating package script '/home/user1/ros2_ws_2502/install/launch_pkg_nea/share/launch_pkg_nea/package.sh'
[2.255s] INFO:colcon.colcon_core.shell:Creating package script '/home/user1/ros2_ws_2502/install/launch_pkg_nea/share/launch_pkg_nea/package.bash'
[2.255s] INFO:colcon.colcon_core.shell:Creating package script '/home/user1/ros2_ws_2502/install/launch_pkg_nea/share/launch_pkg_nea/package.zsh'
[2.256s] Level 1:colcon.colcon_core.environment:create_file_with_runtime_dependencies(/home/user1/ros2_ws_2502/install/launch_pkg_nea/share/colcon-core/packages/launch_pkg_nea)
[2.257s] DEBUG:colcon.colcon_parallel_executor.executor.parallel:closing loop
[2.258s] DEBUG:colcon.colcon_parallel_executor.executor.parallel:loop closed
[2.258s] DEBUG:colcon.colcon_parallel_executor.executor.parallel:run_until_complete finished with '0'
[2.258s] DEBUG:colcon.colcon_core.event_reactor:joining thread
[2.315s] INFO:colcon.colcon_core.plugin_system:Skipping extension 'colcon_notification.desktop_notification.notify_send': Could not find 'notify-send'
[2.315s] INFO:colcon.colcon_core.plugin_system:Skipping extension 'colcon_notification.desktop_notification.terminal_notifier': Not used on non-Darwin systems
[2.315s] INFO:colcon.colcon_core.plugin_system:Skipping extension 'colcon_notification.desktop_notification.win32': Not used on non-Windows systems
[2.315s] INFO:colcon.colcon_notification.desktop_notification:Sending desktop notification using 'notify2'
[2.318s] DEBUG:colcon.colcon_notification.desktop_notification.notify2:Failed to initialize notify2: org.freedesktop.DBus.Error.ServiceUnknown: The name org.freedesktop.Notifications was not provided by any .service files
[2.318s] DEBUG:colcon.colcon_core.event_reactor:joined thread
[2.318s] INFO:colcon.colcon_core.shell:Creating prefix script '/home/user1/ros2_ws_2502/install/local_setup.ps1'
[2.319s] INFO:colcon.colcon_core.shell:Creating prefix util module '/home/user1/ros2_ws_2502/install/_local_setup_util_ps1.py'
[2.321s] INFO:colcon.colcon_core.shell:Creating prefix chain script '/home/user1/ros2_ws_2502/install/setup.ps1'
[2.323s] INFO:colcon.colcon_core.shell:Creating prefix script '/home/user1/ros2_ws_2502/install/local_setup.sh'
[2.324s] INFO:colcon.colcon_core.shell:Creating prefix util module '/home/user1/ros2_ws_2502/install/_local_setup_util_sh.py'
[2.325s] INFO:colcon.colcon_core.shell:Creating prefix chain script '/home/user1/ros2_ws_2502/install/setup.sh'
[2.326s] INFO:colcon.colcon_core.shell:Creating prefix script '/home/user1/ros2_ws_2502/install/local_setup.bash'
[2.328s] INFO:colcon.colcon_core.shell:Creating prefix chain script '/home/user1/ros2_ws_2502/install/setup.bash'
[2.329s] INFO:colcon.colcon_core.shell:Creating prefix script '/home/user1/ros2_ws_2502/install/local_setup.zsh'
[2.330s] INFO:colcon.colcon_core.shell:Creating prefix chain script '/home/user1/ros2_ws_2502/install/setup.zsh'
