/home/user1/ros2_ws_2502/install/E03P02_RI_SMS_NEA/lib/python3.10/site-packages/E03P02_RI_SMS_NEA/joint_state_bridge.py
/home/user1/ros2_ws_2502/install/E03P02_RI_SMS_NEA/lib/python3.10/site-packages/E03P02_RI_SMS_NEA/inverse_kinematics.py
/home/user1/ros2_ws_2502/install/E03P02_RI_SMS_NEA/lib/python3.10/site-packages/E03P02_RI_SMS_NEA/__init__.py
/home/user1/ros2_ws_2502/install/E03P02_RI_SMS_NEA/lib/python3.10/site-packages/E03P02_RI_SMS_NEA/cad_to_execution.py
/home/user1/ros2_ws_2502/install/E03P02_RI_SMS_NEA/lib/python3.10/site-packages/E03P02_RI_SMS_NEA/forward_kinematics.py
/home/user1/ros2_ws_2502/install/E03P02_RI_SMS_NEA/lib/python3.10/site-packages/E03P02_RI_SMS_NEA/test_movement.py
/home/user1/ros2_ws_2502/install/E03P02_RI_SMS_NEA/lib/python3.10/site-packages/E03P02_RI_SMS_NEA/trajectory_planner.py
/home/user1/ros2_ws_2502/install/E03P02_RI_SMS_NEA/lib/python3.10/site-packages/E03P02_RI_SMS_NEA/dxf_parser.py
/home/user1/ros2_ws_2502/install/E03P02_RI_SMS_NEA/lib/python3.10/site-packages/E03P02_RI_SMS_NEA/path_publisher.py
/home/user1/ros2_ws_2502/install/E03P02_RI_SMS_NEA/lib/python3.10/site-packages/E03P02_RI_SMS_NEA/__pycache__/joint_state_bridge.cpython-310.pyc
/home/user1/ros2_ws_2502/install/E03P02_RI_SMS_NEA/lib/python3.10/site-packages/E03P02_RI_SMS_NEA/__pycache__/inverse_kinematics.cpython-310.pyc
/home/user1/ros2_ws_2502/install/E03P02_RI_SMS_NEA/lib/python3.10/site-packages/E03P02_RI_SMS_NEA/__pycache__/__init__.cpython-310.pyc
/home/user1/ros2_ws_2502/install/E03P02_RI_SMS_NEA/lib/python3.10/site-packages/E03P02_RI_SMS_NEA/__pycache__/cad_to_execution.cpython-310.pyc
/home/user1/ros2_ws_2502/install/E03P02_RI_SMS_NEA/lib/python3.10/site-packages/E03P02_RI_SMS_NEA/__pycache__/forward_kinematics.cpython-310.pyc
/home/user1/ros2_ws_2502/install/E03P02_RI_SMS_NEA/lib/python3.10/site-packages/E03P02_RI_SMS_NEA/__pycache__/test_movement.cpython-310.pyc
/home/user1/ros2_ws_2502/install/E03P02_RI_SMS_NEA/lib/python3.10/site-packages/E03P02_RI_SMS_NEA/__pycache__/trajectory_planner.cpython-310.pyc
/home/user1/ros2_ws_2502/install/E03P02_RI_SMS_NEA/lib/python3.10/site-packages/E03P02_RI_SMS_NEA/__pycache__/dxf_parser.cpython-310.pyc
/home/user1/ros2_ws_2502/install/E03P02_RI_SMS_NEA/lib/python3.10/site-packages/E03P02_RI_SMS_NEA/__pycache__/path_publisher.cpython-310.pyc
/home/user1/ros2_ws_2502/install/E03P02_RI_SMS_NEA/share/ament_index/resource_index/packages/E03P02_RI_SMS_NEA
/home/user1/ros2_ws_2502/install/E03P02_RI_SMS_NEA/share/E03P02_RI_SMS_NEA/package.xml
/home/user1/ros2_ws_2502/install/E03P02_RI_SMS_NEA/share/E03P02_RI_SMS_NEA/launch/robot_visualization.launch.py
/home/user1/ros2_ws_2502/install/E03P02_RI_SMS_NEA/share/E03P02_RI_SMS_NEA/launch/complete_system.launch.py
/home/user1/ros2_ws_2502/install/E03P02_RI_SMS_NEA/share/E03P02_RI_SMS_NEA/model/RRP.urdf.xacro
/home/user1/ros2_ws_2502/install/E03P02_RI_SMS_NEA/share/E03P02_RI_SMS_NEA/model/RRP.urdf.xacro:Zone.Identifier
/home/user1/ros2_ws_2502/install/E03P02_RI_SMS_NEA/share/E03P02_RI_SMS_NEA/CAD/WAYPOINT.dxf
/home/user1/ros2_ws_2502/install/E03P02_RI_SMS_NEA/lib/python3.10/site-packages/E03P02_RI_SMS_NEA-0.0.0-py3.10.egg-info/top_level.txt
/home/user1/ros2_ws_2502/install/E03P02_RI_SMS_NEA/lib/python3.10/site-packages/E03P02_RI_SMS_NEA-0.0.0-py3.10.egg-info/SOURCES.txt
/home/user1/ros2_ws_2502/install/E03P02_RI_SMS_NEA/lib/python3.10/site-packages/E03P02_RI_SMS_NEA-0.0.0-py3.10.egg-info/entry_points.txt
/home/user1/ros2_ws_2502/install/E03P02_RI_SMS_NEA/lib/python3.10/site-packages/E03P02_RI_SMS_NEA-0.0.0-py3.10.egg-info/zip-safe
/home/user1/ros2_ws_2502/install/E03P02_RI_SMS_NEA/lib/python3.10/site-packages/E03P02_RI_SMS_NEA-0.0.0-py3.10.egg-info/requires.txt
/home/user1/ros2_ws_2502/install/E03P02_RI_SMS_NEA/lib/python3.10/site-packages/E03P02_RI_SMS_NEA-0.0.0-py3.10.egg-info/PKG-INFO
/home/user1/ros2_ws_2502/install/E03P02_RI_SMS_NEA/lib/python3.10/site-packages/E03P02_RI_SMS_NEA-0.0.0-py3.10.egg-info/dependency_links.txt
/home/user1/ros2_ws_2502/install/E03P02_RI_SMS_NEA/lib/E03P02_RI_SMS_NEA/dxf_parser
/home/user1/ros2_ws_2502/install/E03P02_RI_SMS_NEA/lib/E03P02_RI_SMS_NEA/forward_kinematics
/home/user1/ros2_ws_2502/install/E03P02_RI_SMS_NEA/lib/E03P02_RI_SMS_NEA/inverse_kinematics
/home/user1/ros2_ws_2502/install/E03P02_RI_SMS_NEA/lib/E03P02_RI_SMS_NEA/joint_state_bridge
/home/user1/ros2_ws_2502/install/E03P02_RI_SMS_NEA/lib/E03P02_RI_SMS_NEA/path_publisher
/home/user1/ros2_ws_2502/install/E03P02_RI_SMS_NEA/lib/E03P02_RI_SMS_NEA/test_movement
/home/user1/ros2_ws_2502/install/E03P02_RI_SMS_NEA/lib/E03P02_RI_SMS_NEA/trajectory_planner
