[0.268s] DEBUG:colcon:Command line arguments: ['/usr/bin/colcon', 'build', '--symlink-install']
[0.268s] DEBUG:colcon:Parsed command line arguments: Namespace(log_base=None, log_level=None, verb_name='build', build_base='build', install_base='install', merge_install=False, symlink_install=True, test_result_base=None, continue_on_error=False, executor='parallel', parallel_workers=16, event_handlers=None, ignore_user_meta=False, metas=['./colcon.meta'], base_paths=['.'], packages_ignore=None, packages_ignore_regex=None, paths=None, packages_up_to=None, packages_up_to_regex=None, packages_above=None, packages_above_and_dependencies=None, packages_above_depth=None, packages_select_by_dep=None, packages_skip_by_dep=None, packages_skip_up_to=None, packages_select_build_failed=False, packages_skip_build_finished=False, packages_select_test_failures=False, packages_skip_test_passed=False, packages_select=None, packages_skip=None, packages_select_regex=None, packages_skip_regex=None, packages_start=None, packages_end=None, allow_overriding=[], cmake_args=None, cmake_target=None, cmake_target_skip_unavailable=False, cmake_clean_cache=False, cmake_clean_first=False, cmake_force_configure=False, ament_cmake_args=None, catkin_cmake_args=None, catkin_skip_building_tests=False, mixin_files=None, mixin=None, verb_parser=<colcon_mixin.mixin.mixin_argument.MixinArgumentDecorator object at 0x7107b18477f0>, verb_extension=<colcon_core.verb.build.BuildVerb object at 0x7107b198c730>, main=<bound method BuildVerb.main of <colcon_core.verb.build.BuildVerb object at 0x7107b198c730>>, mixin_verb=('build',))
[0.539s] Level 1:colcon.colcon_core.package_discovery:discover_packages(colcon_meta) check parameters
[0.539s] Level 1:colcon.colcon_core.package_discovery:discover_packages(recursive) check parameters
[0.540s] Level 1:colcon.colcon_core.package_discovery:discover_packages(ignore) check parameters
[0.540s] Level 1:colcon.colcon_core.package_discovery:discover_packages(path) check parameters
[0.540s] Level 1:colcon.colcon_core.package_discovery:discover_packages(colcon_meta) discover
[0.540s] Level 1:colcon.colcon_core.package_discovery:discover_packages(recursive) discover
[0.540s] INFO:colcon.colcon_core.package_discovery:Crawling recursively for packages in '/home/user1/ros2_ws_2502'
[0.540s] Level 1:colcon.colcon_core.package_identification:_identify(.) by extensions ['ignore', 'ignore_ament_install']
[0.540s] Level 1:colcon.colcon_core.package_identification:_identify(.) by extension 'ignore'
[0.540s] Level 1:colcon.colcon_core.package_identification:_identify(.) by extension 'ignore_ament_install'
[0.540s] Level 1:colcon.colcon_core.package_identification:_identify(.) by extensions ['colcon_pkg']
[0.540s] Level 1:colcon.colcon_core.package_identification:_identify(.) by extension 'colcon_pkg'
[0.540s] Level 1:colcon.colcon_core.package_identification:_identify(.) by extensions ['colcon_meta']
[0.540s] Level 1:colcon.colcon_core.package_identification:_identify(.) by extension 'colcon_meta'
[0.541s] Level 1:colcon.colcon_core.package_identification:_identify(.) by extensions ['ros']
[0.541s] Level 1:colcon.colcon_core.package_identification:_identify(.) by extension 'ros'
[0.557s] Level 1:colcon.colcon_core.package_identification:_identify(.) by extensions ['cmake', 'python']
[0.557s] Level 1:colcon.colcon_core.package_identification:_identify(.) by extension 'cmake'
[0.557s] Level 1:colcon.colcon_core.package_identification:_identify(.) by extension 'python'
[0.558s] Level 1:colcon.colcon_core.package_identification:_identify(.) by extensions ['python_setup_py']
[0.558s] Level 1:colcon.colcon_core.package_identification:_identify(.) by extension 'python_setup_py'
[0.558s] Level 1:colcon.colcon_core.package_identification:_identify(build) by extensions ['ignore', 'ignore_ament_install']
[0.558s] Level 1:colcon.colcon_core.package_identification:_identify(build) by extension 'ignore'
[0.558s] Level 1:colcon.colcon_core.package_identification:_identify(build) ignored
[0.558s] Level 1:colcon.colcon_core.package_identification:_identify(install) by extensions ['ignore', 'ignore_ament_install']
[0.559s] Level 1:colcon.colcon_core.package_identification:_identify(install) by extension 'ignore'
[0.559s] Level 1:colcon.colcon_core.package_identification:_identify(install) ignored
[0.559s] Level 1:colcon.colcon_core.package_identification:_identify(log) by extensions ['ignore', 'ignore_ament_install']
[0.559s] Level 1:colcon.colcon_core.package_identification:_identify(log) by extension 'ignore'
[0.559s] Level 1:colcon.colcon_core.package_identification:_identify(log) ignored
[0.559s] Level 1:colcon.colcon_core.package_identification:_identify(src) by extensions ['ignore', 'ignore_ament_install']
[0.560s] Level 1:colcon.colcon_core.package_identification:_identify(src) by extension 'ignore'
[0.560s] Level 1:colcon.colcon_core.package_identification:_identify(src) by extension 'ignore_ament_install'
[0.560s] Level 1:colcon.colcon_core.package_identification:_identify(src) by extensions ['colcon_pkg']
[0.560s] Level 1:colcon.colcon_core.package_identification:_identify(src) by extension 'colcon_pkg'
[0.560s] Level 1:colcon.colcon_core.package_identification:_identify(src) by extensions ['colcon_meta']
[0.560s] Level 1:colcon.colcon_core.package_identification:_identify(src) by extension 'colcon_meta'
[0.560s] Level 1:colcon.colcon_core.package_identification:_identify(src) by extensions ['ros']
[0.560s] Level 1:colcon.colcon_core.package_identification:_identify(src) by extension 'ros'
[0.561s] Level 1:colcon.colcon_core.package_identification:_identify(src) by extensions ['cmake', 'python']
[0.561s] Level 1:colcon.colcon_core.package_identification:_identify(src) by extension 'cmake'
[0.561s] Level 1:colcon.colcon_core.package_identification:_identify(src) by extension 'python'
[0.561s] Level 1:colcon.colcon_core.package_identification:_identify(src) by extensions ['python_setup_py']
[0.561s] Level 1:colcon.colcon_core.package_identification:_identify(src) by extension 'python_setup_py'
[0.561s] Level 1:colcon.colcon_core.package_identification:_identify(src/launch_pkg_nea) by extensions ['ignore', 'ignore_ament_install']
[0.561s] Level 1:colcon.colcon_core.package_identification:_identify(src/launch_pkg_nea) by extension 'ignore'
[0.561s] Level 1:colcon.colcon_core.package_identification:_identify(src/launch_pkg_nea) by extension 'ignore_ament_install'
[0.561s] Level 1:colcon.colcon_core.package_identification:_identify(src/launch_pkg_nea) by extensions ['colcon_pkg']
[0.561s] Level 1:colcon.colcon_core.package_identification:_identify(src/launch_pkg_nea) by extension 'colcon_pkg'
[0.562s] Level 1:colcon.colcon_core.package_identification:_identify(src/launch_pkg_nea) by extensions ['colcon_meta']
[0.562s] Level 1:colcon.colcon_core.package_identification:_identify(src/launch_pkg_nea) by extension 'colcon_meta'
[0.562s] Level 1:colcon.colcon_core.package_identification:_identify(src/launch_pkg_nea) by extensions ['ros']
[0.562s] Level 1:colcon.colcon_core.package_identification:_identify(src/launch_pkg_nea) by extension 'ros'
[0.566s] DEBUG:colcon.colcon_core.package_identification:Package 'src/launch_pkg_nea' with type 'ros.ament_python' and name 'launch_pkg_nea'
[0.566s] Level 1:colcon.colcon_core.package_identification:_identify(src/modelrobot_pkg_nea) by extensions ['ignore', 'ignore_ament_install']
[0.566s] Level 1:colcon.colcon_core.package_identification:_identify(src/modelrobot_pkg_nea) by extension 'ignore'
[0.566s] Level 1:colcon.colcon_core.package_identification:_identify(src/modelrobot_pkg_nea) by extension 'ignore_ament_install'
[0.566s] Level 1:colcon.colcon_core.package_identification:_identify(src/modelrobot_pkg_nea) by extensions ['colcon_pkg']
[0.567s] Level 1:colcon.colcon_core.package_identification:_identify(src/modelrobot_pkg_nea) by extension 'colcon_pkg'
[0.567s] Level 1:colcon.colcon_core.package_identification:_identify(src/modelrobot_pkg_nea) by extensions ['colcon_meta']
[0.567s] Level 1:colcon.colcon_core.package_identification:_identify(src/modelrobot_pkg_nea) by extension 'colcon_meta'
[0.567s] Level 1:colcon.colcon_core.package_identification:_identify(src/modelrobot_pkg_nea) by extensions ['ros']
[0.567s] Level 1:colcon.colcon_core.package_identification:_identify(src/modelrobot_pkg_nea) by extension 'ros'
[0.568s] DEBUG:colcon.colcon_core.package_identification:Package 'src/modelrobot_pkg_nea' with type 'ros.ament_python' and name 'modelrobot_pkg_nea'
[0.568s] Level 1:colcon.colcon_core.package_identification:_identify(src/temp) by extensions ['ignore', 'ignore_ament_install']
[0.568s] Level 1:colcon.colcon_core.package_identification:_identify(src/temp) by extension 'ignore'
[0.568s] Level 1:colcon.colcon_core.package_identification:_identify(src/temp) by extension 'ignore_ament_install'
[0.569s] Level 1:colcon.colcon_core.package_identification:_identify(src/temp) by extensions ['colcon_pkg']
[0.569s] Level 1:colcon.colcon_core.package_identification:_identify(src/temp) by extension 'colcon_pkg'
[0.569s] Level 1:colcon.colcon_core.package_identification:_identify(src/temp) by extensions ['colcon_meta']
[0.569s] Level 1:colcon.colcon_core.package_identification:_identify(src/temp) by extension 'colcon_meta'
[0.569s] Level 1:colcon.colcon_core.package_identification:_identify(src/temp) by extensions ['ros']
[0.569s] Level 1:colcon.colcon_core.package_identification:_identify(src/temp) by extension 'ros'
[0.569s] Level 1:colcon.colcon_core.package_identification:_identify(src/temp) by extensions ['cmake', 'python']
[0.569s] Level 1:colcon.colcon_core.package_identification:_identify(src/temp) by extension 'cmake'
[0.569s] Level 1:colcon.colcon_core.package_identification:_identify(src/temp) by extension 'python'
[0.569s] Level 1:colcon.colcon_core.package_identification:_identify(src/temp) by extensions ['python_setup_py']
[0.569s] Level 1:colcon.colcon_core.package_identification:_identify(src/temp) by extension 'python_setup_py'
[0.570s] Level 1:colcon.colcon_core.package_identification:_identify(src/turtle_move_pkg_nea) by extensions ['ignore', 'ignore_ament_install']
[0.570s] Level 1:colcon.colcon_core.package_identification:_identify(src/turtle_move_pkg_nea) by extension 'ignore'
[0.570s] Level 1:colcon.colcon_core.package_identification:_identify(src/turtle_move_pkg_nea) by extension 'ignore_ament_install'
[0.570s] Level 1:colcon.colcon_core.package_identification:_identify(src/turtle_move_pkg_nea) by extensions ['colcon_pkg']
[0.570s] Level 1:colcon.colcon_core.package_identification:_identify(src/turtle_move_pkg_nea) by extension 'colcon_pkg'
[0.570s] Level 1:colcon.colcon_core.package_identification:_identify(src/turtle_move_pkg_nea) by extensions ['colcon_meta']
[0.570s] Level 1:colcon.colcon_core.package_identification:_identify(src/turtle_move_pkg_nea) by extension 'colcon_meta'
[0.570s] Level 1:colcon.colcon_core.package_identification:_identify(src/turtle_move_pkg_nea) by extensions ['ros']
[0.570s] Level 1:colcon.colcon_core.package_identification:_identify(src/turtle_move_pkg_nea) by extension 'ros'
[0.571s] DEBUG:colcon.colcon_core.package_identification:Package 'src/turtle_move_pkg_nea' with type 'ros.ament_python' and name 'turtle_move_pkg_nea'
[0.571s] Level 1:colcon.colcon_core.package_discovery:discover_packages(recursive) using defaults
[0.571s] Level 1:colcon.colcon_core.package_discovery:discover_packages(ignore) discover
[0.571s] Level 1:colcon.colcon_core.package_discovery:discover_packages(ignore) using defaults
[0.571s] Level 1:colcon.colcon_core.package_discovery:discover_packages(path) discover
[0.571s] Level 1:colcon.colcon_core.package_discovery:discover_packages(path) using defaults
[0.626s] Level 1:colcon.colcon_core.package_discovery:discover_packages(prefix_path) check parameters
[0.626s] Level 1:colcon.colcon_core.package_discovery:discover_packages(prefix_path) discover
[0.630s] DEBUG:colcon.colcon_installed_package_information.package_discovery:Found 3 installed packages in /home/user1/ros2_ws_2502/install
[0.633s] DEBUG:colcon.colcon_installed_package_information.package_discovery:Found 389 installed packages in /opt/ros/humble
[0.636s] Level 1:colcon.colcon_core.package_discovery:discover_packages(prefix_path) using defaults
[0.714s] Level 5:colcon.colcon_core.verb:set package 'launch_pkg_nea' build argument 'cmake_args' from command line to 'None'
[0.714s] Level 5:colcon.colcon_core.verb:set package 'launch_pkg_nea' build argument 'cmake_target' from command line to 'None'
[0.714s] Level 5:colcon.colcon_core.verb:set package 'launch_pkg_nea' build argument 'cmake_target_skip_unavailable' from command line to 'False'
[0.714s] Level 5:colcon.colcon_core.verb:set package 'launch_pkg_nea' build argument 'cmake_clean_cache' from command line to 'False'
[0.714s] Level 5:colcon.colcon_core.verb:set package 'launch_pkg_nea' build argument 'cmake_clean_first' from command line to 'False'
[0.714s] Level 5:colcon.colcon_core.verb:set package 'launch_pkg_nea' build argument 'cmake_force_configure' from command line to 'False'
[0.714s] Level 5:colcon.colcon_core.verb:set package 'launch_pkg_nea' build argument 'ament_cmake_args' from command line to 'None'
[0.714s] Level 5:colcon.colcon_core.verb:set package 'launch_pkg_nea' build argument 'catkin_cmake_args' from command line to 'None'
[0.714s] Level 5:colcon.colcon_core.verb:set package 'launch_pkg_nea' build argument 'catkin_skip_building_tests' from command line to 'False'
[0.714s] DEBUG:colcon.colcon_core.verb:Building package 'launch_pkg_nea' with the following arguments: {'ament_cmake_args': None, 'build_base': '/home/user1/ros2_ws_2502/build/launch_pkg_nea', 'catkin_cmake_args': None, 'catkin_skip_building_tests': False, 'cmake_args': None, 'cmake_clean_cache': False, 'cmake_clean_first': False, 'cmake_force_configure': False, 'cmake_target': None, 'cmake_target_skip_unavailable': False, 'install_base': '/home/user1/ros2_ws_2502/install/launch_pkg_nea', 'merge_install': False, 'path': '/home/user1/ros2_ws_2502/src/launch_pkg_nea', 'symlink_install': True, 'test_result_base': None}
[0.715s] Level 5:colcon.colcon_core.verb:set package 'modelrobot_pkg_nea' build argument 'cmake_args' from command line to 'None'
[0.715s] Level 5:colcon.colcon_core.verb:set package 'modelrobot_pkg_nea' build argument 'cmake_target' from command line to 'None'
[0.715s] Level 5:colcon.colcon_core.verb:set package 'modelrobot_pkg_nea' build argument 'cmake_target_skip_unavailable' from command line to 'False'
[0.715s] Level 5:colcon.colcon_core.verb:set package 'modelrobot_pkg_nea' build argument 'cmake_clean_cache' from command line to 'False'
[0.715s] Level 5:colcon.colcon_core.verb:set package 'modelrobot_pkg_nea' build argument 'cmake_clean_first' from command line to 'False'
[0.715s] Level 5:colcon.colcon_core.verb:set package 'modelrobot_pkg_nea' build argument 'cmake_force_configure' from command line to 'False'
[0.715s] Level 5:colcon.colcon_core.verb:set package 'modelrobot_pkg_nea' build argument 'ament_cmake_args' from command line to 'None'
[0.715s] Level 5:colcon.colcon_core.verb:set package 'modelrobot_pkg_nea' build argument 'catkin_cmake_args' from command line to 'None'
[0.715s] Level 5:colcon.colcon_core.verb:set package 'modelrobot_pkg_nea' build argument 'catkin_skip_building_tests' from command line to 'False'
[0.715s] DEBUG:colcon.colcon_core.verb:Building package 'modelrobot_pkg_nea' with the following arguments: {'ament_cmake_args': None, 'build_base': '/home/user1/ros2_ws_2502/build/modelrobot_pkg_nea', 'catkin_cmake_args': None, 'catkin_skip_building_tests': False, 'cmake_args': None, 'cmake_clean_cache': False, 'cmake_clean_first': False, 'cmake_force_configure': False, 'cmake_target': None, 'cmake_target_skip_unavailable': False, 'install_base': '/home/user1/ros2_ws_2502/install/modelrobot_pkg_nea', 'merge_install': False, 'path': '/home/user1/ros2_ws_2502/src/modelrobot_pkg_nea', 'symlink_install': True, 'test_result_base': None}
[0.716s] Level 5:colcon.colcon_core.verb:set package 'turtle_move_pkg_nea' build argument 'cmake_args' from command line to 'None'
[0.716s] Level 5:colcon.colcon_core.verb:set package 'turtle_move_pkg_nea' build argument 'cmake_target' from command line to 'None'
[0.716s] Level 5:colcon.colcon_core.verb:set package 'turtle_move_pkg_nea' build argument 'cmake_target_skip_unavailable' from command line to 'False'
[0.716s] Level 5:colcon.colcon_core.verb:set package 'turtle_move_pkg_nea' build argument 'cmake_clean_cache' from command line to 'False'
[0.716s] Level 5:colcon.colcon_core.verb:set package 'turtle_move_pkg_nea' build argument 'cmake_clean_first' from command line to 'False'
[0.716s] Level 5:colcon.colcon_core.verb:set package 'turtle_move_pkg_nea' build argument 'cmake_force_configure' from command line to 'False'
[0.716s] Level 5:colcon.colcon_core.verb:set package 'turtle_move_pkg_nea' build argument 'ament_cmake_args' from command line to 'None'
[0.716s] Level 5:colcon.colcon_core.verb:set package 'turtle_move_pkg_nea' build argument 'catkin_cmake_args' from command line to 'None'
[0.716s] Level 5:colcon.colcon_core.verb:set package 'turtle_move_pkg_nea' build argument 'catkin_skip_building_tests' from command line to 'False'
[0.716s] DEBUG:colcon.colcon_core.verb:Building package 'turtle_move_pkg_nea' with the following arguments: {'ament_cmake_args': None, 'build_base': '/home/user1/ros2_ws_2502/build/turtle_move_pkg_nea', 'catkin_cmake_args': None, 'catkin_skip_building_tests': False, 'cmake_args': None, 'cmake_clean_cache': False, 'cmake_clean_first': False, 'cmake_force_configure': False, 'cmake_target': None, 'cmake_target_skip_unavailable': False, 'install_base': '/home/user1/ros2_ws_2502/install/turtle_move_pkg_nea', 'merge_install': False, 'path': '/home/user1/ros2_ws_2502/src/turtle_move_pkg_nea', 'symlink_install': True, 'test_result_base': None}
[0.717s] INFO:colcon.colcon_core.executor:Executing jobs using 'parallel' executor
[0.718s] DEBUG:colcon.colcon_parallel_executor.executor.parallel:run_until_complete
[0.719s] INFO:colcon.colcon_ros.task.ament_python.build:Building ROS package in '/home/user1/ros2_ws_2502/src/launch_pkg_nea' with build type 'ament_python'
[0.719s] Level 1:colcon.colcon_core.shell:create_environment_hook('launch_pkg_nea', 'ament_prefix_path')
[0.724s] INFO:colcon.colcon_core.plugin_system:Skipping extension 'colcon_core.shell.bat': Not used on non-Windows systems
[0.724s] INFO:colcon.colcon_core.shell:Creating environment hook '/home/user1/ros2_ws_2502/install/launch_pkg_nea/share/launch_pkg_nea/hook/ament_prefix_path.ps1'
[0.725s] INFO:colcon.colcon_core.shell:Creating environment descriptor '/home/user1/ros2_ws_2502/install/launch_pkg_nea/share/launch_pkg_nea/hook/ament_prefix_path.dsv'
[0.726s] INFO:colcon.colcon_core.shell:Creating environment hook '/home/user1/ros2_ws_2502/install/launch_pkg_nea/share/launch_pkg_nea/hook/ament_prefix_path.sh'
[0.728s] INFO:colcon.colcon_core.shell:Skip shell extension 'powershell' for command environment: Not usable outside of PowerShell
[0.728s] DEBUG:colcon.colcon_core.shell:Skip shell extension 'dsv' for command environment
[0.737s] INFO:colcon.colcon_ros.task.ament_python.build:Building ROS package in '/home/user1/ros2_ws_2502/src/modelrobot_pkg_nea' with build type 'ament_python'
[0.737s] Level 1:colcon.colcon_core.shell:create_environment_hook('modelrobot_pkg_nea', 'ament_prefix_path')
[0.738s] INFO:colcon.colcon_core.shell:Creating environment hook '/home/user1/ros2_ws_2502/install/modelrobot_pkg_nea/share/modelrobot_pkg_nea/hook/ament_prefix_path.ps1'
[0.739s] INFO:colcon.colcon_core.shell:Creating environment descriptor '/home/user1/ros2_ws_2502/install/modelrobot_pkg_nea/share/modelrobot_pkg_nea/hook/ament_prefix_path.dsv'
[0.741s] INFO:colcon.colcon_core.shell:Creating environment hook '/home/user1/ros2_ws_2502/install/modelrobot_pkg_nea/share/modelrobot_pkg_nea/hook/ament_prefix_path.sh'
[0.743s] INFO:colcon.colcon_core.shell:Skip shell extension 'powershell' for command environment: Not usable outside of PowerShell
[0.743s] DEBUG:colcon.colcon_core.shell:Skip shell extension 'dsv' for command environment
[0.749s] INFO:colcon.colcon_ros.task.ament_python.build:Building ROS package in '/home/user1/ros2_ws_2502/src/turtle_move_pkg_nea' with build type 'ament_python'
[0.750s] Level 1:colcon.colcon_core.shell:create_environment_hook('turtle_move_pkg_nea', 'ament_prefix_path')
[0.751s] INFO:colcon.colcon_core.shell:Creating environment hook '/home/user1/ros2_ws_2502/install/turtle_move_pkg_nea/share/turtle_move_pkg_nea/hook/ament_prefix_path.ps1'
[0.752s] INFO:colcon.colcon_core.shell:Creating environment descriptor '/home/user1/ros2_ws_2502/install/turtle_move_pkg_nea/share/turtle_move_pkg_nea/hook/ament_prefix_path.dsv'
[0.753s] INFO:colcon.colcon_core.shell:Creating environment hook '/home/user1/ros2_ws_2502/install/turtle_move_pkg_nea/share/turtle_move_pkg_nea/hook/ament_prefix_path.sh'
[0.754s] INFO:colcon.colcon_core.shell:Skip shell extension 'powershell' for command environment: Not usable outside of PowerShell
[0.754s] DEBUG:colcon.colcon_core.shell:Skip shell extension 'dsv' for command environment
[1.234s] INFO:colcon.colcon_core.task.python.build:Building Python package in '/home/user1/ros2_ws_2502/src/launch_pkg_nea'
[1.235s] INFO:colcon.colcon_core.shell:Skip shell extension 'powershell' for command environment: Not usable outside of PowerShell
[1.235s] DEBUG:colcon.colcon_core.shell:Skip shell extension 'dsv' for command environment
[1.633s] INFO:colcon.colcon_core.task.python.build:Building Python package in '/home/user1/ros2_ws_2502/src/modelrobot_pkg_nea'
[1.633s] INFO:colcon.colcon_core.shell:Skip shell extension 'powershell' for command environment: Not usable outside of PowerShell
[1.634s] DEBUG:colcon.colcon_core.shell:Skip shell extension 'dsv' for command environment
[2.033s] INFO:colcon.colcon_core.task.python.build:Building Python package in '/home/user1/ros2_ws_2502/src/turtle_move_pkg_nea'
[2.033s] INFO:colcon.colcon_core.shell:Skip shell extension 'powershell' for command environment: Not usable outside of PowerShell
[2.033s] DEBUG:colcon.colcon_core.shell:Skip shell extension 'dsv' for command environment
[2.705s] DEBUG:colcon.colcon_core.event_handler.log_command:Invoking command in '/home/user1/ros2_ws_2502/build/launch_pkg_nea': PYTHONPATH=/home/user1/ros2_ws_2502/build/launch_pkg_nea/prefix_override:/usr/lib/python3/dist-packages/colcon_core/task/python/colcon_distutils_commands:/home/user1/ros2_ws_2502/install/launch_pkg_nea/lib/python3.10/site-packages:${PYTHONPATH} /usr/bin/python3 -W ignore:setup.py install is deprecated -W ignore:easy_install command is deprecated setup.py develop --editable --build-directory /home/user1/ros2_ws_2502/build/launch_pkg_nea/build --no-deps symlink_data
[2.714s] DEBUG:colcon.colcon_core.event_handler.log_command:Invoking command in '/home/user1/ros2_ws_2502/build/turtle_move_pkg_nea': PYTHONPATH=/home/user1/ros2_ws_2502/build/turtle_move_pkg_nea/prefix_override:/usr/lib/python3/dist-packages/colcon_core/task/python/colcon_distutils_commands:/home/user1/ros2_ws_2502/install/turtle_move_pkg_nea/lib/python3.10/site-packages:${PYTHONPATH} /usr/bin/python3 -W ignore:setup.py install is deprecated -W ignore:easy_install command is deprecated setup.py develop --editable --build-directory /home/user1/ros2_ws_2502/build/turtle_move_pkg_nea/build --no-deps symlink_data
[2.716s] DEBUG:colcon.colcon_core.event_handler.log_command:Invoking command in '/home/user1/ros2_ws_2502/build/modelrobot_pkg_nea': PYTHONPATH=/home/user1/ros2_ws_2502/build/modelrobot_pkg_nea/prefix_override:/usr/lib/python3/dist-packages/colcon_core/task/python/colcon_distutils_commands:/home/user1/ros2_ws_2502/install/modelrobot_pkg_nea/lib/python3.10/site-packages:${PYTHONPATH} /usr/bin/python3 -W ignore:setup.py install is deprecated -W ignore:easy_install command is deprecated setup.py develop --editable --build-directory /home/user1/ros2_ws_2502/build/modelrobot_pkg_nea/build --no-deps symlink_data
[3.499s] Level 1:colcon.colcon_core.shell:create_environment_hook('turtle_move_pkg_nea', 'pythonpath_develop')
[3.500s] INFO:colcon.colcon_core.shell:Creating environment hook '/home/user1/ros2_ws_2502/build/turtle_move_pkg_nea/share/turtle_move_pkg_nea/hook/pythonpath_develop.ps1'
[3.503s] DEBUG:colcon.colcon_core.event_handler.log_command:Invoked command in '/home/user1/ros2_ws_2502/build/turtle_move_pkg_nea' returned '0': PYTHONPATH=/home/user1/ros2_ws_2502/build/turtle_move_pkg_nea/prefix_override:/usr/lib/python3/dist-packages/colcon_core/task/python/colcon_distutils_commands:/home/user1/ros2_ws_2502/install/turtle_move_pkg_nea/lib/python3.10/site-packages:${PYTHONPATH} /usr/bin/python3 -W ignore:setup.py install is deprecated -W ignore:easy_install command is deprecated setup.py develop --editable --build-directory /home/user1/ros2_ws_2502/build/turtle_move_pkg_nea/build --no-deps symlink_data
[3.505s] INFO:colcon.colcon_core.shell:Creating environment descriptor '/home/user1/ros2_ws_2502/build/turtle_move_pkg_nea/share/turtle_move_pkg_nea/hook/pythonpath_develop.dsv'
[3.505s] INFO:colcon.colcon_core.shell:Creating environment hook '/home/user1/ros2_ws_2502/build/turtle_move_pkg_nea/share/turtle_move_pkg_nea/hook/pythonpath_develop.sh'
[3.510s] Level 1:colcon.colcon_core.environment:checking '/home/user1/ros2_ws_2502/install/turtle_move_pkg_nea' for CMake module files
[3.511s] Level 1:colcon.colcon_core.environment:checking '/home/user1/ros2_ws_2502/install/turtle_move_pkg_nea' for CMake config files
[3.512s] Level 1:colcon.colcon_core.environment:checking '/home/user1/ros2_ws_2502/install/turtle_move_pkg_nea/lib'
[3.512s] Level 1:colcon.colcon_core.environment:checking '/home/user1/ros2_ws_2502/install/turtle_move_pkg_nea/bin'
[3.512s] Level 1:colcon.colcon_core.environment:checking '/home/user1/ros2_ws_2502/install/turtle_move_pkg_nea/lib/pkgconfig/turtle_move_pkg_nea.pc'
[3.513s] Level 1:colcon.colcon_core.environment:checking '/home/user1/ros2_ws_2502/install/turtle_move_pkg_nea/lib/python3.10/site-packages'
[3.513s] Level 1:colcon.colcon_core.shell:create_environment_hook('turtle_move_pkg_nea', 'pythonpath')
[3.513s] INFO:colcon.colcon_core.shell:Creating environment hook '/home/user1/ros2_ws_2502/install/turtle_move_pkg_nea/share/turtle_move_pkg_nea/hook/pythonpath.ps1'
[3.514s] INFO:colcon.colcon_core.shell:Creating environment descriptor '/home/user1/ros2_ws_2502/install/turtle_move_pkg_nea/share/turtle_move_pkg_nea/hook/pythonpath.dsv'
[3.515s] INFO:colcon.colcon_core.shell:Creating environment hook '/home/user1/ros2_ws_2502/install/turtle_move_pkg_nea/share/turtle_move_pkg_nea/hook/pythonpath.sh'
[3.516s] Level 1:colcon.colcon_core.environment:checking '/home/user1/ros2_ws_2502/install/turtle_move_pkg_nea/bin'
[3.516s] Level 1:colcon.colcon_core.environment:create_environment_scripts_only(turtle_move_pkg_nea)
[3.516s] INFO:colcon.colcon_core.shell:Creating package script '/home/user1/ros2_ws_2502/install/turtle_move_pkg_nea/share/turtle_move_pkg_nea/package.ps1'
[3.517s] INFO:colcon.colcon_core.shell:Creating package descriptor '/home/user1/ros2_ws_2502/install/turtle_move_pkg_nea/share/turtle_move_pkg_nea/package.dsv'
[3.519s] INFO:colcon.colcon_core.shell:Creating package script '/home/user1/ros2_ws_2502/install/turtle_move_pkg_nea/share/turtle_move_pkg_nea/package.sh'
[3.520s] INFO:colcon.colcon_core.shell:Creating package script '/home/user1/ros2_ws_2502/install/turtle_move_pkg_nea/share/turtle_move_pkg_nea/package.bash'
[3.521s] INFO:colcon.colcon_core.shell:Creating package script '/home/user1/ros2_ws_2502/install/turtle_move_pkg_nea/share/turtle_move_pkg_nea/package.zsh'
[3.522s] Level 1:colcon.colcon_core.environment:create_file_with_runtime_dependencies(/home/user1/ros2_ws_2502/install/turtle_move_pkg_nea/share/colcon-core/packages/turtle_move_pkg_nea)
[3.538s] Level 1:colcon.colcon_core.shell:create_environment_hook('launch_pkg_nea', 'pythonpath_develop')
[3.538s] INFO:colcon.colcon_core.shell:Creating environment hook '/home/user1/ros2_ws_2502/build/launch_pkg_nea/share/launch_pkg_nea/hook/pythonpath_develop.ps1'
[3.539s] DEBUG:colcon.colcon_core.event_handler.log_command:Invoked command in '/home/user1/ros2_ws_2502/build/launch_pkg_nea' returned '0': PYTHONPATH=/home/user1/ros2_ws_2502/build/launch_pkg_nea/prefix_override:/usr/lib/python3/dist-packages/colcon_core/task/python/colcon_distutils_commands:/home/user1/ros2_ws_2502/install/launch_pkg_nea/lib/python3.10/site-packages:${PYTHONPATH} /usr/bin/python3 -W ignore:setup.py install is deprecated -W ignore:easy_install command is deprecated setup.py develop --editable --build-directory /home/user1/ros2_ws_2502/build/launch_pkg_nea/build --no-deps symlink_data
[3.540s] INFO:colcon.colcon_core.shell:Creating environment descriptor '/home/user1/ros2_ws_2502/build/launch_pkg_nea/share/launch_pkg_nea/hook/pythonpath_develop.dsv'
[3.540s] INFO:colcon.colcon_core.shell:Creating environment hook '/home/user1/ros2_ws_2502/build/launch_pkg_nea/share/launch_pkg_nea/hook/pythonpath_develop.sh'
[3.541s] Level 1:colcon.colcon_core.environment:checking '/home/user1/ros2_ws_2502/install/launch_pkg_nea' for CMake module files
[3.542s] Level 1:colcon.colcon_core.environment:checking '/home/user1/ros2_ws_2502/install/launch_pkg_nea' for CMake config files
[3.542s] Level 1:colcon.colcon_core.environment:checking '/home/user1/ros2_ws_2502/install/launch_pkg_nea/lib'
[3.543s] Level 1:colcon.colcon_core.environment:checking '/home/user1/ros2_ws_2502/install/launch_pkg_nea/bin'
[3.543s] Level 1:colcon.colcon_core.environment:checking '/home/user1/ros2_ws_2502/install/launch_pkg_nea/lib/pkgconfig/launch_pkg_nea.pc'
[3.543s] Level 1:colcon.colcon_core.environment:checking '/home/user1/ros2_ws_2502/install/launch_pkg_nea/lib/python3.10/site-packages'
[3.543s] Level 1:colcon.colcon_core.shell:create_environment_hook('launch_pkg_nea', 'pythonpath')
[3.543s] INFO:colcon.colcon_core.shell:Creating environment hook '/home/user1/ros2_ws_2502/install/launch_pkg_nea/share/launch_pkg_nea/hook/pythonpath.ps1'
[3.544s] INFO:colcon.colcon_core.shell:Creating environment descriptor '/home/user1/ros2_ws_2502/install/launch_pkg_nea/share/launch_pkg_nea/hook/pythonpath.dsv'
[3.545s] INFO:colcon.colcon_core.shell:Creating environment hook '/home/user1/ros2_ws_2502/install/launch_pkg_nea/share/launch_pkg_nea/hook/pythonpath.sh'
[3.546s] Level 1:colcon.colcon_core.environment:checking '/home/user1/ros2_ws_2502/install/launch_pkg_nea/bin'
[3.546s] Level 1:colcon.colcon_core.environment:create_environment_scripts_only(launch_pkg_nea)
[3.547s] INFO:colcon.colcon_core.shell:Creating package script '/home/user1/ros2_ws_2502/install/launch_pkg_nea/share/launch_pkg_nea/package.ps1'
[3.549s] INFO:colcon.colcon_core.shell:Creating package descriptor '/home/user1/ros2_ws_2502/install/launch_pkg_nea/share/launch_pkg_nea/package.dsv'
[3.550s] INFO:colcon.colcon_core.shell:Creating package script '/home/user1/ros2_ws_2502/install/launch_pkg_nea/share/launch_pkg_nea/package.sh'
[3.551s] INFO:colcon.colcon_core.shell:Creating package script '/home/user1/ros2_ws_2502/install/launch_pkg_nea/share/launch_pkg_nea/package.bash'
[3.552s] INFO:colcon.colcon_core.shell:Creating package script '/home/user1/ros2_ws_2502/install/launch_pkg_nea/share/launch_pkg_nea/package.zsh'
[3.553s] Level 1:colcon.colcon_core.environment:create_file_with_runtime_dependencies(/home/user1/ros2_ws_2502/install/launch_pkg_nea/share/colcon-core/packages/launch_pkg_nea)
[3.555s] Level 1:colcon.colcon_core.shell:create_environment_hook('modelrobot_pkg_nea', 'pythonpath_develop')
[3.556s] INFO:colcon.colcon_core.shell:Creating environment hook '/home/user1/ros2_ws_2502/build/modelrobot_pkg_nea/share/modelrobot_pkg_nea/hook/pythonpath_develop.ps1'
[3.557s] DEBUG:colcon.colcon_core.event_handler.log_command:Invoked command in '/home/user1/ros2_ws_2502/build/modelrobot_pkg_nea' returned '0': PYTHONPATH=/home/user1/ros2_ws_2502/build/modelrobot_pkg_nea/prefix_override:/usr/lib/python3/dist-packages/colcon_core/task/python/colcon_distutils_commands:/home/user1/ros2_ws_2502/install/modelrobot_pkg_nea/lib/python3.10/site-packages:${PYTHONPATH} /usr/bin/python3 -W ignore:setup.py install is deprecated -W ignore:easy_install command is deprecated setup.py develop --editable --build-directory /home/user1/ros2_ws_2502/build/modelrobot_pkg_nea/build --no-deps symlink_data
[3.558s] INFO:colcon.colcon_core.shell:Creating environment descriptor '/home/user1/ros2_ws_2502/build/modelrobot_pkg_nea/share/modelrobot_pkg_nea/hook/pythonpath_develop.dsv'
[3.558s] INFO:colcon.colcon_core.shell:Creating environment hook '/home/user1/ros2_ws_2502/build/modelrobot_pkg_nea/share/modelrobot_pkg_nea/hook/pythonpath_develop.sh'
[3.559s] Level 1:colcon.colcon_core.environment:checking '/home/user1/ros2_ws_2502/install/modelrobot_pkg_nea' for CMake module files
[3.560s] Level 1:colcon.colcon_core.environment:checking '/home/user1/ros2_ws_2502/install/modelrobot_pkg_nea' for CMake config files
[3.561s] Level 1:colcon.colcon_core.environment:checking '/home/user1/ros2_ws_2502/install/modelrobot_pkg_nea/lib'
[3.561s] Level 1:colcon.colcon_core.environment:checking '/home/user1/ros2_ws_2502/install/modelrobot_pkg_nea/bin'
[3.561s] Level 1:colcon.colcon_core.environment:checking '/home/user1/ros2_ws_2502/install/modelrobot_pkg_nea/lib/pkgconfig/modelrobot_pkg_nea.pc'
[3.561s] Level 1:colcon.colcon_core.environment:checking '/home/user1/ros2_ws_2502/install/modelrobot_pkg_nea/lib/python3.10/site-packages'
[3.561s] Level 1:colcon.colcon_core.shell:create_environment_hook('modelrobot_pkg_nea', 'pythonpath')
[3.561s] INFO:colcon.colcon_core.shell:Creating environment hook '/home/user1/ros2_ws_2502/install/modelrobot_pkg_nea/share/modelrobot_pkg_nea/hook/pythonpath.ps1'
[3.562s] INFO:colcon.colcon_core.shell:Creating environment descriptor '/home/user1/ros2_ws_2502/install/modelrobot_pkg_nea/share/modelrobot_pkg_nea/hook/pythonpath.dsv'
[3.563s] INFO:colcon.colcon_core.shell:Creating environment hook '/home/user1/ros2_ws_2502/install/modelrobot_pkg_nea/share/modelrobot_pkg_nea/hook/pythonpath.sh'
[3.564s] Level 1:colcon.colcon_core.environment:checking '/home/user1/ros2_ws_2502/install/modelrobot_pkg_nea/bin'
[3.564s] Level 1:colcon.colcon_core.environment:create_environment_scripts_only(modelrobot_pkg_nea)
[3.565s] INFO:colcon.colcon_core.shell:Creating package script '/home/user1/ros2_ws_2502/install/modelrobot_pkg_nea/share/modelrobot_pkg_nea/package.ps1'
[3.565s] INFO:colcon.colcon_core.shell:Creating package descriptor '/home/user1/ros2_ws_2502/install/modelrobot_pkg_nea/share/modelrobot_pkg_nea/package.dsv'
[3.566s] INFO:colcon.colcon_core.shell:Creating package script '/home/user1/ros2_ws_2502/install/modelrobot_pkg_nea/share/modelrobot_pkg_nea/package.sh'
[3.567s] INFO:colcon.colcon_core.shell:Creating package script '/home/user1/ros2_ws_2502/install/modelrobot_pkg_nea/share/modelrobot_pkg_nea/package.bash'
[3.568s] INFO:colcon.colcon_core.shell:Creating package script '/home/user1/ros2_ws_2502/install/modelrobot_pkg_nea/share/modelrobot_pkg_nea/package.zsh'
[3.568s] Level 1:colcon.colcon_core.environment:create_file_with_runtime_dependencies(/home/user1/ros2_ws_2502/install/modelrobot_pkg_nea/share/colcon-core/packages/modelrobot_pkg_nea)
[3.569s] DEBUG:colcon.colcon_parallel_executor.executor.parallel:closing loop
[3.570s] DEBUG:colcon.colcon_parallel_executor.executor.parallel:loop closed
[3.570s] DEBUG:colcon.colcon_parallel_executor.executor.parallel:run_until_complete finished with '0'
[3.570s] DEBUG:colcon.colcon_core.event_reactor:joining thread
[3.630s] INFO:colcon.colcon_core.plugin_system:Skipping extension 'colcon_notification.desktop_notification.notify_send': Could not find 'notify-send'
[3.630s] INFO:colcon.colcon_core.plugin_system:Skipping extension 'colcon_notification.desktop_notification.terminal_notifier': Not used on non-Darwin systems
[3.630s] INFO:colcon.colcon_core.plugin_system:Skipping extension 'colcon_notification.desktop_notification.win32': Not used on non-Windows systems
[3.630s] INFO:colcon.colcon_notification.desktop_notification:Sending desktop notification using 'notify2'
[3.633s] DEBUG:colcon.colcon_notification.desktop_notification.notify2:Failed to initialize notify2: org.freedesktop.DBus.Error.ServiceUnknown: The name org.freedesktop.Notifications was not provided by any .service files
[3.633s] DEBUG:colcon.colcon_core.event_reactor:joined thread
[3.633s] INFO:colcon.colcon_core.shell:Creating prefix script '/home/user1/ros2_ws_2502/install/local_setup.ps1'
[3.635s] INFO:colcon.colcon_core.shell:Creating prefix util module '/home/user1/ros2_ws_2502/install/_local_setup_util_ps1.py'
[3.637s] INFO:colcon.colcon_core.shell:Creating prefix chain script '/home/user1/ros2_ws_2502/install/setup.ps1'
[3.638s] INFO:colcon.colcon_core.shell:Creating prefix script '/home/user1/ros2_ws_2502/install/local_setup.sh'
[3.639s] INFO:colcon.colcon_core.shell:Creating prefix util module '/home/user1/ros2_ws_2502/install/_local_setup_util_sh.py'
[3.640s] INFO:colcon.colcon_core.shell:Creating prefix chain script '/home/user1/ros2_ws_2502/install/setup.sh'
[3.642s] INFO:colcon.colcon_core.shell:Creating prefix script '/home/user1/ros2_ws_2502/install/local_setup.bash'
[3.642s] INFO:colcon.colcon_core.shell:Creating prefix chain script '/home/user1/ros2_ws_2502/install/setup.bash'
[3.644s] INFO:colcon.colcon_core.shell:Creating prefix script '/home/user1/ros2_ws_2502/install/local_setup.zsh'
[3.644s] INFO:colcon.colcon_core.shell:Creating prefix chain script '/home/user1/ros2_ws_2502/install/setup.zsh'
