[2.622s] Invoking command in '/home/user1/ros2_ws_2502/build/launch_pkg_nea': PYTHONPATH=/home/user1/ros2_ws_2502/build/launch_pkg_nea/prefix_override:/usr/lib/python3/dist-packages/colcon_core/task/python/colcon_distutils_commands:/home/user1/ros2_ws_2502/install/launch_pkg_nea/lib/python3.10/site-packages:${PYTHONPATH} /usr/bin/python3 -W ignore:setup.py install is deprecated -W ignore:easy_install command is deprecated setup.py develop --editable --build-directory /home/user1/ros2_ws_2502/build/launch_pkg_nea/build --no-deps symlink_data --force
[3.095s] running develop
[3.430s] running egg_info
[3.431s] writing launch_pkg_nea.egg-info/PKG-INFO
[3.432s] writing dependency_links to launch_pkg_nea.egg-info/dependency_links.txt
[3.433s] writing entry points to launch_pkg_nea.egg-info/entry_points.txt
[3.433s] writing requirements to launch_pkg_nea.egg-info/requires.txt
[3.433s] writing top-level names to launch_pkg_nea.egg-info/top_level.txt
[3.436s] reading manifest file 'launch_pkg_nea.egg-info/SOURCES.txt'
[3.437s] writing manifest file 'launch_pkg_nea.egg-info/SOURCES.txt'
[3.440s] running build_ext
[3.440s] Creating /home/user1/ros2_ws_2502/install/launch_pkg_nea/lib/python3.10/site-packages/launch-pkg-nea.egg-link (link to .)
[3.442s] 
[3.443s] Installed /home/user1/ros2_ws_2502/build/launch_pkg_nea
[3.443s] running symlink_data
[3.443s] symbolically linking /home/user1/ros2_ws_2502/build/launch_pkg_nea/resource/launch_pkg_nea -> /home/user1/ros2_ws_2502/install/launch_pkg_nea/share/ament_index/resource_index/packages
[3.445s] symbolically linking /home/user1/ros2_ws_2502/build/launch_pkg_nea/package.xml -> /home/user1/ros2_ws_2502/install/launch_pkg_nea/share/launch_pkg_nea
[3.446s] symbolically linking /home/user1/ros2_ws_2502/build/launch_pkg_nea/launch/talker_listener.launch.py -> /home/user1/ros2_ws_2502/install/launch_pkg_nea/share/launch_pkg_nea/launch
[3.447s] symbolically linking /home/user1/ros2_ws_2502/build/launch_pkg_nea/launch/turtle_mimic.launch.py -> /home/user1/ros2_ws_2502/install/launch_pkg_nea/share/launch_pkg_nea/launch
[3.510s] Invoked command in '/home/user1/ros2_ws_2502/build/launch_pkg_nea' returned '0': PYTHONPATH=/home/user1/ros2_ws_2502/build/launch_pkg_nea/prefix_override:/usr/lib/python3/dist-packages/colcon_core/task/python/colcon_distutils_commands:/home/user1/ros2_ws_2502/install/launch_pkg_nea/lib/python3.10/site-packages:${PYTHONPATH} /usr/bin/python3 -W ignore:setup.py install is deprecated -W ignore:easy_install command is deprecated setup.py develop --editable --build-directory /home/user1/ros2_ws_2502/build/launch_pkg_nea/build --no-deps symlink_data --force
