[0.177s] DEBUG:colcon:Command line arguments: ['/usr/bin/colcon', 'build', '--symlink-install']
[0.177s] DEBUG:colcon:Parsed command line arguments: Namespace(log_base=None, log_level=None, verb_name='build', build_base='build', install_base='install', merge_install=False, symlink_install=True, test_result_base=None, continue_on_error=False, executor='parallel', parallel_workers=16, event_handlers=None, ignore_user_meta=False, metas=['./colcon.meta'], base_paths=['.'], packages_ignore=None, packages_ignore_regex=None, paths=None, packages_up_to=None, packages_up_to_regex=None, packages_above=None, packages_above_and_dependencies=None, packages_above_depth=None, packages_select_by_dep=None, packages_skip_by_dep=None, packages_skip_up_to=None, packages_select_build_failed=False, packages_skip_build_finished=False, packages_select_test_failures=False, packages_skip_test_passed=False, packages_select=None, packages_skip=None, packages_select_regex=None, packages_skip_regex=None, packages_start=None, packages_end=None, allow_overriding=[], cmake_args=None, cmake_target=None, cmake_target_skip_unavailable=False, cmake_clean_cache=False, cmake_clean_first=False, cmake_force_configure=False, ament_cmake_args=None, catkin_cmake_args=None, catkin_skip_building_tests=False, mixin_files=None, mixin=None, verb_parser=<colcon_mixin.mixin.mixin_argument.MixinArgumentDecorator object at 0x70656404a830>, verb_extension=<colcon_core.verb.build.BuildVerb object at 0x7065641577c0>, main=<bound method BuildVerb.main of <colcon_core.verb.build.BuildVerb object at 0x7065641577c0>>, mixin_verb=('build',))
[0.322s] Level 1:colcon.colcon_core.package_discovery:discover_packages(colcon_meta) check parameters
[0.322s] Level 1:colcon.colcon_core.package_discovery:discover_packages(recursive) check parameters
[0.322s] Level 1:colcon.colcon_core.package_discovery:discover_packages(ignore) check parameters
[0.322s] Level 1:colcon.colcon_core.package_discovery:discover_packages(path) check parameters
[0.322s] Level 1:colcon.colcon_core.package_discovery:discover_packages(colcon_meta) discover
[0.322s] Level 1:colcon.colcon_core.package_discovery:discover_packages(recursive) discover
[0.322s] INFO:colcon.colcon_core.package_discovery:Crawling recursively for packages in '/home/user1/ros2_ws_2502'
[0.322s] Level 1:colcon.colcon_core.package_identification:_identify(.) by extensions ['ignore', 'ignore_ament_install']
[0.322s] Level 1:colcon.colcon_core.package_identification:_identify(.) by extension 'ignore'
[0.322s] Level 1:colcon.colcon_core.package_identification:_identify(.) by extension 'ignore_ament_install'
[0.322s] Level 1:colcon.colcon_core.package_identification:_identify(.) by extensions ['colcon_pkg']
[0.322s] Level 1:colcon.colcon_core.package_identification:_identify(.) by extension 'colcon_pkg'
[0.323s] Level 1:colcon.colcon_core.package_identification:_identify(.) by extensions ['colcon_meta']
[0.323s] Level 1:colcon.colcon_core.package_identification:_identify(.) by extension 'colcon_meta'
[0.323s] Level 1:colcon.colcon_core.package_identification:_identify(.) by extensions ['ros']
[0.323s] Level 1:colcon.colcon_core.package_identification:_identify(.) by extension 'ros'
[0.333s] Level 1:colcon.colcon_core.package_identification:_identify(.) by extensions ['cmake', 'python']
[0.333s] Level 1:colcon.colcon_core.package_identification:_identify(.) by extension 'cmake'
[0.333s] Level 1:colcon.colcon_core.package_identification:_identify(.) by extension 'python'
[0.333s] Level 1:colcon.colcon_core.package_identification:_identify(.) by extensions ['python_setup_py']
[0.333s] Level 1:colcon.colcon_core.package_identification:_identify(.) by extension 'python_setup_py'
[0.333s] Level 1:colcon.colcon_core.package_identification:_identify(build) by extensions ['ignore', 'ignore_ament_install']
[0.333s] Level 1:colcon.colcon_core.package_identification:_identify(build) by extension 'ignore'
[0.333s] Level 1:colcon.colcon_core.package_identification:_identify(build) ignored
[0.333s] Level 1:colcon.colcon_core.package_identification:_identify(install) by extensions ['ignore', 'ignore_ament_install']
[0.333s] Level 1:colcon.colcon_core.package_identification:_identify(install) by extension 'ignore'
[0.333s] Level 1:colcon.colcon_core.package_identification:_identify(install) ignored
[0.333s] Level 1:colcon.colcon_core.package_identification:_identify(log) by extensions ['ignore', 'ignore_ament_install']
[0.334s] Level 1:colcon.colcon_core.package_identification:_identify(log) by extension 'ignore'
[0.334s] Level 1:colcon.colcon_core.package_identification:_identify(log) ignored
[0.334s] Level 1:colcon.colcon_core.package_identification:_identify(src) by extensions ['ignore', 'ignore_ament_install']
[0.334s] Level 1:colcon.colcon_core.package_identification:_identify(src) by extension 'ignore'
[0.334s] Level 1:colcon.colcon_core.package_identification:_identify(src) by extension 'ignore_ament_install'
[0.334s] Level 1:colcon.colcon_core.package_identification:_identify(src) by extensions ['colcon_pkg']
[0.334s] Level 1:colcon.colcon_core.package_identification:_identify(src) by extension 'colcon_pkg'
[0.334s] Level 1:colcon.colcon_core.package_identification:_identify(src) by extensions ['colcon_meta']
[0.334s] Level 1:colcon.colcon_core.package_identification:_identify(src) by extension 'colcon_meta'
[0.334s] Level 1:colcon.colcon_core.package_identification:_identify(src) by extensions ['ros']
[0.334s] Level 1:colcon.colcon_core.package_identification:_identify(src) by extension 'ros'
[0.334s] Level 1:colcon.colcon_core.package_identification:_identify(src) by extensions ['cmake', 'python']
[0.334s] Level 1:colcon.colcon_core.package_identification:_identify(src) by extension 'cmake'
[0.334s] Level 1:colcon.colcon_core.package_identification:_identify(src) by extension 'python'
[0.334s] Level 1:colcon.colcon_core.package_identification:_identify(src) by extensions ['python_setup_py']
[0.334s] Level 1:colcon.colcon_core.package_identification:_identify(src) by extension 'python_setup_py'
[0.334s] Level 1:colcon.colcon_core.package_identification:_identify(src/launch_pkg_nea) by extensions ['ignore', 'ignore_ament_install']
[0.335s] Level 1:colcon.colcon_core.package_identification:_identify(src/launch_pkg_nea) by extension 'ignore'
[0.335s] Level 1:colcon.colcon_core.package_identification:_identify(src/launch_pkg_nea) by extension 'ignore_ament_install'
[0.335s] Level 1:colcon.colcon_core.package_identification:_identify(src/launch_pkg_nea) by extensions ['colcon_pkg']
[0.335s] Level 1:colcon.colcon_core.package_identification:_identify(src/launch_pkg_nea) by extension 'colcon_pkg'
[0.335s] Level 1:colcon.colcon_core.package_identification:_identify(src/launch_pkg_nea) by extensions ['colcon_meta']
[0.335s] Level 1:colcon.colcon_core.package_identification:_identify(src/launch_pkg_nea) by extension 'colcon_meta'
[0.335s] Level 1:colcon.colcon_core.package_identification:_identify(src/launch_pkg_nea) by extensions ['ros']
[0.335s] Level 1:colcon.colcon_core.package_identification:_identify(src/launch_pkg_nea) by extension 'ros'
[0.337s] DEBUG:colcon.colcon_core.package_identification:Package 'src/launch_pkg_nea' with type 'ros.ament_python' and name 'launch_pkg_nea'
[0.337s] Level 1:colcon.colcon_core.package_identification:_identify(src/temp) by extensions ['ignore', 'ignore_ament_install']
[0.337s] Level 1:colcon.colcon_core.package_identification:_identify(src/temp) by extension 'ignore'
[0.337s] Level 1:colcon.colcon_core.package_identification:_identify(src/temp) by extension 'ignore_ament_install'
[0.337s] Level 1:colcon.colcon_core.package_identification:_identify(src/temp) by extensions ['colcon_pkg']
[0.337s] Level 1:colcon.colcon_core.package_identification:_identify(src/temp) by extension 'colcon_pkg'
[0.337s] Level 1:colcon.colcon_core.package_identification:_identify(src/temp) by extensions ['colcon_meta']
[0.337s] Level 1:colcon.colcon_core.package_identification:_identify(src/temp) by extension 'colcon_meta'
[0.337s] Level 1:colcon.colcon_core.package_identification:_identify(src/temp) by extensions ['ros']
[0.337s] Level 1:colcon.colcon_core.package_identification:_identify(src/temp) by extension 'ros'
[0.337s] Level 1:colcon.colcon_core.package_identification:_identify(src/temp) by extensions ['cmake', 'python']
[0.337s] Level 1:colcon.colcon_core.package_identification:_identify(src/temp) by extension 'cmake'
[0.337s] Level 1:colcon.colcon_core.package_identification:_identify(src/temp) by extension 'python'
[0.337s] Level 1:colcon.colcon_core.package_identification:_identify(src/temp) by extensions ['python_setup_py']
[0.337s] Level 1:colcon.colcon_core.package_identification:_identify(src/temp) by extension 'python_setup_py'
[0.338s] Level 1:colcon.colcon_core.package_identification:_identify(src/turtle_move_pkg_nea) by extensions ['ignore', 'ignore_ament_install']
[0.338s] Level 1:colcon.colcon_core.package_identification:_identify(src/turtle_move_pkg_nea) by extension 'ignore'
[0.338s] Level 1:colcon.colcon_core.package_identification:_identify(src/turtle_move_pkg_nea) by extension 'ignore_ament_install'
[0.338s] Level 1:colcon.colcon_core.package_identification:_identify(src/turtle_move_pkg_nea) by extensions ['colcon_pkg']
[0.338s] Level 1:colcon.colcon_core.package_identification:_identify(src/turtle_move_pkg_nea) by extension 'colcon_pkg'
[0.338s] Level 1:colcon.colcon_core.package_identification:_identify(src/turtle_move_pkg_nea) by extensions ['colcon_meta']
[0.338s] Level 1:colcon.colcon_core.package_identification:_identify(src/turtle_move_pkg_nea) by extension 'colcon_meta'
[0.338s] Level 1:colcon.colcon_core.package_identification:_identify(src/turtle_move_pkg_nea) by extensions ['ros']
[0.338s] Level 1:colcon.colcon_core.package_identification:_identify(src/turtle_move_pkg_nea) by extension 'ros'
[0.339s] DEBUG:colcon.colcon_core.package_identification:Package 'src/turtle_move_pkg_nea' with type 'ros.ament_python' and name 'turtle_move_pkg_nea'
[0.339s] Level 1:colcon.colcon_core.package_discovery:discover_packages(recursive) using defaults
[0.339s] Level 1:colcon.colcon_core.package_discovery:discover_packages(ignore) discover
[0.339s] Level 1:colcon.colcon_core.package_discovery:discover_packages(ignore) using defaults
[0.339s] Level 1:colcon.colcon_core.package_discovery:discover_packages(path) discover
[0.339s] Level 1:colcon.colcon_core.package_discovery:discover_packages(path) using defaults
[0.372s] Level 1:colcon.colcon_core.package_discovery:discover_packages(prefix_path) check parameters
[0.372s] Level 1:colcon.colcon_core.package_discovery:discover_packages(prefix_path) discover
[0.373s] DEBUG:colcon.colcon_installed_package_information.package_discovery:Found 2 installed packages in /home/user1/ros2_ws_2502/install
[0.375s] DEBUG:colcon.colcon_installed_package_information.package_discovery:Found 389 installed packages in /opt/ros/humble
[0.377s] Level 1:colcon.colcon_core.package_discovery:discover_packages(prefix_path) using defaults
[0.417s] Level 5:colcon.colcon_core.verb:set package 'launch_pkg_nea' build argument 'cmake_args' from command line to 'None'
[0.417s] Level 5:colcon.colcon_core.verb:set package 'launch_pkg_nea' build argument 'cmake_target' from command line to 'None'
[0.417s] Level 5:colcon.colcon_core.verb:set package 'launch_pkg_nea' build argument 'cmake_target_skip_unavailable' from command line to 'False'
[0.417s] Level 5:colcon.colcon_core.verb:set package 'launch_pkg_nea' build argument 'cmake_clean_cache' from command line to 'False'
[0.417s] Level 5:colcon.colcon_core.verb:set package 'launch_pkg_nea' build argument 'cmake_clean_first' from command line to 'False'
[0.417s] Level 5:colcon.colcon_core.verb:set package 'launch_pkg_nea' build argument 'cmake_force_configure' from command line to 'False'
[0.417s] Level 5:colcon.colcon_core.verb:set package 'launch_pkg_nea' build argument 'ament_cmake_args' from command line to 'None'
[0.417s] Level 5:colcon.colcon_core.verb:set package 'launch_pkg_nea' build argument 'catkin_cmake_args' from command line to 'None'
[0.417s] Level 5:colcon.colcon_core.verb:set package 'launch_pkg_nea' build argument 'catkin_skip_building_tests' from command line to 'False'
[0.417s] DEBUG:colcon.colcon_core.verb:Building package 'launch_pkg_nea' with the following arguments: {'ament_cmake_args': None, 'build_base': '/home/user1/ros2_ws_2502/build/launch_pkg_nea', 'catkin_cmake_args': None, 'catkin_skip_building_tests': False, 'cmake_args': None, 'cmake_clean_cache': False, 'cmake_clean_first': False, 'cmake_force_configure': False, 'cmake_target': None, 'cmake_target_skip_unavailable': False, 'install_base': '/home/user1/ros2_ws_2502/install/launch_pkg_nea', 'merge_install': False, 'path': '/home/user1/ros2_ws_2502/src/launch_pkg_nea', 'symlink_install': True, 'test_result_base': None}
[0.418s] Level 5:colcon.colcon_core.verb:set package 'turtle_move_pkg_nea' build argument 'cmake_args' from command line to 'None'
[0.418s] Level 5:colcon.colcon_core.verb:set package 'turtle_move_pkg_nea' build argument 'cmake_target' from command line to 'None'
[0.418s] Level 5:colcon.colcon_core.verb:set package 'turtle_move_pkg_nea' build argument 'cmake_target_skip_unavailable' from command line to 'False'
[0.418s] Level 5:colcon.colcon_core.verb:set package 'turtle_move_pkg_nea' build argument 'cmake_clean_cache' from command line to 'False'
[0.418s] Level 5:colcon.colcon_core.verb:set package 'turtle_move_pkg_nea' build argument 'cmake_clean_first' from command line to 'False'
[0.418s] Level 5:colcon.colcon_core.verb:set package 'turtle_move_pkg_nea' build argument 'cmake_force_configure' from command line to 'False'
[0.418s] Level 5:colcon.colcon_core.verb:set package 'turtle_move_pkg_nea' build argument 'ament_cmake_args' from command line to 'None'
[0.418s] Level 5:colcon.colcon_core.verb:set package 'turtle_move_pkg_nea' build argument 'catkin_cmake_args' from command line to 'None'
[0.418s] Level 5:colcon.colcon_core.verb:set package 'turtle_move_pkg_nea' build argument 'catkin_skip_building_tests' from command line to 'False'
[0.418s] DEBUG:colcon.colcon_core.verb:Building package 'turtle_move_pkg_nea' with the following arguments: {'ament_cmake_args': None, 'build_base': '/home/user1/ros2_ws_2502/build/turtle_move_pkg_nea', 'catkin_cmake_args': None, 'catkin_skip_building_tests': False, 'cmake_args': None, 'cmake_clean_cache': False, 'cmake_clean_first': False, 'cmake_force_configure': False, 'cmake_target': None, 'cmake_target_skip_unavailable': False, 'install_base': '/home/user1/ros2_ws_2502/install/turtle_move_pkg_nea', 'merge_install': False, 'path': '/home/user1/ros2_ws_2502/src/turtle_move_pkg_nea', 'symlink_install': True, 'test_result_base': None}
[0.418s] INFO:colcon.colcon_core.executor:Executing jobs using 'parallel' executor
[0.419s] DEBUG:colcon.colcon_parallel_executor.executor.parallel:run_until_complete
[0.420s] INFO:colcon.colcon_ros.task.ament_python.build:Building ROS package in '/home/user1/ros2_ws_2502/src/launch_pkg_nea' with build type 'ament_python'
[0.420s] Level 1:colcon.colcon_core.shell:create_environment_hook('launch_pkg_nea', 'ament_prefix_path')
[0.422s] INFO:colcon.colcon_core.plugin_system:Skipping extension 'colcon_core.shell.bat': Not used on non-Windows systems
[0.423s] INFO:colcon.colcon_core.shell:Creating environment hook '/home/user1/ros2_ws_2502/install/launch_pkg_nea/share/launch_pkg_nea/hook/ament_prefix_path.ps1'
[0.423s] INFO:colcon.colcon_core.shell:Creating environment descriptor '/home/user1/ros2_ws_2502/install/launch_pkg_nea/share/launch_pkg_nea/hook/ament_prefix_path.dsv'
[0.424s] INFO:colcon.colcon_core.shell:Creating environment hook '/home/user1/ros2_ws_2502/install/launch_pkg_nea/share/launch_pkg_nea/hook/ament_prefix_path.sh'
[0.425s] INFO:colcon.colcon_core.shell:Skip shell extension 'powershell' for command environment: Not usable outside of PowerShell
[0.425s] DEBUG:colcon.colcon_core.shell:Skip shell extension 'dsv' for command environment
[0.428s] INFO:colcon.colcon_ros.task.ament_python.build:Building ROS package in '/home/user1/ros2_ws_2502/src/turtle_move_pkg_nea' with build type 'ament_python'
[0.428s] Level 1:colcon.colcon_core.shell:create_environment_hook('turtle_move_pkg_nea', 'ament_prefix_path')
[0.429s] INFO:colcon.colcon_core.shell:Creating environment hook '/home/user1/ros2_ws_2502/install/turtle_move_pkg_nea/share/turtle_move_pkg_nea/hook/ament_prefix_path.ps1'
[0.430s] INFO:colcon.colcon_core.shell:Creating environment descriptor '/home/user1/ros2_ws_2502/install/turtle_move_pkg_nea/share/turtle_move_pkg_nea/hook/ament_prefix_path.dsv'
[0.430s] INFO:colcon.colcon_core.shell:Creating environment hook '/home/user1/ros2_ws_2502/install/turtle_move_pkg_nea/share/turtle_move_pkg_nea/hook/ament_prefix_path.sh'
[0.431s] INFO:colcon.colcon_core.shell:Skip shell extension 'powershell' for command environment: Not usable outside of PowerShell
[0.431s] DEBUG:colcon.colcon_core.shell:Skip shell extension 'dsv' for command environment
[0.705s] INFO:colcon.colcon_core.task.python.build:Building Python package in '/home/user1/ros2_ws_2502/src/launch_pkg_nea'
[0.706s] INFO:colcon.colcon_core.shell:Skip shell extension 'powershell' for command environment: Not usable outside of PowerShell
[0.706s] DEBUG:colcon.colcon_core.shell:Skip shell extension 'dsv' for command environment
[0.949s] INFO:colcon.colcon_core.task.python.build:Building Python package in '/home/user1/ros2_ws_2502/src/turtle_move_pkg_nea'
[0.950s] INFO:colcon.colcon_core.shell:Skip shell extension 'powershell' for command environment: Not usable outside of PowerShell
[0.950s] DEBUG:colcon.colcon_core.shell:Skip shell extension 'dsv' for command environment
[1.342s] DEBUG:colcon.colcon_core.task.python.build:While undoing a previous installation files outside the Python library path are being ignored: /home/user1/ros2_ws_2502/install/launch_pkg_nea/share/ament_index/resource_index/packages/launch_pkg_nea
[1.342s] DEBUG:colcon.colcon_core.task.python.build:While undoing a previous installation files outside the Python library path are being ignored: /home/user1/ros2_ws_2502/install/launch_pkg_nea/share/launch_pkg_nea/package.xml
[1.342s] DEBUG:colcon.colcon_core.task.python.build:While undoing a previous installation files outside the Python library path are being ignored: /home/user1/ros2_ws_2502/install/launch_pkg_nea/share/launch_pkg_nea/launch/talker_listener.launch.py
[1.342s] DEBUG:colcon.colcon_core.task.python.build:While undoing a previous installation files outside the Python library path are being ignored: /home/user1/ros2_ws_2502/install/launch_pkg_nea/share/launch_pkg_nea/launch/turtle_mimic.launch.py
[1.351s] DEBUG:colcon.colcon_core.event_handler.log_command:Invoking command in '/home/user1/ros2_ws_2502/build/launch_pkg_nea': PYTHONPATH=/home/user1/ros2_ws_2502/build/launch_pkg_nea/prefix_override:/usr/lib/python3/dist-packages/colcon_core/task/python/colcon_distutils_commands:/home/user1/ros2_ws_2502/install/launch_pkg_nea/lib/python3.10/site-packages:${PYTHONPATH} /usr/bin/python3 -W ignore:setup.py install is deprecated -W ignore:easy_install command is deprecated setup.py develop --editable --build-directory /home/user1/ros2_ws_2502/build/launch_pkg_nea/build --no-deps symlink_data --force
[1.351s] DEBUG:colcon.colcon_core.task.python.build:While undoing a previous installation files outside the Python library path are being ignored: /home/user1/ros2_ws_2502/install/turtle_move_pkg_nea/share/ament_index/resource_index/packages/turtle_move_pkg_nea
[1.352s] DEBUG:colcon.colcon_core.task.python.build:While undoing a previous installation files outside the Python library path are being ignored: /home/user1/ros2_ws_2502/install/turtle_move_pkg_nea/share/turtle_move_pkg_nea/package.xml
[1.352s] DEBUG:colcon.colcon_core.task.python.build:While undoing a previous installation files outside the Python library path are being ignored: /home/user1/ros2_ws_2502/install/turtle_move_pkg_nea/lib/turtle_move_pkg_nea/turtle_move_node_nea
[1.357s] DEBUG:colcon.colcon_core.event_handler.log_command:Invoking command in '/home/user1/ros2_ws_2502/build/turtle_move_pkg_nea': PYTHONPATH=/home/user1/ros2_ws_2502/build/turtle_move_pkg_nea/prefix_override:/usr/lib/python3/dist-packages/colcon_core/task/python/colcon_distutils_commands:/home/user1/ros2_ws_2502/install/turtle_move_pkg_nea/lib/python3.10/site-packages:${PYTHONPATH} /usr/bin/python3 -W ignore:setup.py install is deprecated -W ignore:easy_install command is deprecated setup.py develop --editable --build-directory /home/user1/ros2_ws_2502/build/turtle_move_pkg_nea/build --no-deps symlink_data --force
[1.761s] Level 1:colcon.colcon_core.shell:create_environment_hook('turtle_move_pkg_nea', 'pythonpath_develop')
[1.762s] INFO:colcon.colcon_core.shell:Creating environment hook '/home/user1/ros2_ws_2502/build/turtle_move_pkg_nea/share/turtle_move_pkg_nea/hook/pythonpath_develop.ps1'
[1.763s] DEBUG:colcon.colcon_core.event_handler.log_command:Invoked command in '/home/user1/ros2_ws_2502/build/turtle_move_pkg_nea' returned '0': PYTHONPATH=/home/user1/ros2_ws_2502/build/turtle_move_pkg_nea/prefix_override:/usr/lib/python3/dist-packages/colcon_core/task/python/colcon_distutils_commands:/home/user1/ros2_ws_2502/install/turtle_move_pkg_nea/lib/python3.10/site-packages:${PYTHONPATH} /usr/bin/python3 -W ignore:setup.py install is deprecated -W ignore:easy_install command is deprecated setup.py develop --editable --build-directory /home/user1/ros2_ws_2502/build/turtle_move_pkg_nea/build --no-deps symlink_data --force
[1.765s] INFO:colcon.colcon_core.shell:Creating environment descriptor '/home/user1/ros2_ws_2502/build/turtle_move_pkg_nea/share/turtle_move_pkg_nea/hook/pythonpath_develop.dsv'
[1.765s] INFO:colcon.colcon_core.shell:Creating environment hook '/home/user1/ros2_ws_2502/build/turtle_move_pkg_nea/share/turtle_move_pkg_nea/hook/pythonpath_develop.sh'
[1.767s] Level 1:colcon.colcon_core.environment:checking '/home/user1/ros2_ws_2502/install/turtle_move_pkg_nea' for CMake module files
[1.768s] Level 1:colcon.colcon_core.environment:checking '/home/user1/ros2_ws_2502/install/turtle_move_pkg_nea' for CMake config files
[1.768s] Level 1:colcon.colcon_core.environment:checking '/home/user1/ros2_ws_2502/install/turtle_move_pkg_nea/lib'
[1.769s] Level 1:colcon.colcon_core.environment:checking '/home/user1/ros2_ws_2502/install/turtle_move_pkg_nea/bin'
[1.769s] Level 1:colcon.colcon_core.environment:checking '/home/user1/ros2_ws_2502/install/turtle_move_pkg_nea/lib/pkgconfig/turtle_move_pkg_nea.pc'
[1.769s] Level 1:colcon.colcon_core.environment:checking '/home/user1/ros2_ws_2502/install/turtle_move_pkg_nea/lib/python3.10/site-packages'
[1.769s] Level 1:colcon.colcon_core.shell:create_environment_hook('turtle_move_pkg_nea', 'pythonpath')
[1.769s] INFO:colcon.colcon_core.shell:Creating environment hook '/home/user1/ros2_ws_2502/install/turtle_move_pkg_nea/share/turtle_move_pkg_nea/hook/pythonpath.ps1'
[1.770s] INFO:colcon.colcon_core.shell:Creating environment descriptor '/home/user1/ros2_ws_2502/install/turtle_move_pkg_nea/share/turtle_move_pkg_nea/hook/pythonpath.dsv'
[1.770s] INFO:colcon.colcon_core.shell:Creating environment hook '/home/user1/ros2_ws_2502/install/turtle_move_pkg_nea/share/turtle_move_pkg_nea/hook/pythonpath.sh'
[1.770s] Level 1:colcon.colcon_core.environment:checking '/home/user1/ros2_ws_2502/install/turtle_move_pkg_nea/bin'
[1.771s] Level 1:colcon.colcon_core.environment:create_environment_scripts_only(turtle_move_pkg_nea)
[1.771s] INFO:colcon.colcon_core.shell:Creating package script '/home/user1/ros2_ws_2502/install/turtle_move_pkg_nea/share/turtle_move_pkg_nea/package.ps1'
[1.772s] INFO:colcon.colcon_core.shell:Creating package descriptor '/home/user1/ros2_ws_2502/install/turtle_move_pkg_nea/share/turtle_move_pkg_nea/package.dsv'
[1.773s] INFO:colcon.colcon_core.shell:Creating package script '/home/user1/ros2_ws_2502/install/turtle_move_pkg_nea/share/turtle_move_pkg_nea/package.sh'
[1.774s] INFO:colcon.colcon_core.shell:Creating package script '/home/user1/ros2_ws_2502/install/turtle_move_pkg_nea/share/turtle_move_pkg_nea/package.bash'
[1.775s] INFO:colcon.colcon_core.shell:Creating package script '/home/user1/ros2_ws_2502/install/turtle_move_pkg_nea/share/turtle_move_pkg_nea/package.zsh'
[1.776s] Level 1:colcon.colcon_core.environment:create_file_with_runtime_dependencies(/home/user1/ros2_ws_2502/install/turtle_move_pkg_nea/share/colcon-core/packages/turtle_move_pkg_nea)
[1.777s] Level 1:colcon.colcon_core.shell:create_environment_hook('launch_pkg_nea', 'pythonpath_develop')
[1.777s] INFO:colcon.colcon_core.shell:Creating environment hook '/home/user1/ros2_ws_2502/build/launch_pkg_nea/share/launch_pkg_nea/hook/pythonpath_develop.ps1'
[1.778s] DEBUG:colcon.colcon_core.event_handler.log_command:Invoked command in '/home/user1/ros2_ws_2502/build/launch_pkg_nea' returned '0': PYTHONPATH=/home/user1/ros2_ws_2502/build/launch_pkg_nea/prefix_override:/usr/lib/python3/dist-packages/colcon_core/task/python/colcon_distutils_commands:/home/user1/ros2_ws_2502/install/launch_pkg_nea/lib/python3.10/site-packages:${PYTHONPATH} /usr/bin/python3 -W ignore:setup.py install is deprecated -W ignore:easy_install command is deprecated setup.py develop --editable --build-directory /home/user1/ros2_ws_2502/build/launch_pkg_nea/build --no-deps symlink_data --force
[1.780s] INFO:colcon.colcon_core.shell:Creating environment descriptor '/home/user1/ros2_ws_2502/build/launch_pkg_nea/share/launch_pkg_nea/hook/pythonpath_develop.dsv'
[1.780s] INFO:colcon.colcon_core.shell:Creating environment hook '/home/user1/ros2_ws_2502/build/launch_pkg_nea/share/launch_pkg_nea/hook/pythonpath_develop.sh'
[1.780s] Level 1:colcon.colcon_core.environment:checking '/home/user1/ros2_ws_2502/install/launch_pkg_nea' for CMake module files
[1.781s] Level 1:colcon.colcon_core.environment:checking '/home/user1/ros2_ws_2502/install/launch_pkg_nea' for CMake config files
[1.781s] Level 1:colcon.colcon_core.environment:checking '/home/user1/ros2_ws_2502/install/launch_pkg_nea/lib'
[1.781s] Level 1:colcon.colcon_core.environment:checking '/home/user1/ros2_ws_2502/install/launch_pkg_nea/bin'
[1.781s] Level 1:colcon.colcon_core.environment:checking '/home/user1/ros2_ws_2502/install/launch_pkg_nea/lib/pkgconfig/launch_pkg_nea.pc'
[1.782s] Level 1:colcon.colcon_core.environment:checking '/home/user1/ros2_ws_2502/install/launch_pkg_nea/lib/python3.10/site-packages'
[1.782s] Level 1:colcon.colcon_core.shell:create_environment_hook('launch_pkg_nea', 'pythonpath')
[1.782s] INFO:colcon.colcon_core.shell:Creating environment hook '/home/user1/ros2_ws_2502/install/launch_pkg_nea/share/launch_pkg_nea/hook/pythonpath.ps1'
[1.782s] INFO:colcon.colcon_core.shell:Creating environment descriptor '/home/user1/ros2_ws_2502/install/launch_pkg_nea/share/launch_pkg_nea/hook/pythonpath.dsv'
[1.783s] INFO:colcon.colcon_core.shell:Creating environment hook '/home/user1/ros2_ws_2502/install/launch_pkg_nea/share/launch_pkg_nea/hook/pythonpath.sh'
[1.783s] Level 1:colcon.colcon_core.environment:checking '/home/user1/ros2_ws_2502/install/launch_pkg_nea/bin'
[1.783s] Level 1:colcon.colcon_core.environment:create_environment_scripts_only(launch_pkg_nea)
[1.784s] INFO:colcon.colcon_core.shell:Creating package script '/home/user1/ros2_ws_2502/install/launch_pkg_nea/share/launch_pkg_nea/package.ps1'
[1.784s] INFO:colcon.colcon_core.shell:Creating package descriptor '/home/user1/ros2_ws_2502/install/launch_pkg_nea/share/launch_pkg_nea/package.dsv'
[1.785s] INFO:colcon.colcon_core.shell:Creating package script '/home/user1/ros2_ws_2502/install/launch_pkg_nea/share/launch_pkg_nea/package.sh'
[1.785s] INFO:colcon.colcon_core.shell:Creating package script '/home/user1/ros2_ws_2502/install/launch_pkg_nea/share/launch_pkg_nea/package.bash'
[1.785s] INFO:colcon.colcon_core.shell:Creating package script '/home/user1/ros2_ws_2502/install/launch_pkg_nea/share/launch_pkg_nea/package.zsh'
[1.786s] Level 1:colcon.colcon_core.environment:create_file_with_runtime_dependencies(/home/user1/ros2_ws_2502/install/launch_pkg_nea/share/colcon-core/packages/launch_pkg_nea)
[1.786s] DEBUG:colcon.colcon_parallel_executor.executor.parallel:closing loop
[1.786s] DEBUG:colcon.colcon_parallel_executor.executor.parallel:loop closed
[1.786s] DEBUG:colcon.colcon_parallel_executor.executor.parallel:run_until_complete finished with '0'
[1.786s] DEBUG:colcon.colcon_core.event_reactor:joining thread
[1.834s] INFO:colcon.colcon_core.plugin_system:Skipping extension 'colcon_notification.desktop_notification.notify_send': Could not find 'notify-send'
[1.835s] INFO:colcon.colcon_core.plugin_system:Skipping extension 'colcon_notification.desktop_notification.terminal_notifier': Not used on non-Darwin systems
[1.835s] INFO:colcon.colcon_core.plugin_system:Skipping extension 'colcon_notification.desktop_notification.win32': Not used on non-Windows systems
[1.835s] INFO:colcon.colcon_notification.desktop_notification:Sending desktop notification using 'notify2'
[1.838s] DEBUG:colcon.colcon_notification.desktop_notification.notify2:Failed to initialize notify2: org.freedesktop.DBus.Error.ServiceUnknown: The name org.freedesktop.Notifications was not provided by any .service files
[1.838s] DEBUG:colcon.colcon_core.event_reactor:joined thread
[1.839s] INFO:colcon.colcon_core.shell:Creating prefix script '/home/user1/ros2_ws_2502/install/local_setup.ps1'
[1.840s] INFO:colcon.colcon_core.shell:Creating prefix util module '/home/user1/ros2_ws_2502/install/_local_setup_util_ps1.py'
[1.841s] INFO:colcon.colcon_core.shell:Creating prefix chain script '/home/user1/ros2_ws_2502/install/setup.ps1'
[1.841s] INFO:colcon.colcon_core.shell:Creating prefix script '/home/user1/ros2_ws_2502/install/local_setup.sh'
[1.842s] INFO:colcon.colcon_core.shell:Creating prefix util module '/home/user1/ros2_ws_2502/install/_local_setup_util_sh.py'
[1.842s] INFO:colcon.colcon_core.shell:Creating prefix chain script '/home/user1/ros2_ws_2502/install/setup.sh'
[1.843s] INFO:colcon.colcon_core.shell:Creating prefix script '/home/user1/ros2_ws_2502/install/local_setup.bash'
[1.844s] INFO:colcon.colcon_core.shell:Creating prefix chain script '/home/user1/ros2_ws_2502/install/setup.bash'
[1.845s] INFO:colcon.colcon_core.shell:Creating prefix script '/home/user1/ros2_ws_2502/install/local_setup.zsh'
[1.845s] INFO:colcon.colcon_core.shell:Creating prefix chain script '/home/user1/ros2_ws_2502/install/setup.zsh'
