[1.018s] Invoking command in '/home/user1/ros2_ws_2502/build/launch_pkg_nea': PYTHONPATH=/home/user1/ros2_ws_2502/build/launch_pkg_nea/prefix_override:/usr/lib/python3/dist-packages/colcon_core/task/python/colcon_distutils_commands:/home/user1/ros2_ws_2502/install/launch_pkg_nea/lib/python3.10/site-packages:${PYTHONPATH} /usr/bin/python3 -W ignore:setup.py install is deprecated -W ignore:easy_install command is deprecated setup.py develop --uninstall --editable --build-directory /home/user1/ros2_ws_2502/build/launch_pkg_nea/build
[1.229s] running develop
[1.367s] Removing /home/user1/ros2_ws_2502/install/launch_pkg_nea/lib/python3.10/site-packages/launch-pkg-nea.egg-link (link to .)
[1.412s] Invoked command in '/home/user1/ros2_ws_2502/build/launch_pkg_nea' returned '0': PYTHONPATH=/home/user1/ros2_ws_2502/build/launch_pkg_nea/prefix_override:/usr/lib/python3/dist-packages/colcon_core/task/python/colcon_distutils_commands:/home/user1/ros2_ws_2502/install/launch_pkg_nea/lib/python3.10/site-packages:${PYTHONPATH} /usr/bin/python3 -W ignore:setup.py install is deprecated -W ignore:easy_install command is deprecated setup.py develop --uninstall --editable --build-directory /home/user1/ros2_ws_2502/build/launch_pkg_nea/build
[1.413s] Invoking command in '/home/user1/ros2_ws_2502/src/launch_pkg_nea': PYTHONPATH=/home/user1/ros2_ws_2502/build/launch_pkg_nea/prefix_override:/usr/lib/python3/dist-packages/colcon_core/task/python/colcon_distutils_commands:/home/user1/ros2_ws_2502/install/launch_pkg_nea/lib/python3.10/site-packages:${PYTHONPATH} /usr/bin/python3 -W ignore:setup.py install is deprecated -W ignore:easy_install command is deprecated setup.py egg_info --egg-base ../../build/launch_pkg_nea build --build-base /home/user1/ros2_ws_2502/build/launch_pkg_nea/build install --record /home/user1/ros2_ws_2502/build/launch_pkg_nea/install.log --single-version-externally-managed install_data --force
[1.621s] running egg_info
[1.622s] writing ../../build/launch_pkg_nea/launch_pkg_nea.egg-info/PKG-INFO
[1.622s] writing dependency_links to ../../build/launch_pkg_nea/launch_pkg_nea.egg-info/dependency_links.txt
[1.622s] writing entry points to ../../build/launch_pkg_nea/launch_pkg_nea.egg-info/entry_points.txt
[1.622s] writing requirements to ../../build/launch_pkg_nea/launch_pkg_nea.egg-info/requires.txt
[1.623s] writing top-level names to ../../build/launch_pkg_nea/launch_pkg_nea.egg-info/top_level.txt
[1.625s] reading manifest file '../../build/launch_pkg_nea/launch_pkg_nea.egg-info/SOURCES.txt'
[1.627s] writing manifest file '../../build/launch_pkg_nea/launch_pkg_nea.egg-info/SOURCES.txt'
[1.627s] running build
[1.627s] running build_py
[1.627s] running install
[1.627s] running install_lib
[1.628s] creating /home/user1/ros2_ws_2502/install/launch_pkg_nea/lib/python3.10/site-packages/launch_pkg_nea
[1.629s] copying /home/user1/ros2_ws_2502/build/launch_pkg_nea/build/lib/launch_pkg_nea/__init__.py -> /home/user1/ros2_ws_2502/install/launch_pkg_nea/lib/python3.10/site-packages/launch_pkg_nea
[1.629s] byte-compiling /home/user1/ros2_ws_2502/install/launch_pkg_nea/lib/python3.10/site-packages/launch_pkg_nea/__init__.py to __init__.cpython-310.pyc
[1.630s] running install_data
[1.630s] copying resource/launch_pkg_nea -> /home/user1/ros2_ws_2502/install/launch_pkg_nea/share/ament_index/resource_index/packages
[1.631s] copying package.xml -> /home/user1/ros2_ws_2502/install/launch_pkg_nea/share/launch_pkg_nea
[1.631s] copying launch/talker_listener.launch.py -> /home/user1/ros2_ws_2502/install/launch_pkg_nea/share/launch_pkg_nea/launch
[1.633s] copying launch/turtle_mimic.launch.py -> /home/user1/ros2_ws_2502/install/launch_pkg_nea/share/launch_pkg_nea/launch
[1.633s] running install_egg_info
[1.636s] Copying ../../build/launch_pkg_nea/launch_pkg_nea.egg-info to /home/user1/ros2_ws_2502/install/launch_pkg_nea/lib/python3.10/site-packages/launch_pkg_nea-0.0.0-py3.10.egg-info
[1.637s] running install_scripts
[1.657s] writing list of installed files to '/home/user1/ros2_ws_2502/build/launch_pkg_nea/install.log'
[1.704s] Invoked command in '/home/user1/ros2_ws_2502/src/launch_pkg_nea' returned '0': PYTHONPATH=/home/user1/ros2_ws_2502/build/launch_pkg_nea/prefix_override:/usr/lib/python3/dist-packages/colcon_core/task/python/colcon_distutils_commands:/home/user1/ros2_ws_2502/install/launch_pkg_nea/lib/python3.10/site-packages:${PYTHONPATH} /usr/bin/python3 -W ignore:setup.py install is deprecated -W ignore:easy_install command is deprecated setup.py egg_info --egg-base ../../build/launch_pkg_nea build --build-base /home/user1/ros2_ws_2502/build/launch_pkg_nea/build install --record /home/user1/ros2_ws_2502/build/launch_pkg_nea/install.log --single-version-externally-managed install_data --force
