[0.766s] Invoking command in '/home/user1/ros2_ws_2502/src/E03P02_RI_SMS_NEA': PYTHONPATH=/home/user1/ros2_ws_2502/build/E03P02_RI_SMS_NEA/prefix_override:/usr/lib/python3/dist-packages/colcon_core/task/python/colcon_distutils_commands:/home/user1/ros2_ws_2502/install/E03P02_RI_SMS_NEA/lib/python3.10/site-packages:${PYTHONPATH} /usr/bin/python3 -W ignore:setup.py install is deprecated -W ignore:easy_install command is deprecated setup.py egg_info --egg-base ../../build/E03P02_RI_SMS_NEA build --build-base /home/user1/ros2_ws_2502/build/E03P02_RI_SMS_NEA/build install --record /home/user1/ros2_ws_2502/build/E03P02_RI_SMS_NEA/install.log --single-version-externally-managed install_data
[1.032s] running egg_info
[1.033s] writing ../../build/E03P02_RI_SMS_NEA/E03P02_RI_SMS_NEA.egg-info/PKG-INFO
[1.034s] writing dependency_links to ../../build/E03P02_RI_SMS_NEA/E03P02_RI_SMS_NEA.egg-info/dependency_links.txt
[1.034s] writing entry points to ../../build/E03P02_RI_SMS_NEA/E03P02_RI_SMS_NEA.egg-info/entry_points.txt
[1.034s] writing requirements to ../../build/E03P02_RI_SMS_NEA/E03P02_RI_SMS_NEA.egg-info/requires.txt
[1.035s] writing top-level names to ../../build/E03P02_RI_SMS_NEA/E03P02_RI_SMS_NEA.egg-info/top_level.txt
[1.037s] reading manifest file '../../build/E03P02_RI_SMS_NEA/E03P02_RI_SMS_NEA.egg-info/SOURCES.txt'
[1.038s] writing manifest file '../../build/E03P02_RI_SMS_NEA/E03P02_RI_SMS_NEA.egg-info/SOURCES.txt'
[1.038s] running build
[1.038s] running build_py
[1.039s] running install
[1.039s] running install_lib
[1.041s] running install_data
[1.042s] running install_egg_info
[1.044s] removing '/home/user1/ros2_ws_2502/install/E03P02_RI_SMS_NEA/lib/python3.10/site-packages/E03P02_RI_SMS_NEA-0.0.0-py3.10.egg-info' (and everything under it)
[1.045s] Copying ../../build/E03P02_RI_SMS_NEA/E03P02_RI_SMS_NEA.egg-info to /home/user1/ros2_ws_2502/install/E03P02_RI_SMS_NEA/lib/python3.10/site-packages/E03P02_RI_SMS_NEA-0.0.0-py3.10.egg-info
[1.047s] running install_scripts
[1.074s] Installing dxf_parser script to /home/user1/ros2_ws_2502/install/E03P02_RI_SMS_NEA/lib/E03P02_RI_SMS_NEA
[1.074s] Installing forward_kinematics script to /home/user1/ros2_ws_2502/install/E03P02_RI_SMS_NEA/lib/E03P02_RI_SMS_NEA
[1.075s] Installing inverse_kinematics script to /home/user1/ros2_ws_2502/install/E03P02_RI_SMS_NEA/lib/E03P02_RI_SMS_NEA
[1.075s] Installing joint_state_bridge script to /home/user1/ros2_ws_2502/install/E03P02_RI_SMS_NEA/lib/E03P02_RI_SMS_NEA
[1.075s] Installing path_publisher script to /home/user1/ros2_ws_2502/install/E03P02_RI_SMS_NEA/lib/E03P02_RI_SMS_NEA
[1.075s] Installing test_movement script to /home/user1/ros2_ws_2502/install/E03P02_RI_SMS_NEA/lib/E03P02_RI_SMS_NEA
[1.075s] Installing trajectory_planner script to /home/user1/ros2_ws_2502/install/E03P02_RI_SMS_NEA/lib/E03P02_RI_SMS_NEA
[1.076s] writing list of installed files to '/home/user1/ros2_ws_2502/build/E03P02_RI_SMS_NEA/install.log'
[1.116s] Invoked command in '/home/user1/ros2_ws_2502/src/E03P02_RI_SMS_NEA' returned '0': PYTHONPATH=/home/user1/ros2_ws_2502/build/E03P02_RI_SMS_NEA/prefix_override:/usr/lib/python3/dist-packages/colcon_core/task/python/colcon_distutils_commands:/home/user1/ros2_ws_2502/install/E03P02_RI_SMS_NEA/lib/python3.10/site-packages:${PYTHONPATH} /usr/bin/python3 -W ignore:setup.py install is deprecated -W ignore:easy_install command is deprecated setup.py egg_info --egg-base ../../build/E03P02_RI_SMS_NEA build --build-base /home/user1/ros2_ws_2502/build/E03P02_RI_SMS_NEA/build install --record /home/user1/ros2_ws_2502/build/E03P02_RI_SMS_NEA/install.log --single-version-externally-managed install_data
