[2.184s] Invoking command in '/home/user1/ros2_ws_2502/build/launch_pkg_nea': PYTHONPATH=/home/user1/ros2_ws_2502/build/launch_pkg_nea/prefix_override:/usr/lib/python3/dist-packages/colcon_core/task/python/colcon_distutils_commands:/home/user1/ros2_ws_2502/install/launch_pkg_nea/lib/python3.10/site-packages:${PYTHONPATH} /usr/bin/python3 -W ignore:setup.py install is deprecated -W ignore:easy_install command is deprecated setup.py develop --uninstall --editable --build-directory /home/user1/ros2_ws_2502/build/launch_pkg_nea/build
[2.478s] running develop
[2.686s] Removing /home/user1/ros2_ws_2502/install/launch_pkg_nea/lib/python3.10/site-packages/launch-pkg-nea.egg-link (link to .)
[2.742s] Invoked command in '/home/user1/ros2_ws_2502/build/launch_pkg_nea' returned '0': PYTHONPATH=/home/user1/ros2_ws_2502/build/launch_pkg_nea/prefix_override:/usr/lib/python3/dist-packages/colcon_core/task/python/colcon_distutils_commands:/home/user1/ros2_ws_2502/install/launch_pkg_nea/lib/python3.10/site-packages:${PYTHONPATH} /usr/bin/python3 -W ignore:setup.py install is deprecated -W ignore:easy_install command is deprecated setup.py develop --uninstall --editable --build-directory /home/user1/ros2_ws_2502/build/launch_pkg_nea/build
[2.745s] Invoking command in '/home/user1/ros2_ws_2502/src/launch_pkg_nea': PYTHONPATH=/home/user1/ros2_ws_2502/build/launch_pkg_nea/prefix_override:/usr/lib/python3/dist-packages/colcon_core/task/python/colcon_distutils_commands:/home/user1/ros2_ws_2502/install/launch_pkg_nea/lib/python3.10/site-packages:${PYTHONPATH} /usr/bin/python3 -W ignore:setup.py install is deprecated -W ignore:easy_install command is deprecated setup.py egg_info --egg-base ../../build/launch_pkg_nea build --build-base /home/user1/ros2_ws_2502/build/launch_pkg_nea/build install --record /home/user1/ros2_ws_2502/build/launch_pkg_nea/install.log --single-version-externally-managed install_data --force
[3.038s] running egg_info
[3.039s] writing ../../build/launch_pkg_nea/launch_pkg_nea.egg-info/PKG-INFO
[3.039s] writing dependency_links to ../../build/launch_pkg_nea/launch_pkg_nea.egg-info/dependency_links.txt
[3.040s] writing entry points to ../../build/launch_pkg_nea/launch_pkg_nea.egg-info/entry_points.txt
[3.040s] writing requirements to ../../build/launch_pkg_nea/launch_pkg_nea.egg-info/requires.txt
[3.040s] writing top-level names to ../../build/launch_pkg_nea/launch_pkg_nea.egg-info/top_level.txt
[3.042s] reading manifest file '../../build/launch_pkg_nea/launch_pkg_nea.egg-info/SOURCES.txt'
[3.044s] writing manifest file '../../build/launch_pkg_nea/launch_pkg_nea.egg-info/SOURCES.txt'
[3.044s] running build
[3.044s] running build_py
[3.044s] running install
[3.045s] running install_lib
[3.046s] creating /home/user1/ros2_ws_2502/install/launch_pkg_nea/lib/python3.10/site-packages/launch_pkg_nea
[3.047s] copying /home/user1/ros2_ws_2502/build/launch_pkg_nea/build/lib/launch_pkg_nea/__init__.py -> /home/user1/ros2_ws_2502/install/launch_pkg_nea/lib/python3.10/site-packages/launch_pkg_nea
[3.048s] byte-compiling /home/user1/ros2_ws_2502/install/launch_pkg_nea/lib/python3.10/site-packages/launch_pkg_nea/__init__.py to __init__.cpython-310.pyc
[3.049s] running install_data
[3.049s] copying resource/launch_pkg_nea -> /home/user1/ros2_ws_2502/install/launch_pkg_nea/share/ament_index/resource_index/packages
[3.049s] copying package.xml -> /home/user1/ros2_ws_2502/install/launch_pkg_nea/share/launch_pkg_nea
[3.049s] copying launch/talker_listener.launch.py -> /home/user1/ros2_ws_2502/install/launch_pkg_nea/share/launch_pkg_nea/launch
[3.050s] copying launch/turtle_mimic.launch.py -> /home/user1/ros2_ws_2502/install/launch_pkg_nea/share/launch_pkg_nea/launch
[3.051s] running install_egg_info
[3.053s] Copying ../../build/launch_pkg_nea/launch_pkg_nea.egg-info to /home/user1/ros2_ws_2502/install/launch_pkg_nea/lib/python3.10/site-packages/launch_pkg_nea-0.0.0-py3.10.egg-info
[3.056s] running install_scripts
[3.091s] writing list of installed files to '/home/user1/ros2_ws_2502/build/launch_pkg_nea/install.log'
[3.141s] Invoked command in '/home/user1/ros2_ws_2502/src/launch_pkg_nea' returned '0': PYTHONPATH=/home/user1/ros2_ws_2502/build/launch_pkg_nea/prefix_override:/usr/lib/python3/dist-packages/colcon_core/task/python/colcon_distutils_commands:/home/user1/ros2_ws_2502/install/launch_pkg_nea/lib/python3.10/site-packages:${PYTHONPATH} /usr/bin/python3 -W ignore:setup.py install is deprecated -W ignore:easy_install command is deprecated setup.py egg_info --egg-base ../../build/launch_pkg_nea build --build-base /home/user1/ros2_ws_2502/build/launch_pkg_nea/build install --record /home/user1/ros2_ws_2502/build/launch_pkg_nea/install.log --single-version-externally-managed install_data --force
