[2.205s] Invoking command in '/home/user1/ros2_ws_2502/src/E03P02_RI_SMS_NEA': PYTHONPATH=/home/user1/ros2_ws_2502/build/E03P02_RI_SMS_NEA/prefix_override:/usr/lib/python3/dist-packages/colcon_core/task/python/colcon_distutils_commands:/home/user1/ros2_ws_2502/install/E03P02_RI_SMS_NEA/lib/python3.10/site-packages:${PYTHONPATH} /usr/bin/python3 -W ignore:setup.py install is deprecated -W ignore:easy_install command is deprecated setup.py egg_info --egg-base ../../build/E03P02_RI_SMS_NEA build --build-base /home/user1/ros2_ws_2502/build/E03P02_RI_SMS_NEA/build install --record /home/user1/ros2_ws_2502/build/E03P02_RI_SMS_NEA/install.log --single-version-externally-managed install_data
[2.511s] running egg_info
[2.512s] creating ../../build/E03P02_RI_SMS_NEA/E03P02_RI_SMS_NEA.egg-info
[2.513s] writing ../../build/E03P02_RI_SMS_NEA/E03P02_RI_SMS_NEA.egg-info/PKG-INFO
[2.513s] writing dependency_links to ../../build/E03P02_RI_SMS_NEA/E03P02_RI_SMS_NEA.egg-info/dependency_links.txt
[2.514s] writing entry points to ../../build/E03P02_RI_SMS_NEA/E03P02_RI_SMS_NEA.egg-info/entry_points.txt
[2.514s] writing requirements to ../../build/E03P02_RI_SMS_NEA/E03P02_RI_SMS_NEA.egg-info/requires.txt
[2.514s] writing top-level names to ../../build/E03P02_RI_SMS_NEA/E03P02_RI_SMS_NEA.egg-info/top_level.txt
[2.514s] writing manifest file '../../build/E03P02_RI_SMS_NEA/E03P02_RI_SMS_NEA.egg-info/SOURCES.txt'
[2.516s] reading manifest file '../../build/E03P02_RI_SMS_NEA/E03P02_RI_SMS_NEA.egg-info/SOURCES.txt'
[2.517s] writing manifest file '../../build/E03P02_RI_SMS_NEA/E03P02_RI_SMS_NEA.egg-info/SOURCES.txt'
[2.517s] running build
[2.518s] running build_py
[2.518s] creating /home/user1/ros2_ws_2502/build/E03P02_RI_SMS_NEA/build
[2.519s] creating /home/user1/ros2_ws_2502/build/E03P02_RI_SMS_NEA/build/lib
[2.519s] creating /home/user1/ros2_ws_2502/build/E03P02_RI_SMS_NEA/build/lib/E03P02_RI_SMS_NEA
[2.520s] copying E03P02_RI_SMS_NEA/joint_state_bridge.py -> /home/user1/ros2_ws_2502/build/E03P02_RI_SMS_NEA/build/lib/E03P02_RI_SMS_NEA
[2.520s] copying E03P02_RI_SMS_NEA/inverse_kinematics.py -> /home/user1/ros2_ws_2502/build/E03P02_RI_SMS_NEA/build/lib/E03P02_RI_SMS_NEA
[2.520s] copying E03P02_RI_SMS_NEA/__init__.py -> /home/user1/ros2_ws_2502/build/E03P02_RI_SMS_NEA/build/lib/E03P02_RI_SMS_NEA
[2.521s] copying E03P02_RI_SMS_NEA/cad_to_execution.py -> /home/user1/ros2_ws_2502/build/E03P02_RI_SMS_NEA/build/lib/E03P02_RI_SMS_NEA
[2.521s] copying E03P02_RI_SMS_NEA/forward_kinematics.py -> /home/user1/ros2_ws_2502/build/E03P02_RI_SMS_NEA/build/lib/E03P02_RI_SMS_NEA
[2.521s] copying E03P02_RI_SMS_NEA/test_movement.py -> /home/user1/ros2_ws_2502/build/E03P02_RI_SMS_NEA/build/lib/E03P02_RI_SMS_NEA
[2.521s] copying E03P02_RI_SMS_NEA/trajectory_planner.py -> /home/user1/ros2_ws_2502/build/E03P02_RI_SMS_NEA/build/lib/E03P02_RI_SMS_NEA
[2.521s] copying E03P02_RI_SMS_NEA/dxf_parser.py -> /home/user1/ros2_ws_2502/build/E03P02_RI_SMS_NEA/build/lib/E03P02_RI_SMS_NEA
[2.522s] copying E03P02_RI_SMS_NEA/path_publisher.py -> /home/user1/ros2_ws_2502/build/E03P02_RI_SMS_NEA/build/lib/E03P02_RI_SMS_NEA
[2.522s] running install
[2.522s] running install_lib
[2.523s] creating /home/user1/ros2_ws_2502/install/E03P02_RI_SMS_NEA/lib/python3.10/site-packages/E03P02_RI_SMS_NEA
[2.524s] copying /home/user1/ros2_ws_2502/build/E03P02_RI_SMS_NEA/build/lib/E03P02_RI_SMS_NEA/joint_state_bridge.py -> /home/user1/ros2_ws_2502/install/E03P02_RI_SMS_NEA/lib/python3.10/site-packages/E03P02_RI_SMS_NEA
[2.524s] copying /home/user1/ros2_ws_2502/build/E03P02_RI_SMS_NEA/build/lib/E03P02_RI_SMS_NEA/inverse_kinematics.py -> /home/user1/ros2_ws_2502/install/E03P02_RI_SMS_NEA/lib/python3.10/site-packages/E03P02_RI_SMS_NEA
[2.524s] copying /home/user1/ros2_ws_2502/build/E03P02_RI_SMS_NEA/build/lib/E03P02_RI_SMS_NEA/__init__.py -> /home/user1/ros2_ws_2502/install/E03P02_RI_SMS_NEA/lib/python3.10/site-packages/E03P02_RI_SMS_NEA
[2.525s] copying /home/user1/ros2_ws_2502/build/E03P02_RI_SMS_NEA/build/lib/E03P02_RI_SMS_NEA/cad_to_execution.py -> /home/user1/ros2_ws_2502/install/E03P02_RI_SMS_NEA/lib/python3.10/site-packages/E03P02_RI_SMS_NEA
[2.525s] copying /home/user1/ros2_ws_2502/build/E03P02_RI_SMS_NEA/build/lib/E03P02_RI_SMS_NEA/forward_kinematics.py -> /home/user1/ros2_ws_2502/install/E03P02_RI_SMS_NEA/lib/python3.10/site-packages/E03P02_RI_SMS_NEA
[2.525s] copying /home/user1/ros2_ws_2502/build/E03P02_RI_SMS_NEA/build/lib/E03P02_RI_SMS_NEA/test_movement.py -> /home/user1/ros2_ws_2502/install/E03P02_RI_SMS_NEA/lib/python3.10/site-packages/E03P02_RI_SMS_NEA
[2.525s] copying /home/user1/ros2_ws_2502/build/E03P02_RI_SMS_NEA/build/lib/E03P02_RI_SMS_NEA/trajectory_planner.py -> /home/user1/ros2_ws_2502/install/E03P02_RI_SMS_NEA/lib/python3.10/site-packages/E03P02_RI_SMS_NEA
[2.525s] copying /home/user1/ros2_ws_2502/build/E03P02_RI_SMS_NEA/build/lib/E03P02_RI_SMS_NEA/dxf_parser.py -> /home/user1/ros2_ws_2502/install/E03P02_RI_SMS_NEA/lib/python3.10/site-packages/E03P02_RI_SMS_NEA
[2.526s] copying /home/user1/ros2_ws_2502/build/E03P02_RI_SMS_NEA/build/lib/E03P02_RI_SMS_NEA/path_publisher.py -> /home/user1/ros2_ws_2502/install/E03P02_RI_SMS_NEA/lib/python3.10/site-packages/E03P02_RI_SMS_NEA
[2.526s] byte-compiling /home/user1/ros2_ws_2502/install/E03P02_RI_SMS_NEA/lib/python3.10/site-packages/E03P02_RI_SMS_NEA/joint_state_bridge.py to joint_state_bridge.cpython-310.pyc
[2.528s] byte-compiling /home/user1/ros2_ws_2502/install/E03P02_RI_SMS_NEA/lib/python3.10/site-packages/E03P02_RI_SMS_NEA/inverse_kinematics.py to inverse_kinematics.cpython-310.pyc
[2.529s] byte-compiling /home/user1/ros2_ws_2502/install/E03P02_RI_SMS_NEA/lib/python3.10/site-packages/E03P02_RI_SMS_NEA/__init__.py to __init__.cpython-310.pyc
[2.529s] byte-compiling /home/user1/ros2_ws_2502/install/E03P02_RI_SMS_NEA/lib/python3.10/site-packages/E03P02_RI_SMS_NEA/cad_to_execution.py to cad_to_execution.cpython-310.pyc
[2.530s] byte-compiling /home/user1/ros2_ws_2502/install/E03P02_RI_SMS_NEA/lib/python3.10/site-packages/E03P02_RI_SMS_NEA/forward_kinematics.py to forward_kinematics.cpython-310.pyc
[2.531s] byte-compiling /home/user1/ros2_ws_2502/install/E03P02_RI_SMS_NEA/lib/python3.10/site-packages/E03P02_RI_SMS_NEA/test_movement.py to test_movement.cpython-310.pyc
[2.532s] byte-compiling /home/user1/ros2_ws_2502/install/E03P02_RI_SMS_NEA/lib/python3.10/site-packages/E03P02_RI_SMS_NEA/trajectory_planner.py to trajectory_planner.cpython-310.pyc
[2.533s] byte-compiling /home/user1/ros2_ws_2502/install/E03P02_RI_SMS_NEA/lib/python3.10/site-packages/E03P02_RI_SMS_NEA/dxf_parser.py to dxf_parser.cpython-310.pyc
[2.534s] byte-compiling /home/user1/ros2_ws_2502/install/E03P02_RI_SMS_NEA/lib/python3.10/site-packages/E03P02_RI_SMS_NEA/path_publisher.py to path_publisher.cpython-310.pyc
[2.535s] running install_data
[2.535s] creating /home/user1/ros2_ws_2502/install/E03P02_RI_SMS_NEA/share/ament_index
[2.537s] creating /home/user1/ros2_ws_2502/install/E03P02_RI_SMS_NEA/share/ament_index/resource_index
[2.537s] creating /home/user1/ros2_ws_2502/install/E03P02_RI_SMS_NEA/share/ament_index/resource_index/packages
[2.538s] copying resource/E03P02_RI_SMS_NEA -> /home/user1/ros2_ws_2502/install/E03P02_RI_SMS_NEA/share/ament_index/resource_index/packages
[2.538s] copying package.xml -> /home/user1/ros2_ws_2502/install/E03P02_RI_SMS_NEA/share/E03P02_RI_SMS_NEA
[2.538s] creating /home/user1/ros2_ws_2502/install/E03P02_RI_SMS_NEA/share/E03P02_RI_SMS_NEA/launch
[2.539s] copying launch/robot_visualization.launch.py -> /home/user1/ros2_ws_2502/install/E03P02_RI_SMS_NEA/share/E03P02_RI_SMS_NEA/launch
[2.539s] copying launch/complete_system.launch.py -> /home/user1/ros2_ws_2502/install/E03P02_RI_SMS_NEA/share/E03P02_RI_SMS_NEA/launch
[2.540s] creating /home/user1/ros2_ws_2502/install/E03P02_RI_SMS_NEA/share/E03P02_RI_SMS_NEA/model
[2.540s] copying model/RRP.urdf.xacro -> /home/user1/ros2_ws_2502/install/E03P02_RI_SMS_NEA/share/E03P02_RI_SMS_NEA/model
[2.541s] copying model/RRP.urdf.xacro:Zone.Identifier -> /home/user1/ros2_ws_2502/install/E03P02_RI_SMS_NEA/share/E03P02_RI_SMS_NEA/model
[2.541s] creating /home/user1/ros2_ws_2502/install/E03P02_RI_SMS_NEA/share/E03P02_RI_SMS_NEA/CAD
[2.542s] copying CAD/WAYPOINT.dxf -> /home/user1/ros2_ws_2502/install/E03P02_RI_SMS_NEA/share/E03P02_RI_SMS_NEA/CAD
[2.544s] running install_egg_info
[2.547s] Copying ../../build/E03P02_RI_SMS_NEA/E03P02_RI_SMS_NEA.egg-info to /home/user1/ros2_ws_2502/install/E03P02_RI_SMS_NEA/lib/python3.10/site-packages/E03P02_RI_SMS_NEA-0.0.0-py3.10.egg-info
[2.550s] running install_scripts
[2.580s] Installing dxf_parser script to /home/user1/ros2_ws_2502/install/E03P02_RI_SMS_NEA/lib/E03P02_RI_SMS_NEA
[2.581s] Installing forward_kinematics script to /home/user1/ros2_ws_2502/install/E03P02_RI_SMS_NEA/lib/E03P02_RI_SMS_NEA
[2.581s] Installing inverse_kinematics script to /home/user1/ros2_ws_2502/install/E03P02_RI_SMS_NEA/lib/E03P02_RI_SMS_NEA
[2.581s] Installing joint_state_bridge script to /home/user1/ros2_ws_2502/install/E03P02_RI_SMS_NEA/lib/E03P02_RI_SMS_NEA
[2.581s] Installing path_publisher script to /home/user1/ros2_ws_2502/install/E03P02_RI_SMS_NEA/lib/E03P02_RI_SMS_NEA
[2.582s] Installing test_movement script to /home/user1/ros2_ws_2502/install/E03P02_RI_SMS_NEA/lib/E03P02_RI_SMS_NEA
[2.582s] Installing trajectory_planner script to /home/user1/ros2_ws_2502/install/E03P02_RI_SMS_NEA/lib/E03P02_RI_SMS_NEA
[2.583s] writing list of installed files to '/home/user1/ros2_ws_2502/build/E03P02_RI_SMS_NEA/install.log'
[2.620s] Invoked command in '/home/user1/ros2_ws_2502/src/E03P02_RI_SMS_NEA' returned '0': PYTHONPATH=/home/user1/ros2_ws_2502/build/E03P02_RI_SMS_NEA/prefix_override:/usr/lib/python3/dist-packages/colcon_core/task/python/colcon_distutils_commands:/home/user1/ros2_ws_2502/install/E03P02_RI_SMS_NEA/lib/python3.10/site-packages:${PYTHONPATH} /usr/bin/python3 -W ignore:setup.py install is deprecated -W ignore:easy_install command is deprecated setup.py egg_info --egg-base ../../build/E03P02_RI_SMS_NEA build --build-base /home/user1/ros2_ws_2502/build/E03P02_RI_SMS_NEA/build install --record /home/user1/ros2_ws_2502/build/E03P02_RI_SMS_NEA/install.log --single-version-externally-managed install_data
