[0.163s] DEBUG:colcon:Command line arguments: ['/usr/bin/colcon', 'build', '--symlink-install']
[0.163s] DEBUG:colcon:Parsed command line arguments: Namespace(log_base=None, log_level=None, verb_name='build', build_base='build', install_base='install', merge_install=False, symlink_install=True, test_result_base=None, continue_on_error=False, executor='parallel', parallel_workers=16, event_handlers=None, ignore_user_meta=False, metas=['./colcon.meta'], base_paths=['.'], packages_ignore=None, packages_ignore_regex=None, paths=None, packages_up_to=None, packages_up_to_regex=None, packages_above=None, packages_above_and_dependencies=None, packages_above_depth=None, packages_select_by_dep=None, packages_skip_by_dep=None, packages_skip_up_to=None, packages_select_build_failed=False, packages_skip_build_finished=False, packages_select_test_failures=False, packages_skip_test_passed=False, packages_select=None, packages_skip=None, packages_select_regex=None, packages_skip_regex=None, packages_start=None, packages_end=None, allow_overriding=[], cmake_args=None, cmake_target=None, cmake_target_skip_unavailable=False, cmake_clean_cache=False, cmake_clean_first=False, cmake_force_configure=False, ament_cmake_args=None, catkin_cmake_args=None, catkin_skip_building_tests=False, mixin_files=None, mixin=None, verb_parser=<colcon_mixin.mixin.mixin_argument.MixinArgumentDecorator object at 0x78acfc3177f0>, verb_extension=<colcon_core.verb.build.BuildVerb object at 0x78acfc498730>, main=<bound method BuildVerb.main of <colcon_core.verb.build.BuildVerb object at 0x78acfc498730>>, mixin_verb=('build',))
[0.294s] Level 1:colcon.colcon_core.package_discovery:discover_packages(colcon_meta) check parameters
[0.294s] Level 1:colcon.colcon_core.package_discovery:discover_packages(recursive) check parameters
[0.294s] Level 1:colcon.colcon_core.package_discovery:discover_packages(ignore) check parameters
[0.294s] Level 1:colcon.colcon_core.package_discovery:discover_packages(path) check parameters
[0.294s] Level 1:colcon.colcon_core.package_discovery:discover_packages(colcon_meta) discover
[0.294s] Level 1:colcon.colcon_core.package_discovery:discover_packages(recursive) discover
[0.294s] INFO:colcon.colcon_core.package_discovery:Crawling recursively for packages in '/home/user1/ros2_ws_2502'
[0.294s] Level 1:colcon.colcon_core.package_identification:_identify(.) by extensions ['ignore', 'ignore_ament_install']
[0.295s] Level 1:colcon.colcon_core.package_identification:_identify(.) by extension 'ignore'
[0.295s] Level 1:colcon.colcon_core.package_identification:_identify(.) by extension 'ignore_ament_install'
[0.295s] Level 1:colcon.colcon_core.package_identification:_identify(.) by extensions ['colcon_pkg']
[0.295s] Level 1:colcon.colcon_core.package_identification:_identify(.) by extension 'colcon_pkg'
[0.295s] Level 1:colcon.colcon_core.package_identification:_identify(.) by extensions ['colcon_meta']
[0.295s] Level 1:colcon.colcon_core.package_identification:_identify(.) by extension 'colcon_meta'
[0.295s] Level 1:colcon.colcon_core.package_identification:_identify(.) by extensions ['ros']
[0.295s] Level 1:colcon.colcon_core.package_identification:_identify(.) by extension 'ros'
[0.303s] Level 1:colcon.colcon_core.package_identification:_identify(.) by extensions ['cmake', 'python']
[0.303s] Level 1:colcon.colcon_core.package_identification:_identify(.) by extension 'cmake'
[0.303s] Level 1:colcon.colcon_core.package_identification:_identify(.) by extension 'python'
[0.303s] Level 1:colcon.colcon_core.package_identification:_identify(.) by extensions ['python_setup_py']
[0.303s] Level 1:colcon.colcon_core.package_identification:_identify(.) by extension 'python_setup_py'
[0.303s] Level 1:colcon.colcon_core.package_identification:_identify(build) by extensions ['ignore', 'ignore_ament_install']
[0.303s] Level 1:colcon.colcon_core.package_identification:_identify(build) by extension 'ignore'
[0.303s] Level 1:colcon.colcon_core.package_identification:_identify(build) ignored
[0.303s] Level 1:colcon.colcon_core.package_identification:_identify(install) by extensions ['ignore', 'ignore_ament_install']
[0.303s] Level 1:colcon.colcon_core.package_identification:_identify(install) by extension 'ignore'
[0.303s] Level 1:colcon.colcon_core.package_identification:_identify(install) ignored
[0.303s] Level 1:colcon.colcon_core.package_identification:_identify(log) by extensions ['ignore', 'ignore_ament_install']
[0.303s] Level 1:colcon.colcon_core.package_identification:_identify(log) by extension 'ignore'
[0.304s] Level 1:colcon.colcon_core.package_identification:_identify(log) ignored
[0.304s] Level 1:colcon.colcon_core.package_identification:_identify(src) by extensions ['ignore', 'ignore_ament_install']
[0.304s] Level 1:colcon.colcon_core.package_identification:_identify(src) by extension 'ignore'
[0.304s] Level 1:colcon.colcon_core.package_identification:_identify(src) by extension 'ignore_ament_install'
[0.304s] Level 1:colcon.colcon_core.package_identification:_identify(src) by extensions ['colcon_pkg']
[0.304s] Level 1:colcon.colcon_core.package_identification:_identify(src) by extension 'colcon_pkg'
[0.304s] Level 1:colcon.colcon_core.package_identification:_identify(src) by extensions ['colcon_meta']
[0.304s] Level 1:colcon.colcon_core.package_identification:_identify(src) by extension 'colcon_meta'
[0.304s] Level 1:colcon.colcon_core.package_identification:_identify(src) by extensions ['ros']
[0.304s] Level 1:colcon.colcon_core.package_identification:_identify(src) by extension 'ros'
[0.304s] Level 1:colcon.colcon_core.package_identification:_identify(src) by extensions ['cmake', 'python']
[0.304s] Level 1:colcon.colcon_core.package_identification:_identify(src) by extension 'cmake'
[0.304s] Level 1:colcon.colcon_core.package_identification:_identify(src) by extension 'python'
[0.304s] Level 1:colcon.colcon_core.package_identification:_identify(src) by extensions ['python_setup_py']
[0.304s] Level 1:colcon.colcon_core.package_identification:_identify(src) by extension 'python_setup_py'
[0.304s] Level 1:colcon.colcon_core.package_identification:_identify(src/launch_pkg_nea) by extensions ['ignore', 'ignore_ament_install']
[0.304s] Level 1:colcon.colcon_core.package_identification:_identify(src/launch_pkg_nea) by extension 'ignore'
[0.304s] Level 1:colcon.colcon_core.package_identification:_identify(src/launch_pkg_nea) by extension 'ignore_ament_install'
[0.305s] Level 1:colcon.colcon_core.package_identification:_identify(src/launch_pkg_nea) by extensions ['colcon_pkg']
[0.305s] Level 1:colcon.colcon_core.package_identification:_identify(src/launch_pkg_nea) by extension 'colcon_pkg'
[0.305s] Level 1:colcon.colcon_core.package_identification:_identify(src/launch_pkg_nea) by extensions ['colcon_meta']
[0.305s] Level 1:colcon.colcon_core.package_identification:_identify(src/launch_pkg_nea) by extension 'colcon_meta'
[0.305s] Level 1:colcon.colcon_core.package_identification:_identify(src/launch_pkg_nea) by extensions ['ros']
[0.305s] Level 1:colcon.colcon_core.package_identification:_identify(src/launch_pkg_nea) by extension 'ros'
[0.306s] DEBUG:colcon.colcon_core.package_identification:Package 'src/launch_pkg_nea' with type 'ros.ament_python' and name 'launch_pkg_nea'
[0.306s] Level 1:colcon.colcon_core.package_identification:_identify(src/modelrobot_pkg_nea) by extensions ['ignore', 'ignore_ament_install']
[0.307s] Level 1:colcon.colcon_core.package_identification:_identify(src/modelrobot_pkg_nea) by extension 'ignore'
[0.307s] Level 1:colcon.colcon_core.package_identification:_identify(src/modelrobot_pkg_nea) by extension 'ignore_ament_install'
[0.307s] Level 1:colcon.colcon_core.package_identification:_identify(src/modelrobot_pkg_nea) by extensions ['colcon_pkg']
[0.307s] Level 1:colcon.colcon_core.package_identification:_identify(src/modelrobot_pkg_nea) by extension 'colcon_pkg'
[0.307s] Level 1:colcon.colcon_core.package_identification:_identify(src/modelrobot_pkg_nea) by extensions ['colcon_meta']
[0.307s] Level 1:colcon.colcon_core.package_identification:_identify(src/modelrobot_pkg_nea) by extension 'colcon_meta'
[0.307s] Level 1:colcon.colcon_core.package_identification:_identify(src/modelrobot_pkg_nea) by extensions ['ros']
[0.307s] Level 1:colcon.colcon_core.package_identification:_identify(src/modelrobot_pkg_nea) by extension 'ros'
[0.307s] DEBUG:colcon.colcon_core.package_identification:Package 'src/modelrobot_pkg_nea' with type 'ros.ament_python' and name 'modelrobot_pkg_nea'
[0.307s] Level 1:colcon.colcon_core.package_identification:_identify(src/temp) by extensions ['ignore', 'ignore_ament_install']
[0.307s] Level 1:colcon.colcon_core.package_identification:_identify(src/temp) by extension 'ignore'
[0.307s] Level 1:colcon.colcon_core.package_identification:_identify(src/temp) by extension 'ignore_ament_install'
[0.308s] Level 1:colcon.colcon_core.package_identification:_identify(src/temp) by extensions ['colcon_pkg']
[0.308s] Level 1:colcon.colcon_core.package_identification:_identify(src/temp) by extension 'colcon_pkg'
[0.308s] Level 1:colcon.colcon_core.package_identification:_identify(src/temp) by extensions ['colcon_meta']
[0.308s] Level 1:colcon.colcon_core.package_identification:_identify(src/temp) by extension 'colcon_meta'
[0.308s] Level 1:colcon.colcon_core.package_identification:_identify(src/temp) by extensions ['ros']
[0.308s] Level 1:colcon.colcon_core.package_identification:_identify(src/temp) by extension 'ros'
[0.308s] Level 1:colcon.colcon_core.package_identification:_identify(src/temp) by extensions ['cmake', 'python']
[0.308s] Level 1:colcon.colcon_core.package_identification:_identify(src/temp) by extension 'cmake'
[0.308s] Level 1:colcon.colcon_core.package_identification:_identify(src/temp) by extension 'python'
[0.308s] Level 1:colcon.colcon_core.package_identification:_identify(src/temp) by extensions ['python_setup_py']
[0.308s] Level 1:colcon.colcon_core.package_identification:_identify(src/temp) by extension 'python_setup_py'
[0.308s] Level 1:colcon.colcon_core.package_identification:_identify(src/turtle_move_pkg_nea) by extensions ['ignore', 'ignore_ament_install']
[0.308s] Level 1:colcon.colcon_core.package_identification:_identify(src/turtle_move_pkg_nea) by extension 'ignore'
[0.308s] Level 1:colcon.colcon_core.package_identification:_identify(src/turtle_move_pkg_nea) by extension 'ignore_ament_install'
[0.308s] Level 1:colcon.colcon_core.package_identification:_identify(src/turtle_move_pkg_nea) by extensions ['colcon_pkg']
[0.308s] Level 1:colcon.colcon_core.package_identification:_identify(src/turtle_move_pkg_nea) by extension 'colcon_pkg'
[0.308s] Level 1:colcon.colcon_core.package_identification:_identify(src/turtle_move_pkg_nea) by extensions ['colcon_meta']
[0.308s] Level 1:colcon.colcon_core.package_identification:_identify(src/turtle_move_pkg_nea) by extension 'colcon_meta'
[0.308s] Level 1:colcon.colcon_core.package_identification:_identify(src/turtle_move_pkg_nea) by extensions ['ros']
[0.308s] Level 1:colcon.colcon_core.package_identification:_identify(src/turtle_move_pkg_nea) by extension 'ros'
[0.309s] DEBUG:colcon.colcon_core.package_identification:Package 'src/turtle_move_pkg_nea' with type 'ros.ament_python' and name 'turtle_move_pkg_nea'
[0.309s] Level 1:colcon.colcon_core.package_discovery:discover_packages(recursive) using defaults
[0.309s] Level 1:colcon.colcon_core.package_discovery:discover_packages(ignore) discover
[0.309s] Level 1:colcon.colcon_core.package_discovery:discover_packages(ignore) using defaults
[0.309s] Level 1:colcon.colcon_core.package_discovery:discover_packages(path) discover
[0.309s] Level 1:colcon.colcon_core.package_discovery:discover_packages(path) using defaults
[0.334s] Level 1:colcon.colcon_core.package_discovery:discover_packages(prefix_path) check parameters
[0.334s] Level 1:colcon.colcon_core.package_discovery:discover_packages(prefix_path) discover
[0.335s] DEBUG:colcon.colcon_installed_package_information.package_discovery:Found 3 installed packages in /home/user1/ros2_ws_2502/install
[0.337s] DEBUG:colcon.colcon_installed_package_information.package_discovery:Found 389 installed packages in /opt/ros/humble
[0.338s] Level 1:colcon.colcon_core.package_discovery:discover_packages(prefix_path) using defaults
[0.375s] Level 5:colcon.colcon_core.verb:set package 'launch_pkg_nea' build argument 'cmake_args' from command line to 'None'
[0.375s] Level 5:colcon.colcon_core.verb:set package 'launch_pkg_nea' build argument 'cmake_target' from command line to 'None'
[0.375s] Level 5:colcon.colcon_core.verb:set package 'launch_pkg_nea' build argument 'cmake_target_skip_unavailable' from command line to 'False'
[0.375s] Level 5:colcon.colcon_core.verb:set package 'launch_pkg_nea' build argument 'cmake_clean_cache' from command line to 'False'
[0.375s] Level 5:colcon.colcon_core.verb:set package 'launch_pkg_nea' build argument 'cmake_clean_first' from command line to 'False'
[0.375s] Level 5:colcon.colcon_core.verb:set package 'launch_pkg_nea' build argument 'cmake_force_configure' from command line to 'False'
[0.375s] Level 5:colcon.colcon_core.verb:set package 'launch_pkg_nea' build argument 'ament_cmake_args' from command line to 'None'
[0.375s] Level 5:colcon.colcon_core.verb:set package 'launch_pkg_nea' build argument 'catkin_cmake_args' from command line to 'None'
[0.375s] Level 5:colcon.colcon_core.verb:set package 'launch_pkg_nea' build argument 'catkin_skip_building_tests' from command line to 'False'
[0.375s] DEBUG:colcon.colcon_core.verb:Building package 'launch_pkg_nea' with the following arguments: {'ament_cmake_args': None, 'build_base': '/home/user1/ros2_ws_2502/build/launch_pkg_nea', 'catkin_cmake_args': None, 'catkin_skip_building_tests': False, 'cmake_args': None, 'cmake_clean_cache': False, 'cmake_clean_first': False, 'cmake_force_configure': False, 'cmake_target': None, 'cmake_target_skip_unavailable': False, 'install_base': '/home/user1/ros2_ws_2502/install/launch_pkg_nea', 'merge_install': False, 'path': '/home/user1/ros2_ws_2502/src/launch_pkg_nea', 'symlink_install': True, 'test_result_base': None}
[0.376s] Level 5:colcon.colcon_core.verb:set package 'modelrobot_pkg_nea' build argument 'cmake_args' from command line to 'None'
[0.376s] Level 5:colcon.colcon_core.verb:set package 'modelrobot_pkg_nea' build argument 'cmake_target' from command line to 'None'
[0.376s] Level 5:colcon.colcon_core.verb:set package 'modelrobot_pkg_nea' build argument 'cmake_target_skip_unavailable' from command line to 'False'
[0.376s] Level 5:colcon.colcon_core.verb:set package 'modelrobot_pkg_nea' build argument 'cmake_clean_cache' from command line to 'False'
[0.376s] Level 5:colcon.colcon_core.verb:set package 'modelrobot_pkg_nea' build argument 'cmake_clean_first' from command line to 'False'
[0.376s] Level 5:colcon.colcon_core.verb:set package 'modelrobot_pkg_nea' build argument 'cmake_force_configure' from command line to 'False'
[0.376s] Level 5:colcon.colcon_core.verb:set package 'modelrobot_pkg_nea' build argument 'ament_cmake_args' from command line to 'None'
[0.376s] Level 5:colcon.colcon_core.verb:set package 'modelrobot_pkg_nea' build argument 'catkin_cmake_args' from command line to 'None'
[0.376s] Level 5:colcon.colcon_core.verb:set package 'modelrobot_pkg_nea' build argument 'catkin_skip_building_tests' from command line to 'False'
[0.376s] DEBUG:colcon.colcon_core.verb:Building package 'modelrobot_pkg_nea' with the following arguments: {'ament_cmake_args': None, 'build_base': '/home/user1/ros2_ws_2502/build/modelrobot_pkg_nea', 'catkin_cmake_args': None, 'catkin_skip_building_tests': False, 'cmake_args': None, 'cmake_clean_cache': False, 'cmake_clean_first': False, 'cmake_force_configure': False, 'cmake_target': None, 'cmake_target_skip_unavailable': False, 'install_base': '/home/user1/ros2_ws_2502/install/modelrobot_pkg_nea', 'merge_install': False, 'path': '/home/user1/ros2_ws_2502/src/modelrobot_pkg_nea', 'symlink_install': True, 'test_result_base': None}
[0.376s] Level 5:colcon.colcon_core.verb:set package 'turtle_move_pkg_nea' build argument 'cmake_args' from command line to 'None'
[0.376s] Level 5:colcon.colcon_core.verb:set package 'turtle_move_pkg_nea' build argument 'cmake_target' from command line to 'None'
[0.376s] Level 5:colcon.colcon_core.verb:set package 'turtle_move_pkg_nea' build argument 'cmake_target_skip_unavailable' from command line to 'False'
[0.376s] Level 5:colcon.colcon_core.verb:set package 'turtle_move_pkg_nea' build argument 'cmake_clean_cache' from command line to 'False'
[0.376s] Level 5:colcon.colcon_core.verb:set package 'turtle_move_pkg_nea' build argument 'cmake_clean_first' from command line to 'False'
[0.376s] Level 5:colcon.colcon_core.verb:set package 'turtle_move_pkg_nea' build argument 'cmake_force_configure' from command line to 'False'
[0.376s] Level 5:colcon.colcon_core.verb:set package 'turtle_move_pkg_nea' build argument 'ament_cmake_args' from command line to 'None'
[0.376s] Level 5:colcon.colcon_core.verb:set package 'turtle_move_pkg_nea' build argument 'catkin_cmake_args' from command line to 'None'
[0.376s] Level 5:colcon.colcon_core.verb:set package 'turtle_move_pkg_nea' build argument 'catkin_skip_building_tests' from command line to 'False'
[0.376s] DEBUG:colcon.colcon_core.verb:Building package 'turtle_move_pkg_nea' with the following arguments: {'ament_cmake_args': None, 'build_base': '/home/user1/ros2_ws_2502/build/turtle_move_pkg_nea', 'catkin_cmake_args': None, 'catkin_skip_building_tests': False, 'cmake_args': None, 'cmake_clean_cache': False, 'cmake_clean_first': False, 'cmake_force_configure': False, 'cmake_target': None, 'cmake_target_skip_unavailable': False, 'install_base': '/home/user1/ros2_ws_2502/install/turtle_move_pkg_nea', 'merge_install': False, 'path': '/home/user1/ros2_ws_2502/src/turtle_move_pkg_nea', 'symlink_install': True, 'test_result_base': None}
[0.376s] INFO:colcon.colcon_core.executor:Executing jobs using 'parallel' executor
[0.378s] DEBUG:colcon.colcon_parallel_executor.executor.parallel:run_until_complete
[0.378s] INFO:colcon.colcon_ros.task.ament_python.build:Building ROS package in '/home/user1/ros2_ws_2502/src/launch_pkg_nea' with build type 'ament_python'
[0.378s] Level 1:colcon.colcon_core.shell:create_environment_hook('launch_pkg_nea', 'ament_prefix_path')
[0.381s] INFO:colcon.colcon_core.plugin_system:Skipping extension 'colcon_core.shell.bat': Not used on non-Windows systems
[0.381s] INFO:colcon.colcon_core.shell:Creating environment hook '/home/user1/ros2_ws_2502/install/launch_pkg_nea/share/launch_pkg_nea/hook/ament_prefix_path.ps1'
[0.382s] INFO:colcon.colcon_core.shell:Creating environment descriptor '/home/user1/ros2_ws_2502/install/launch_pkg_nea/share/launch_pkg_nea/hook/ament_prefix_path.dsv'
[0.383s] INFO:colcon.colcon_core.shell:Creating environment hook '/home/user1/ros2_ws_2502/install/launch_pkg_nea/share/launch_pkg_nea/hook/ament_prefix_path.sh'
[0.383s] INFO:colcon.colcon_core.shell:Skip shell extension 'powershell' for command environment: Not usable outside of PowerShell
[0.383s] DEBUG:colcon.colcon_core.shell:Skip shell extension 'dsv' for command environment
[0.387s] INFO:colcon.colcon_ros.task.ament_python.build:Building ROS package in '/home/user1/ros2_ws_2502/src/modelrobot_pkg_nea' with build type 'ament_python'
[0.387s] Level 1:colcon.colcon_core.shell:create_environment_hook('modelrobot_pkg_nea', 'ament_prefix_path')
[0.388s] INFO:colcon.colcon_core.shell:Creating environment hook '/home/user1/ros2_ws_2502/install/modelrobot_pkg_nea/share/modelrobot_pkg_nea/hook/ament_prefix_path.ps1'
[0.388s] INFO:colcon.colcon_core.shell:Creating environment descriptor '/home/user1/ros2_ws_2502/install/modelrobot_pkg_nea/share/modelrobot_pkg_nea/hook/ament_prefix_path.dsv'
[0.389s] INFO:colcon.colcon_core.shell:Creating environment hook '/home/user1/ros2_ws_2502/install/modelrobot_pkg_nea/share/modelrobot_pkg_nea/hook/ament_prefix_path.sh'
[0.390s] INFO:colcon.colcon_core.shell:Skip shell extension 'powershell' for command environment: Not usable outside of PowerShell
[0.390s] DEBUG:colcon.colcon_core.shell:Skip shell extension 'dsv' for command environment
[0.393s] INFO:colcon.colcon_ros.task.ament_python.build:Building ROS package in '/home/user1/ros2_ws_2502/src/turtle_move_pkg_nea' with build type 'ament_python'
[0.393s] Level 1:colcon.colcon_core.shell:create_environment_hook('turtle_move_pkg_nea', 'ament_prefix_path')
[0.394s] INFO:colcon.colcon_core.shell:Creating environment hook '/home/user1/ros2_ws_2502/install/turtle_move_pkg_nea/share/turtle_move_pkg_nea/hook/ament_prefix_path.ps1'
[0.395s] INFO:colcon.colcon_core.shell:Creating environment descriptor '/home/user1/ros2_ws_2502/install/turtle_move_pkg_nea/share/turtle_move_pkg_nea/hook/ament_prefix_path.dsv'
[0.395s] INFO:colcon.colcon_core.shell:Creating environment hook '/home/user1/ros2_ws_2502/install/turtle_move_pkg_nea/share/turtle_move_pkg_nea/hook/ament_prefix_path.sh'
[0.396s] INFO:colcon.colcon_core.shell:Skip shell extension 'powershell' for command environment: Not usable outside of PowerShell
[0.396s] DEBUG:colcon.colcon_core.shell:Skip shell extension 'dsv' for command environment
[0.629s] INFO:colcon.colcon_core.task.python.build:Building Python package in '/home/user1/ros2_ws_2502/src/launch_pkg_nea'
[0.629s] INFO:colcon.colcon_core.shell:Skip shell extension 'powershell' for command environment: Not usable outside of PowerShell
[0.629s] DEBUG:colcon.colcon_core.shell:Skip shell extension 'dsv' for command environment
[0.854s] INFO:colcon.colcon_core.task.python.build:Building Python package in '/home/user1/ros2_ws_2502/src/modelrobot_pkg_nea'
[0.854s] INFO:colcon.colcon_core.shell:Skip shell extension 'powershell' for command environment: Not usable outside of PowerShell
[0.854s] DEBUG:colcon.colcon_core.shell:Skip shell extension 'dsv' for command environment
[1.082s] INFO:colcon.colcon_core.task.python.build:Building Python package in '/home/user1/ros2_ws_2502/src/turtle_move_pkg_nea'
[1.082s] INFO:colcon.colcon_core.shell:Skip shell extension 'powershell' for command environment: Not usable outside of PowerShell
[1.082s] DEBUG:colcon.colcon_core.shell:Skip shell extension 'dsv' for command environment
[1.478s] DEBUG:colcon.colcon_core.event_handler.log_command:Invoking command in '/home/user1/ros2_ws_2502/build/launch_pkg_nea': PYTHONPATH=/home/user1/ros2_ws_2502/build/launch_pkg_nea/prefix_override:/usr/lib/python3/dist-packages/colcon_core/task/python/colcon_distutils_commands:/home/user1/ros2_ws_2502/install/launch_pkg_nea/lib/python3.10/site-packages:${PYTHONPATH} /usr/bin/python3 -W ignore:setup.py install is deprecated -W ignore:easy_install command is deprecated setup.py develop --editable --build-directory /home/user1/ros2_ws_2502/build/launch_pkg_nea/build --no-deps symlink_data
[1.483s] DEBUG:colcon.colcon_core.event_handler.log_command:Invoking command in '/home/user1/ros2_ws_2502/build/turtle_move_pkg_nea': PYTHONPATH=/home/user1/ros2_ws_2502/build/turtle_move_pkg_nea/prefix_override:/usr/lib/python3/dist-packages/colcon_core/task/python/colcon_distutils_commands:/home/user1/ros2_ws_2502/install/turtle_move_pkg_nea/lib/python3.10/site-packages:${PYTHONPATH} /usr/bin/python3 -W ignore:setup.py install is deprecated -W ignore:easy_install command is deprecated setup.py develop --editable --build-directory /home/user1/ros2_ws_2502/build/turtle_move_pkg_nea/build --no-deps symlink_data
[1.499s] DEBUG:colcon.colcon_core.event_handler.log_command:Invoking command in '/home/user1/ros2_ws_2502/build/modelrobot_pkg_nea': PYTHONPATH=/home/user1/ros2_ws_2502/build/modelrobot_pkg_nea/prefix_override:/usr/lib/python3/dist-packages/colcon_core/task/python/colcon_distutils_commands:/home/user1/ros2_ws_2502/install/modelrobot_pkg_nea/lib/python3.10/site-packages:${PYTHONPATH} /usr/bin/python3 -W ignore:setup.py install is deprecated -W ignore:easy_install command is deprecated setup.py develop --editable --build-directory /home/user1/ros2_ws_2502/build/modelrobot_pkg_nea/build --no-deps symlink_data
[1.933s] Level 1:colcon.colcon_core.shell:create_environment_hook('launch_pkg_nea', 'pythonpath_develop')
[1.934s] INFO:colcon.colcon_core.shell:Creating environment hook '/home/user1/ros2_ws_2502/build/launch_pkg_nea/share/launch_pkg_nea/hook/pythonpath_develop.ps1'
[1.935s] DEBUG:colcon.colcon_core.event_handler.log_command:Invoked command in '/home/user1/ros2_ws_2502/build/launch_pkg_nea' returned '0': PYTHONPATH=/home/user1/ros2_ws_2502/build/launch_pkg_nea/prefix_override:/usr/lib/python3/dist-packages/colcon_core/task/python/colcon_distutils_commands:/home/user1/ros2_ws_2502/install/launch_pkg_nea/lib/python3.10/site-packages:${PYTHONPATH} /usr/bin/python3 -W ignore:setup.py install is deprecated -W ignore:easy_install command is deprecated setup.py develop --editable --build-directory /home/user1/ros2_ws_2502/build/launch_pkg_nea/build --no-deps symlink_data
[1.936s] INFO:colcon.colcon_core.shell:Creating environment descriptor '/home/user1/ros2_ws_2502/build/launch_pkg_nea/share/launch_pkg_nea/hook/pythonpath_develop.dsv'
[1.937s] INFO:colcon.colcon_core.shell:Creating environment hook '/home/user1/ros2_ws_2502/build/launch_pkg_nea/share/launch_pkg_nea/hook/pythonpath_develop.sh'
[1.939s] Level 1:colcon.colcon_core.environment:checking '/home/user1/ros2_ws_2502/install/launch_pkg_nea' for CMake module files
[1.939s] Level 1:colcon.colcon_core.environment:checking '/home/user1/ros2_ws_2502/install/launch_pkg_nea' for CMake config files
[1.940s] Level 1:colcon.colcon_core.environment:checking '/home/user1/ros2_ws_2502/install/launch_pkg_nea/lib'
[1.940s] Level 1:colcon.colcon_core.environment:checking '/home/user1/ros2_ws_2502/install/launch_pkg_nea/bin'
[1.940s] Level 1:colcon.colcon_core.environment:checking '/home/user1/ros2_ws_2502/install/launch_pkg_nea/lib/pkgconfig/launch_pkg_nea.pc'
[1.941s] Level 1:colcon.colcon_core.environment:checking '/home/user1/ros2_ws_2502/install/launch_pkg_nea/lib/python3.10/site-packages'
[1.941s] Level 1:colcon.colcon_core.shell:create_environment_hook('launch_pkg_nea', 'pythonpath')
[1.941s] INFO:colcon.colcon_core.shell:Creating environment hook '/home/user1/ros2_ws_2502/install/launch_pkg_nea/share/launch_pkg_nea/hook/pythonpath.ps1'
[1.942s] INFO:colcon.colcon_core.shell:Creating environment descriptor '/home/user1/ros2_ws_2502/install/launch_pkg_nea/share/launch_pkg_nea/hook/pythonpath.dsv'
[1.942s] INFO:colcon.colcon_core.shell:Creating environment hook '/home/user1/ros2_ws_2502/install/launch_pkg_nea/share/launch_pkg_nea/hook/pythonpath.sh'
[1.943s] Level 1:colcon.colcon_core.environment:checking '/home/user1/ros2_ws_2502/install/launch_pkg_nea/bin'
[1.943s] Level 1:colcon.colcon_core.environment:create_environment_scripts_only(launch_pkg_nea)
[1.943s] INFO:colcon.colcon_core.shell:Creating package script '/home/user1/ros2_ws_2502/install/launch_pkg_nea/share/launch_pkg_nea/package.ps1'
[1.944s] INFO:colcon.colcon_core.shell:Creating package descriptor '/home/user1/ros2_ws_2502/install/launch_pkg_nea/share/launch_pkg_nea/package.dsv'
[1.945s] INFO:colcon.colcon_core.shell:Creating package script '/home/user1/ros2_ws_2502/install/launch_pkg_nea/share/launch_pkg_nea/package.sh'
[1.946s] INFO:colcon.colcon_core.shell:Creating package script '/home/user1/ros2_ws_2502/install/launch_pkg_nea/share/launch_pkg_nea/package.bash'
[1.946s] INFO:colcon.colcon_core.shell:Creating package script '/home/user1/ros2_ws_2502/install/launch_pkg_nea/share/launch_pkg_nea/package.zsh'
[1.947s] Level 1:colcon.colcon_core.environment:create_file_with_runtime_dependencies(/home/user1/ros2_ws_2502/install/launch_pkg_nea/share/colcon-core/packages/launch_pkg_nea)
[1.949s] Level 1:colcon.colcon_core.shell:create_environment_hook('turtle_move_pkg_nea', 'pythonpath_develop')
[1.949s] INFO:colcon.colcon_core.shell:Creating environment hook '/home/user1/ros2_ws_2502/build/turtle_move_pkg_nea/share/turtle_move_pkg_nea/hook/pythonpath_develop.ps1'
[1.950s] DEBUG:colcon.colcon_core.event_handler.log_command:Invoked command in '/home/user1/ros2_ws_2502/build/turtle_move_pkg_nea' returned '0': PYTHONPATH=/home/user1/ros2_ws_2502/build/turtle_move_pkg_nea/prefix_override:/usr/lib/python3/dist-packages/colcon_core/task/python/colcon_distutils_commands:/home/user1/ros2_ws_2502/install/turtle_move_pkg_nea/lib/python3.10/site-packages:${PYTHONPATH} /usr/bin/python3 -W ignore:setup.py install is deprecated -W ignore:easy_install command is deprecated setup.py develop --editable --build-directory /home/user1/ros2_ws_2502/build/turtle_move_pkg_nea/build --no-deps symlink_data
[1.950s] INFO:colcon.colcon_core.shell:Creating environment descriptor '/home/user1/ros2_ws_2502/build/turtle_move_pkg_nea/share/turtle_move_pkg_nea/hook/pythonpath_develop.dsv'
[1.951s] INFO:colcon.colcon_core.shell:Creating environment hook '/home/user1/ros2_ws_2502/build/turtle_move_pkg_nea/share/turtle_move_pkg_nea/hook/pythonpath_develop.sh'
[1.952s] Level 1:colcon.colcon_core.environment:checking '/home/user1/ros2_ws_2502/install/turtle_move_pkg_nea' for CMake module files
[1.952s] Level 1:colcon.colcon_core.environment:checking '/home/user1/ros2_ws_2502/install/turtle_move_pkg_nea' for CMake config files
[1.952s] Level 1:colcon.colcon_core.environment:checking '/home/user1/ros2_ws_2502/install/turtle_move_pkg_nea/lib'
[1.953s] Level 1:colcon.colcon_core.environment:checking '/home/user1/ros2_ws_2502/install/turtle_move_pkg_nea/bin'
[1.953s] Level 1:colcon.colcon_core.environment:checking '/home/user1/ros2_ws_2502/install/turtle_move_pkg_nea/lib/pkgconfig/turtle_move_pkg_nea.pc'
[1.953s] Level 1:colcon.colcon_core.environment:checking '/home/user1/ros2_ws_2502/install/turtle_move_pkg_nea/lib/python3.10/site-packages'
[1.953s] Level 1:colcon.colcon_core.shell:create_environment_hook('turtle_move_pkg_nea', 'pythonpath')
[1.953s] INFO:colcon.colcon_core.shell:Creating environment hook '/home/user1/ros2_ws_2502/install/turtle_move_pkg_nea/share/turtle_move_pkg_nea/hook/pythonpath.ps1'
[1.954s] INFO:colcon.colcon_core.shell:Creating environment descriptor '/home/user1/ros2_ws_2502/install/turtle_move_pkg_nea/share/turtle_move_pkg_nea/hook/pythonpath.dsv'
[1.954s] INFO:colcon.colcon_core.shell:Creating environment hook '/home/user1/ros2_ws_2502/install/turtle_move_pkg_nea/share/turtle_move_pkg_nea/hook/pythonpath.sh'
[1.954s] Level 1:colcon.colcon_core.environment:checking '/home/user1/ros2_ws_2502/install/turtle_move_pkg_nea/bin'
[1.954s] Level 1:colcon.colcon_core.environment:create_environment_scripts_only(turtle_move_pkg_nea)
[1.955s] INFO:colcon.colcon_core.shell:Creating package script '/home/user1/ros2_ws_2502/install/turtle_move_pkg_nea/share/turtle_move_pkg_nea/package.ps1'
[1.955s] INFO:colcon.colcon_core.shell:Creating package descriptor '/home/user1/ros2_ws_2502/install/turtle_move_pkg_nea/share/turtle_move_pkg_nea/package.dsv'
[1.956s] INFO:colcon.colcon_core.shell:Creating package script '/home/user1/ros2_ws_2502/install/turtle_move_pkg_nea/share/turtle_move_pkg_nea/package.sh'
[1.956s] INFO:colcon.colcon_core.shell:Creating package script '/home/user1/ros2_ws_2502/install/turtle_move_pkg_nea/share/turtle_move_pkg_nea/package.bash'
[1.957s] INFO:colcon.colcon_core.shell:Creating package script '/home/user1/ros2_ws_2502/install/turtle_move_pkg_nea/share/turtle_move_pkg_nea/package.zsh'
[1.957s] Level 1:colcon.colcon_core.environment:create_file_with_runtime_dependencies(/home/user1/ros2_ws_2502/install/turtle_move_pkg_nea/share/colcon-core/packages/turtle_move_pkg_nea)
[1.961s] Level 1:colcon.colcon_core.shell:create_environment_hook('modelrobot_pkg_nea', 'pythonpath_develop')
[1.962s] INFO:colcon.colcon_core.shell:Creating environment hook '/home/user1/ros2_ws_2502/build/modelrobot_pkg_nea/share/modelrobot_pkg_nea/hook/pythonpath_develop.ps1'
[1.962s] DEBUG:colcon.colcon_core.event_handler.log_command:Invoked command in '/home/user1/ros2_ws_2502/build/modelrobot_pkg_nea' returned '0': PYTHONPATH=/home/user1/ros2_ws_2502/build/modelrobot_pkg_nea/prefix_override:/usr/lib/python3/dist-packages/colcon_core/task/python/colcon_distutils_commands:/home/user1/ros2_ws_2502/install/modelrobot_pkg_nea/lib/python3.10/site-packages:${PYTHONPATH} /usr/bin/python3 -W ignore:setup.py install is deprecated -W ignore:easy_install command is deprecated setup.py develop --editable --build-directory /home/user1/ros2_ws_2502/build/modelrobot_pkg_nea/build --no-deps symlink_data
[1.963s] INFO:colcon.colcon_core.shell:Creating environment descriptor '/home/user1/ros2_ws_2502/build/modelrobot_pkg_nea/share/modelrobot_pkg_nea/hook/pythonpath_develop.dsv'
[1.963s] INFO:colcon.colcon_core.shell:Creating environment hook '/home/user1/ros2_ws_2502/build/modelrobot_pkg_nea/share/modelrobot_pkg_nea/hook/pythonpath_develop.sh'
[1.964s] Level 1:colcon.colcon_core.environment:checking '/home/user1/ros2_ws_2502/install/modelrobot_pkg_nea' for CMake module files
[1.964s] Level 1:colcon.colcon_core.environment:checking '/home/user1/ros2_ws_2502/install/modelrobot_pkg_nea' for CMake config files
[1.964s] Level 1:colcon.colcon_core.environment:checking '/home/user1/ros2_ws_2502/install/modelrobot_pkg_nea/lib'
[1.965s] Level 1:colcon.colcon_core.environment:checking '/home/user1/ros2_ws_2502/install/modelrobot_pkg_nea/bin'
[1.965s] Level 1:colcon.colcon_core.environment:checking '/home/user1/ros2_ws_2502/install/modelrobot_pkg_nea/lib/pkgconfig/modelrobot_pkg_nea.pc'
[1.965s] Level 1:colcon.colcon_core.environment:checking '/home/user1/ros2_ws_2502/install/modelrobot_pkg_nea/lib/python3.10/site-packages'
[1.965s] Level 1:colcon.colcon_core.shell:create_environment_hook('modelrobot_pkg_nea', 'pythonpath')
[1.965s] INFO:colcon.colcon_core.shell:Creating environment hook '/home/user1/ros2_ws_2502/install/modelrobot_pkg_nea/share/modelrobot_pkg_nea/hook/pythonpath.ps1'
[1.966s] INFO:colcon.colcon_core.shell:Creating environment descriptor '/home/user1/ros2_ws_2502/install/modelrobot_pkg_nea/share/modelrobot_pkg_nea/hook/pythonpath.dsv'
[1.966s] INFO:colcon.colcon_core.shell:Creating environment hook '/home/user1/ros2_ws_2502/install/modelrobot_pkg_nea/share/modelrobot_pkg_nea/hook/pythonpath.sh'
[1.966s] Level 1:colcon.colcon_core.environment:checking '/home/user1/ros2_ws_2502/install/modelrobot_pkg_nea/bin'
[1.967s] Level 1:colcon.colcon_core.environment:create_environment_scripts_only(modelrobot_pkg_nea)
[1.967s] INFO:colcon.colcon_core.shell:Creating package script '/home/user1/ros2_ws_2502/install/modelrobot_pkg_nea/share/modelrobot_pkg_nea/package.ps1'
[1.967s] INFO:colcon.colcon_core.shell:Creating package descriptor '/home/user1/ros2_ws_2502/install/modelrobot_pkg_nea/share/modelrobot_pkg_nea/package.dsv'
[1.968s] INFO:colcon.colcon_core.shell:Creating package script '/home/user1/ros2_ws_2502/install/modelrobot_pkg_nea/share/modelrobot_pkg_nea/package.sh'
[1.968s] INFO:colcon.colcon_core.shell:Creating package script '/home/user1/ros2_ws_2502/install/modelrobot_pkg_nea/share/modelrobot_pkg_nea/package.bash'
[1.969s] INFO:colcon.colcon_core.shell:Creating package script '/home/user1/ros2_ws_2502/install/modelrobot_pkg_nea/share/modelrobot_pkg_nea/package.zsh'
[1.969s] Level 1:colcon.colcon_core.environment:create_file_with_runtime_dependencies(/home/user1/ros2_ws_2502/install/modelrobot_pkg_nea/share/colcon-core/packages/modelrobot_pkg_nea)
[1.970s] DEBUG:colcon.colcon_parallel_executor.executor.parallel:closing loop
[1.970s] DEBUG:colcon.colcon_parallel_executor.executor.parallel:loop closed
[1.970s] DEBUG:colcon.colcon_parallel_executor.executor.parallel:run_until_complete finished with '0'
[1.971s] DEBUG:colcon.colcon_core.event_reactor:joining thread
[2.016s] INFO:colcon.colcon_core.plugin_system:Skipping extension 'colcon_notification.desktop_notification.notify_send': Could not find 'notify-send'
[2.017s] INFO:colcon.colcon_core.plugin_system:Skipping extension 'colcon_notification.desktop_notification.terminal_notifier': Not used on non-Darwin systems
[2.017s] INFO:colcon.colcon_core.plugin_system:Skipping extension 'colcon_notification.desktop_notification.win32': Not used on non-Windows systems
[2.017s] INFO:colcon.colcon_notification.desktop_notification:Sending desktop notification using 'notify2'
[2.018s] DEBUG:colcon.colcon_notification.desktop_notification.notify2:Failed to initialize notify2: org.freedesktop.DBus.Error.ServiceUnknown: The name org.freedesktop.Notifications was not provided by any .service files
[2.018s] DEBUG:colcon.colcon_core.event_reactor:joined thread
[2.018s] INFO:colcon.colcon_core.shell:Creating prefix script '/home/user1/ros2_ws_2502/install/local_setup.ps1'
[2.020s] INFO:colcon.colcon_core.shell:Creating prefix util module '/home/user1/ros2_ws_2502/install/_local_setup_util_ps1.py'
[2.021s] INFO:colcon.colcon_core.shell:Creating prefix chain script '/home/user1/ros2_ws_2502/install/setup.ps1'
[2.022s] INFO:colcon.colcon_core.shell:Creating prefix script '/home/user1/ros2_ws_2502/install/local_setup.sh'
[2.022s] INFO:colcon.colcon_core.shell:Creating prefix util module '/home/user1/ros2_ws_2502/install/_local_setup_util_sh.py'
[2.023s] INFO:colcon.colcon_core.shell:Creating prefix chain script '/home/user1/ros2_ws_2502/install/setup.sh'
[2.023s] INFO:colcon.colcon_core.shell:Creating prefix script '/home/user1/ros2_ws_2502/install/local_setup.bash'
[2.024s] INFO:colcon.colcon_core.shell:Creating prefix chain script '/home/user1/ros2_ws_2502/install/setup.bash'
[2.025s] INFO:colcon.colcon_core.shell:Creating prefix script '/home/user1/ros2_ws_2502/install/local_setup.zsh'
[2.025s] INFO:colcon.colcon_core.shell:Creating prefix chain script '/home/user1/ros2_ws_2502/install/setup.zsh'
